[2025-11-14T02:53:26.245+0000] {local_task_job_runner.py:120} INFO - ::group::Pre task execution logs
[2025-11-14T02:53:26.307+0000] {taskinstance.py:2076} INFO - Dependencies all met for dep_context=non-requeueable deps ti=<TaskInstance: etl_donaciones_dag.procesar_gold scheduled__2025-11-14T02:50:00+00:00 [queued]>
[2025-11-14T02:53:26.323+0000] {taskinstance.py:2076} INFO - Dependencies all met for dep_context=requeueable deps ti=<TaskInstance: etl_donaciones_dag.procesar_gold scheduled__2025-11-14T02:50:00+00:00 [queued]>
[2025-11-14T02:53:26.324+0000] {taskinstance.py:2306} INFO - Starting attempt 1 of 2
[2025-11-14T02:53:26.349+0000] {taskinstance.py:2330} INFO - Executing <Task(PythonOperator): procesar_gold> on 2025-11-14 02:50:00+00:00
[2025-11-14T02:53:26.366+0000] {standard_task_runner.py:64} INFO - Started process 2243 to run task
[2025-11-14T02:53:26.371+0000] {standard_task_runner.py:90} INFO - Running: ['***', 'tasks', 'run', 'etl_donaciones_dag', 'procesar_gold', 'scheduled__2025-11-14T02:50:00+00:00', '--job-id', '122', '--raw', '--subdir', 'DAGS_FOLDER/etl_donaciones_dag.py', '--cfg-path', '/tmp/tmp28c1t3h0']
[2025-11-14T02:53:26.376+0000] {standard_task_runner.py:91} INFO - Job 122: Subtask procesar_gold
[2025-11-14T02:53:26.484+0000] {task_command.py:426} INFO - Running <TaskInstance: etl_donaciones_dag.procesar_gold scheduled__2025-11-14T02:50:00+00:00 [running]> on host 130331ed4780
[2025-11-14T02:53:26.662+0000] {taskinstance.py:2648} INFO - Exporting env vars: AIRFLOW_CTX_DAG_OWNER='german' AIRFLOW_CTX_DAG_ID='etl_donaciones_dag' AIRFLOW_CTX_TASK_ID='procesar_gold' AIRFLOW_CTX_EXECUTION_DATE='2025-11-14T02:50:00+00:00' AIRFLOW_CTX_TRY_NUMBER='1' AIRFLOW_CTX_DAG_RUN_ID='scheduled__2025-11-14T02:50:00+00:00'
[2025-11-14T02:53:26.668+0000] {taskinstance.py:430} INFO - ::endgroup::
[2025-11-14T02:53:26.690+0000] {logging_mixin.py:188} INFO - ✓ Archivo encontrado en Silver: /opt/***/scripts/../layer/silver/donantes_silver.parquet
[2025-11-14T02:53:26.783+0000] {logging_mixin.py:188} INFO - ✓ Archivo leído correctamente. Registros cargados: 24000
[2025-11-14T02:53:42.890+0000] {logging_mixin.py:188} INFO - ✓ Datos Gold guardados en: /opt/***/scripts/../layer/gold
[2025-11-14T02:53:42.898+0000] {logging_mixin.py:188} INFO - ✓ Archivo indicador creado: /opt/***/scripts/../layer/gold/donantes_gold.py
[2025-11-14T02:53:42.899+0000] {logging_mixin.py:188} INFO - ✅ Proceso Gold finalizado correctamente.
[2025-11-14T02:53:42.900+0000] {logging_mixin.py:188} INFO - 📊 Resumen de resultados guardados:
[2025-11-14T02:53:42.905+0000] {logging_mixin.py:188} INFO -    - Total meses procesados: 24
[2025-11-14T02:53:42.907+0000] {logging_mixin.py:188} INFO -    - Monto total acumulado: $2,030,709,000
[2025-11-14T02:53:42.908+0000] {logging_mixin.py:188} INFO -    - Total transacciones: 197904
[2025-11-14T02:53:42.909+0000] {logging_mixin.py:188} INFO -    - Archivos generados:
[2025-11-14T02:53:42.910+0000] {logging_mixin.py:188} INFO -      • /opt/***/scripts/../layer/gold/suma_montos_gold.parquet
[2025-11-14T02:53:42.911+0000] {logging_mixin.py:188} INFO -      • /opt/***/scripts/../layer/gold/cantidad_personas_gold.parquet
[2025-11-14T02:53:43.194+0000] {python.py:237} INFO - Done. Returned value was: None
[2025-11-14T02:53:43.195+0000] {taskinstance.py:441} INFO - ::group::Post task execution logs
[2025-11-14T02:53:43.233+0000] {taskinstance.py:1206} INFO - Marking task as SUCCESS. dag_id=etl_donaciones_dag, task_id=procesar_gold, run_id=scheduled__2025-11-14T02:50:00+00:00, execution_date=20251114T025000, start_date=20251114T025326, end_date=20251114T025343
[2025-11-14T02:53:43.479+0000] {local_task_job_runner.py:243} INFO - Task exited with return code 0
[2025-11-14T02:53:43.632+0000] {taskinstance.py:3503} INFO - 0 downstream tasks scheduled from follow-on schedule check
[2025-11-14T02:53:43.668+0000] {local_task_job_runner.py:222} INFO - ::endgroup::
