[2025-11-13T20:30:03.419+0000] {local_task_job_runner.py:120} INFO - ::group::Pre task execution logs
[2025-11-13T20:30:03.478+0000] {taskinstance.py:2076} INFO - Dependencies all met for dep_context=non-requeueable deps ti=<TaskInstance: etl_donaciones_dag.generar_datos_sinteticos scheduled__2025-11-13T20:20:00+00:00 [queued]>
[2025-11-13T20:30:03.488+0000] {taskinstance.py:2076} INFO - Dependencies all met for dep_context=requeueable deps ti=<TaskInstance: etl_donaciones_dag.generar_datos_sinteticos scheduled__2025-11-13T20:20:00+00:00 [queued]>
[2025-11-13T20:30:03.489+0000] {taskinstance.py:2306} INFO - Starting attempt 1 of 2
[2025-11-13T20:30:03.504+0000] {taskinstance.py:2330} INFO - Executing <Task(PythonOperator): generar_datos_sinteticos> on 2025-11-13 20:20:00+00:00
[2025-11-13T20:30:03.532+0000] {standard_task_runner.py:64} INFO - Started process 522 to run task
[2025-11-13T20:30:03.536+0000] {standard_task_runner.py:90} INFO - Running: ['***', 'tasks', 'run', 'etl_donaciones_dag', 'generar_datos_sinteticos', 'scheduled__2025-11-13T20:20:00+00:00', '--job-id', '18', '--raw', '--subdir', 'DAGS_FOLDER/etl_donaciones_dag.py', '--cfg-path', '/tmp/tmptto8dvkv']
[2025-11-13T20:30:03.539+0000] {standard_task_runner.py:91} INFO - Job 18: Subtask generar_datos_sinteticos
[2025-11-13T20:30:03.611+0000] {task_command.py:426} INFO - Running <TaskInstance: etl_donaciones_dag.generar_datos_sinteticos scheduled__2025-11-13T20:20:00+00:00 [running]> on host b9eedff8ec6c
[2025-11-13T20:30:03.728+0000] {taskinstance.py:2648} INFO - Exporting env vars: AIRFLOW_CTX_DAG_OWNER='german' AIRFLOW_CTX_DAG_ID='etl_donaciones_dag' AIRFLOW_CTX_TASK_ID='generar_datos_sinteticos' AIRFLOW_CTX_EXECUTION_DATE='2025-11-13T20:20:00+00:00' AIRFLOW_CTX_TRY_NUMBER='1' AIRFLOW_CTX_DAG_RUN_ID='scheduled__2025-11-13T20:20:00+00:00'
[2025-11-13T20:30:03.730+0000] {taskinstance.py:430} INFO - ::endgroup::
[2025-11-13T20:30:03.756+0000] {logging_mixin.py:188} INFO - Efectividad promedio ponderada: 78.24%
[2025-11-13T20:30:03.757+0000] {logging_mixin.py:188} INFO - 
Procesando 2024-01...
[2025-11-13T20:30:03.849+0000] {logging_mixin.py:188} INFO -   Activos al final del mes: 980
[2025-11-13T20:30:03.850+0000] {logging_mixin.py:188} INFO -   Fugados en este mes: 20
[2025-11-13T20:30:03.850+0000] {logging_mixin.py:188} INFO -   Total fugados acumulados: 20
[2025-11-13T20:30:03.850+0000] {logging_mixin.py:188} INFO - 
Procesando 2024-02...
[2025-11-13T20:30:03.940+0000] {logging_mixin.py:188} INFO -   Activos al final del mes: 1941
[2025-11-13T20:30:03.941+0000] {logging_mixin.py:188} INFO -   Fugados en este mes: 39
[2025-11-13T20:30:03.941+0000] {logging_mixin.py:188} INFO -   Total fugados acumulados: 59
[2025-11-13T20:30:03.942+0000] {logging_mixin.py:188} INFO - 
Procesando 2024-03...
[2025-11-13T20:30:04.034+0000] {logging_mixin.py:188} INFO -   Activos al final del mes: 2883
[2025-11-13T20:30:04.035+0000] {logging_mixin.py:188} INFO -   Fugados en este mes: 58
[2025-11-13T20:30:04.036+0000] {logging_mixin.py:188} INFO -   Total fugados acumulados: 117
[2025-11-13T20:30:04.036+0000] {logging_mixin.py:188} INFO - 
Procesando 2024-04...
[2025-11-13T20:30:04.138+0000] {logging_mixin.py:188} INFO -   Activos al final del mes: 3806
[2025-11-13T20:30:04.139+0000] {logging_mixin.py:188} INFO -   Fugados en este mes: 77
[2025-11-13T20:30:04.140+0000] {logging_mixin.py:188} INFO -   Total fugados acumulados: 194
[2025-11-13T20:30:04.140+0000] {logging_mixin.py:188} INFO - 
Procesando 2024-05...
[2025-11-13T20:30:04.273+0000] {logging_mixin.py:188} INFO -   Activos al final del mes: 4710
[2025-11-13T20:30:04.274+0000] {logging_mixin.py:188} INFO -   Fugados en este mes: 96
[2025-11-13T20:30:04.274+0000] {logging_mixin.py:188} INFO -   Total fugados acumulados: 290
[2025-11-13T20:30:04.275+0000] {logging_mixin.py:188} INFO - 
Procesando 2024-06...
[2025-11-13T20:30:04.448+0000] {logging_mixin.py:188} INFO -   Activos al final del mes: 5596
[2025-11-13T20:30:04.450+0000] {logging_mixin.py:188} INFO -   Fugados en este mes: 114
[2025-11-13T20:30:04.451+0000] {logging_mixin.py:188} INFO -   Total fugados acumulados: 404
[2025-11-13T20:30:04.451+0000] {logging_mixin.py:188} INFO - 
Procesando 2024-07...
[2025-11-13T20:30:04.627+0000] {logging_mixin.py:188} INFO -   Activos al final del mes: 6465
[2025-11-13T20:30:04.627+0000] {logging_mixin.py:188} INFO -   Fugados en este mes: 131
[2025-11-13T20:30:04.628+0000] {logging_mixin.py:188} INFO -   Total fugados acumulados: 535
[2025-11-13T20:30:04.629+0000] {logging_mixin.py:188} INFO - 
Procesando 2024-08...
[2025-11-13T20:30:04.823+0000] {logging_mixin.py:188} INFO -   Activos al final del mes: 7316
[2025-11-13T20:30:04.823+0000] {logging_mixin.py:188} INFO -   Fugados en este mes: 149
[2025-11-13T20:30:04.824+0000] {logging_mixin.py:188} INFO -   Total fugados acumulados: 684
[2025-11-13T20:30:04.824+0000] {logging_mixin.py:188} INFO - 
Procesando 2024-09...
[2025-11-13T20:30:05.022+0000] {logging_mixin.py:188} INFO -   Activos al final del mes: 8150
[2025-11-13T20:30:05.023+0000] {logging_mixin.py:188} INFO -   Fugados en este mes: 166
[2025-11-13T20:30:05.024+0000] {logging_mixin.py:188} INFO -   Total fugados acumulados: 850
[2025-11-13T20:30:05.024+0000] {logging_mixin.py:188} INFO - 
Procesando 2024-10...
[2025-11-13T20:30:05.205+0000] {logging_mixin.py:188} INFO -   Activos al final del mes: 8967
[2025-11-13T20:30:05.206+0000] {logging_mixin.py:188} INFO -   Fugados en este mes: 183
[2025-11-13T20:30:05.207+0000] {logging_mixin.py:188} INFO -   Total fugados acumulados: 1033
[2025-11-13T20:30:05.208+0000] {logging_mixin.py:188} INFO - 
Procesando 2024-11...
[2025-11-13T20:30:05.486+0000] {logging_mixin.py:188} INFO -   Activos al final del mes: 9768
[2025-11-13T20:30:05.486+0000] {logging_mixin.py:188} INFO -   Fugados en este mes: 199
[2025-11-13T20:30:05.487+0000] {logging_mixin.py:188} INFO -   Total fugados acumulados: 1232
[2025-11-13T20:30:05.488+0000] {logging_mixin.py:188} INFO - 
Procesando 2024-12...
[2025-11-13T20:30:05.719+0000] {logging_mixin.py:188} INFO -   Activos al final del mes: 10553
[2025-11-13T20:30:05.720+0000] {logging_mixin.py:188} INFO -   Fugados en este mes: 215
[2025-11-13T20:30:05.721+0000] {logging_mixin.py:188} INFO -   Total fugados acumulados: 1447
[2025-11-13T20:30:05.721+0000] {logging_mixin.py:188} INFO - 
Procesando 2025-01...
[2025-11-13T20:30:05.976+0000] {logging_mixin.py:188} INFO -   Activos al final del mes: 11322
[2025-11-13T20:30:05.977+0000] {logging_mixin.py:188} INFO -   Fugados en este mes: 231
[2025-11-13T20:30:05.978+0000] {logging_mixin.py:188} INFO -   Total fugados acumulados: 1678
[2025-11-13T20:30:05.979+0000] {logging_mixin.py:188} INFO - 
Procesando 2025-02...
[2025-11-13T20:30:06.271+0000] {logging_mixin.py:188} INFO -   Activos al final del mes: 12076
[2025-11-13T20:30:06.272+0000] {logging_mixin.py:188} INFO -   Fugados en este mes: 246
[2025-11-13T20:30:06.273+0000] {logging_mixin.py:188} INFO -   Total fugados acumulados: 1924
[2025-11-13T20:30:06.273+0000] {logging_mixin.py:188} INFO - 
Procesando 2025-03...
[2025-11-13T20:30:06.813+0000] {logging_mixin.py:188} INFO -   Activos al final del mes: 12815
[2025-11-13T20:30:06.814+0000] {logging_mixin.py:188} INFO -   Fugados en este mes: 261
[2025-11-13T20:30:06.814+0000] {logging_mixin.py:188} INFO -   Total fugados acumulados: 2185
[2025-11-13T20:30:06.815+0000] {logging_mixin.py:188} INFO - 
Procesando 2025-04...
[2025-11-13T20:30:07.149+0000] {logging_mixin.py:188} INFO -   Activos al final del mes: 13539
[2025-11-13T20:30:07.150+0000] {logging_mixin.py:188} INFO -   Fugados en este mes: 276
[2025-11-13T20:30:07.150+0000] {logging_mixin.py:188} INFO -   Total fugados acumulados: 2461
[2025-11-13T20:30:07.151+0000] {logging_mixin.py:188} INFO - 
Procesando 2025-05...
[2025-11-13T20:30:07.474+0000] {logging_mixin.py:188} INFO -   Activos al final del mes: 14249
[2025-11-13T20:30:07.475+0000] {logging_mixin.py:188} INFO -   Fugados en este mes: 290
[2025-11-13T20:30:07.476+0000] {logging_mixin.py:188} INFO -   Total fugados acumulados: 2751
[2025-11-13T20:30:07.476+0000] {logging_mixin.py:188} INFO - 
Procesando 2025-06...
[2025-11-13T20:30:07.822+0000] {logging_mixin.py:188} INFO -   Activos al final del mes: 14945
[2025-11-13T20:30:07.823+0000] {logging_mixin.py:188} INFO -   Fugados en este mes: 304
[2025-11-13T20:30:07.824+0000] {logging_mixin.py:188} INFO -   Total fugados acumulados: 3055
[2025-11-13T20:30:08.955+0000] {logging_mixin.py:188} INFO - 
======================================================================
[2025-11-13T20:30:08.956+0000] {logging_mixin.py:188} INFO - RESUMEN DE DATOS GENERADOS
[2025-11-13T20:30:08.957+0000] {logging_mixin.py:188} INFO - ======================================================================
[2025-11-13T20:30:08.958+0000] {logging_mixin.py:188} INFO - Total de registros: 153,136
[2025-11-13T20:30:08.987+0000] {logging_mixin.py:188} INFO - Socios únicos totales: 18,000
[2025-11-13T20:30:08.987+0000] {logging_mixin.py:188} INFO - Socios activos al final: 14,945
[2025-11-13T20:30:08.988+0000] {logging_mixin.py:188} INFO - Socios fugados totales: 3,055
[2025-11-13T20:30:08.989+0000] {logging_mixin.py:188} INFO - 
Distribución por Método de Pago:
[2025-11-13T20:30:09.006+0000] {logging_mixin.py:188} INFO - Cuenta Rut          10794
Cuenta Vista         3228
Cuenta Corriente     2129
Tarjeta Crédito      1849
Name: count, dtype: int64
[2025-11-13T20:30:09.006+0000] {logging_mixin.py:188} INFO - 
Porcentajes:
[2025-11-13T20:30:09.011+0000] {logging_mixin.py:188} INFO - Cuenta Rut          59.97
Cuenta Vista        17.93
Cuenta Corriente    11.83
Tarjeta Crédito     10.27
Name: count, dtype: float64
[2025-11-13T20:30:09.012+0000] {logging_mixin.py:188} INFO - 
Distribución por Estrategia:
[2025-11-13T20:30:09.024+0000] {logging_mixin.py:188} INFO - Face to Face     14474
Telemarketing     3526
Name: count, dtype: int64
[2025-11-13T20:30:09.025+0000] {logging_mixin.py:188} INFO - 
Porcentajes:
[2025-11-13T20:30:09.026+0000] {logging_mixin.py:188} INFO - Face to Face     80.41
Telemarketing    19.59
Name: count, dtype: float64
[2025-11-13T20:30:09.049+0000] {logging_mixin.py:188} INFO - 
Análisis de Fugados:
[2025-11-13T20:30:09.050+0000] {logging_mixin.py:188} INFO - Fugados que NUNCA donaron: 3055 (100.0%)
[2025-11-13T20:30:09.051+0000] {logging_mixin.py:188} INFO - Fugados que SÍ donaron: 0 (0.0%)
[2025-11-13T20:30:09.052+0000] {logging_mixin.py:188} INFO - 
======================================================================
[2025-11-13T20:30:09.052+0000] {logging_mixin.py:188} INFO - RESUMEN POR MES
[2025-11-13T20:30:09.053+0000] {logging_mixin.py:188} INFO - ======================================================================
[2025-11-13T20:30:09.271+0000] {logging_mixin.py:188} INFO -                   Total_Donaciones  ...  Tasa_Exito_%
Año_Mes_Donacion                    ...              
2024-01                  6700000.0  ...         77.10
2024-02                 13180000.0  ...         76.57
2024-03                 18992000.0  ...         75.01
2024-04                 25635000.0  ...         77.08
2024-05                 31155000.0  ...         76.07
2024-06                 36889000.0  ...         75.95
2024-07                 43490000.0  ...         77.30
2024-08                 48802000.0  ...         76.69
2024-09                 54765000.0  ...         77.14
2024-10                 59509000.0  ...         75.63
2024-11                 65336000.0  ...         76.54
2024-12                 70369000.0  ...         76.45
2025-01                 75176000.0  ...         76.24
2025-02                 80823000.0  ...         76.68
2025-03                 85539000.0  ...         76.76
2025-04                 90935000.0  ...         76.99
2025-05                 95329000.0  ...         76.92
2025-06                 99363000.0  ...         76.44

[18 rows x 6 columns]
[2025-11-13T20:30:09.273+0000] {logging_mixin.py:188} INFO - 
======================================================================
[2025-11-13T20:30:09.273+0000] {logging_mixin.py:188} INFO - VERIFICACIÓN: ENERO 2024
[2025-11-13T20:30:09.274+0000] {logging_mixin.py:188} INFO - ======================================================================
[2025-11-13T20:30:09.298+0000] {logging_mixin.py:188} INFO - Donantes únicos: 1000
[2025-11-13T20:30:09.299+0000] {logging_mixin.py:188} INFO - Donaciones exitosas: 771
[2025-11-13T20:30:09.300+0000] {logging_mixin.py:188} INFO - Cobros fallidos: 225
[2025-11-13T20:30:09.301+0000] {logging_mixin.py:188} INFO - Fugados sin donación (monto=NaN): 4
[2025-11-13T20:30:09.302+0000] {logging_mixin.py:188} INFO - Tasa de éxito: 77.10%
[2025-11-13T20:30:11.850+0000] {logging_mixin.py:188} INFO - 
Archivo guardado correctamente en: /opt/***/scripts/../layer/raw/datos_donantes_sinteticos.csv
[2025-11-13T20:30:11.939+0000] {python.py:237} INFO - Done. Returned value was: /opt/***/scripts/../layer/raw/datos_donantes_sinteticos.csv
[2025-11-13T20:30:11.940+0000] {taskinstance.py:441} INFO - ::group::Post task execution logs
[2025-11-13T20:30:11.980+0000] {taskinstance.py:1206} INFO - Marking task as SUCCESS. dag_id=etl_donaciones_dag, task_id=generar_datos_sinteticos, run_id=scheduled__2025-11-13T20:20:00+00:00, execution_date=20251113T202000, start_date=20251113T203003, end_date=20251113T203011
[2025-11-13T20:30:12.016+0000] {local_task_job_runner.py:243} INFO - Task exited with return code 0
[2025-11-13T20:30:12.054+0000] {taskinstance.py:3503} INFO - 1 downstream tasks scheduled from follow-on schedule check
[2025-11-13T20:30:12.057+0000] {local_task_job_runner.py:222} INFO - ::endgroup::
