[2025-11-14T03:38:02.857+0000] {local_task_job_runner.py:120} INFO - ::group::Pre task execution logs
[2025-11-14T03:38:02.912+0000] {taskinstance.py:2076} INFO - Dependencies all met for dep_context=non-requeueable deps ti=<TaskInstance: etl_donaciones_dag.generar_datos_sinteticos scheduled__2025-11-14T03:35:00+00:00 [queued]>
[2025-11-14T03:38:02.923+0000] {taskinstance.py:2076} INFO - Dependencies all met for dep_context=requeueable deps ti=<TaskInstance: etl_donaciones_dag.generar_datos_sinteticos scheduled__2025-11-14T03:35:00+00:00 [queued]>
[2025-11-14T03:38:02.924+0000] {taskinstance.py:2306} INFO - Starting attempt 1 of 2
[2025-11-14T03:38:02.944+0000] {taskinstance.py:2330} INFO - Executing <Task(PythonOperator): generar_datos_sinteticos> on 2025-11-14 03:35:00+00:00
[2025-11-14T03:38:02.967+0000] {standard_task_runner.py:64} INFO - Started process 4037 to run task
[2025-11-14T03:38:02.973+0000] {standard_task_runner.py:90} INFO - Running: ['***', 'tasks', 'run', 'etl_donaciones_dag', 'generar_datos_sinteticos', 'scheduled__2025-11-14T03:35:00+00:00', '--job-id', '179', '--raw', '--subdir', 'DAGS_FOLDER/etl_donaciones_dag.py', '--cfg-path', '/tmp/tmpy0vcox1d']
[2025-11-14T03:38:02.985+0000] {standard_task_runner.py:91} INFO - Job 179: Subtask generar_datos_sinteticos
[2025-11-14T03:38:03.104+0000] {task_command.py:426} INFO - Running <TaskInstance: etl_donaciones_dag.generar_datos_sinteticos scheduled__2025-11-14T03:35:00+00:00 [running]> on host 130331ed4780
[2025-11-14T03:38:03.251+0000] {taskinstance.py:2648} INFO - Exporting env vars: AIRFLOW_CTX_DAG_OWNER='german' AIRFLOW_CTX_DAG_ID='etl_donaciones_dag' AIRFLOW_CTX_TASK_ID='generar_datos_sinteticos' AIRFLOW_CTX_EXECUTION_DATE='2025-11-14T03:35:00+00:00' AIRFLOW_CTX_TRY_NUMBER='1' AIRFLOW_CTX_DAG_RUN_ID='scheduled__2025-11-14T03:35:00+00:00'
[2025-11-14T03:38:03.254+0000] {taskinstance.py:430} INFO - ::endgroup::
[2025-11-14T03:38:03.329+0000] {logging_mixin.py:188} INFO - Efectividad promedio ponderada: 78.24%
[2025-11-14T03:38:03.330+0000] {logging_mixin.py:188} INFO - 
Procesando 2023-06...
[2025-11-14T03:38:03.535+0000] {logging_mixin.py:188} INFO -   Activos al final del mes: 980
[2025-11-14T03:38:03.536+0000] {logging_mixin.py:188} INFO -   Fugados en este mes: 20
[2025-11-14T03:38:03.537+0000] {logging_mixin.py:188} INFO -   Total fugados acumulados: 20
[2025-11-14T03:38:03.538+0000] {logging_mixin.py:188} INFO - 
Procesando 2023-07...
[2025-11-14T03:38:03.636+0000] {logging_mixin.py:188} INFO -   Activos al final del mes: 1941
[2025-11-14T03:38:03.637+0000] {logging_mixin.py:188} INFO -   Fugados en este mes: 39
[2025-11-14T03:38:03.638+0000] {logging_mixin.py:188} INFO -   Total fugados acumulados: 59
[2025-11-14T03:38:03.638+0000] {logging_mixin.py:188} INFO - 
Procesando 2023-08...
[2025-11-14T03:38:03.786+0000] {logging_mixin.py:188} INFO -   Activos al final del mes: 2883
[2025-11-14T03:38:03.787+0000] {logging_mixin.py:188} INFO -   Fugados en este mes: 58
[2025-11-14T03:38:03.788+0000] {logging_mixin.py:188} INFO -   Total fugados acumulados: 117
[2025-11-14T03:38:03.788+0000] {logging_mixin.py:188} INFO - 
Procesando 2023-09...
[2025-11-14T03:38:03.901+0000] {logging_mixin.py:188} INFO -   Activos al final del mes: 3806
[2025-11-14T03:38:03.902+0000] {logging_mixin.py:188} INFO -   Fugados en este mes: 77
[2025-11-14T03:38:03.903+0000] {logging_mixin.py:188} INFO -   Total fugados acumulados: 194
[2025-11-14T03:38:03.904+0000] {logging_mixin.py:188} INFO - 
Procesando 2023-10...
[2025-11-14T03:38:04.043+0000] {logging_mixin.py:188} INFO -   Activos al final del mes: 4710
[2025-11-14T03:38:04.044+0000] {logging_mixin.py:188} INFO -   Fugados en este mes: 96
[2025-11-14T03:38:04.044+0000] {logging_mixin.py:188} INFO -   Total fugados acumulados: 290
[2025-11-14T03:38:04.045+0000] {logging_mixin.py:188} INFO - 
Procesando 2023-11...
[2025-11-14T03:38:04.199+0000] {logging_mixin.py:188} INFO -   Activos al final del mes: 5596
[2025-11-14T03:38:04.200+0000] {logging_mixin.py:188} INFO -   Fugados en este mes: 114
[2025-11-14T03:38:04.201+0000] {logging_mixin.py:188} INFO -   Total fugados acumulados: 404
[2025-11-14T03:38:04.201+0000] {logging_mixin.py:188} INFO - 
Procesando 2023-12...
[2025-11-14T03:38:04.354+0000] {logging_mixin.py:188} INFO -   Activos al final del mes: 6465
[2025-11-14T03:38:04.355+0000] {logging_mixin.py:188} INFO -   Fugados en este mes: 131
[2025-11-14T03:38:04.355+0000] {logging_mixin.py:188} INFO -   Total fugados acumulados: 535
[2025-11-14T03:38:04.356+0000] {logging_mixin.py:188} INFO - 
Procesando 2024-01...
[2025-11-14T03:38:04.492+0000] {logging_mixin.py:188} INFO -   Activos al final del mes: 7316
[2025-11-14T03:38:04.493+0000] {logging_mixin.py:188} INFO -   Fugados en este mes: 149
[2025-11-14T03:38:04.493+0000] {logging_mixin.py:188} INFO -   Total fugados acumulados: 684
[2025-11-14T03:38:04.494+0000] {logging_mixin.py:188} INFO - 
Procesando 2024-02...
[2025-11-14T03:38:04.643+0000] {logging_mixin.py:188} INFO -   Activos al final del mes: 8150
[2025-11-14T03:38:04.644+0000] {logging_mixin.py:188} INFO -   Fugados en este mes: 166
[2025-11-14T03:38:04.644+0000] {logging_mixin.py:188} INFO -   Total fugados acumulados: 850
[2025-11-14T03:38:04.645+0000] {logging_mixin.py:188} INFO - 
Procesando 2024-03...
[2025-11-14T03:38:04.796+0000] {logging_mixin.py:188} INFO -   Activos al final del mes: 8967
[2025-11-14T03:38:04.797+0000] {logging_mixin.py:188} INFO -   Fugados en este mes: 183
[2025-11-14T03:38:04.798+0000] {logging_mixin.py:188} INFO -   Total fugados acumulados: 1033
[2025-11-14T03:38:04.798+0000] {logging_mixin.py:188} INFO - 
Procesando 2024-04...
[2025-11-14T03:38:05.000+0000] {logging_mixin.py:188} INFO -   Activos al final del mes: 9768
[2025-11-14T03:38:05.002+0000] {logging_mixin.py:188} INFO -   Fugados en este mes: 199
[2025-11-14T03:38:05.004+0000] {logging_mixin.py:188} INFO -   Total fugados acumulados: 1232
[2025-11-14T03:38:05.005+0000] {logging_mixin.py:188} INFO - 
Procesando 2024-05...
[2025-11-14T03:38:05.224+0000] {logging_mixin.py:188} INFO -   Activos al final del mes: 10553
[2025-11-14T03:38:05.225+0000] {logging_mixin.py:188} INFO -   Fugados en este mes: 215
[2025-11-14T03:38:05.226+0000] {logging_mixin.py:188} INFO -   Total fugados acumulados: 1447
[2025-11-14T03:38:05.226+0000] {logging_mixin.py:188} INFO - 
Procesando 2024-06...
[2025-11-14T03:38:05.424+0000] {logging_mixin.py:188} INFO -   Activos al final del mes: 11322
[2025-11-14T03:38:05.424+0000] {logging_mixin.py:188} INFO -   Fugados en este mes: 231
[2025-11-14T03:38:05.425+0000] {logging_mixin.py:188} INFO -   Total fugados acumulados: 1678
[2025-11-14T03:38:05.425+0000] {logging_mixin.py:188} INFO - 
Procesando 2024-07...
[2025-11-14T03:38:05.667+0000] {logging_mixin.py:188} INFO -   Activos al final del mes: 12076
[2025-11-14T03:38:05.667+0000] {logging_mixin.py:188} INFO -   Fugados en este mes: 246
[2025-11-14T03:38:05.668+0000] {logging_mixin.py:188} INFO -   Total fugados acumulados: 1924
[2025-11-14T03:38:05.669+0000] {logging_mixin.py:188} INFO - 
Procesando 2024-08...
[2025-11-14T03:38:05.900+0000] {logging_mixin.py:188} INFO -   Activos al final del mes: 12815
[2025-11-14T03:38:05.901+0000] {logging_mixin.py:188} INFO -   Fugados en este mes: 261
[2025-11-14T03:38:05.902+0000] {logging_mixin.py:188} INFO -   Total fugados acumulados: 2185
[2025-11-14T03:38:05.902+0000] {logging_mixin.py:188} INFO - 
Procesando 2024-09...
[2025-11-14T03:38:06.164+0000] {logging_mixin.py:188} INFO -   Activos al final del mes: 13539
[2025-11-14T03:38:06.165+0000] {logging_mixin.py:188} INFO -   Fugados en este mes: 276
[2025-11-14T03:38:06.165+0000] {logging_mixin.py:188} INFO -   Total fugados acumulados: 2461
[2025-11-14T03:38:06.166+0000] {logging_mixin.py:188} INFO - 
Procesando 2024-10...
[2025-11-14T03:38:06.428+0000] {logging_mixin.py:188} INFO -   Activos al final del mes: 14249
[2025-11-14T03:38:06.429+0000] {logging_mixin.py:188} INFO -   Fugados en este mes: 290
[2025-11-14T03:38:06.430+0000] {logging_mixin.py:188} INFO -   Total fugados acumulados: 2751
[2025-11-14T03:38:06.430+0000] {logging_mixin.py:188} INFO - 
Procesando 2024-11...
[2025-11-14T03:38:06.697+0000] {logging_mixin.py:188} INFO -   Activos al final del mes: 14945
[2025-11-14T03:38:06.698+0000] {logging_mixin.py:188} INFO -   Fugados en este mes: 304
[2025-11-14T03:38:06.698+0000] {logging_mixin.py:188} INFO -   Total fugados acumulados: 3055
[2025-11-14T03:38:06.699+0000] {logging_mixin.py:188} INFO - 
Procesando 2024-12...
[2025-11-14T03:38:06.965+0000] {logging_mixin.py:188} INFO -   Activos al final del mes: 15627
[2025-11-14T03:38:06.966+0000] {logging_mixin.py:188} INFO -   Fugados en este mes: 318
[2025-11-14T03:38:06.967+0000] {logging_mixin.py:188} INFO -   Total fugados acumulados: 3373
[2025-11-14T03:38:06.967+0000] {logging_mixin.py:188} INFO - 
Procesando 2025-01...
[2025-11-14T03:38:07.240+0000] {logging_mixin.py:188} INFO -   Activos al final del mes: 16295
[2025-11-14T03:38:07.241+0000] {logging_mixin.py:188} INFO -   Fugados en este mes: 332
[2025-11-14T03:38:07.242+0000] {logging_mixin.py:188} INFO -   Total fugados acumulados: 3705
[2025-11-14T03:38:07.243+0000] {logging_mixin.py:188} INFO - 
Procesando 2025-02...
[2025-11-14T03:38:07.812+0000] {logging_mixin.py:188} INFO -   Activos al final del mes: 16950
[2025-11-14T03:38:07.813+0000] {logging_mixin.py:188} INFO -   Fugados en este mes: 345
[2025-11-14T03:38:07.814+0000] {logging_mixin.py:188} INFO -   Total fugados acumulados: 4050
[2025-11-14T03:38:07.814+0000] {logging_mixin.py:188} INFO - 
Procesando 2025-03...
[2025-11-14T03:38:08.175+0000] {logging_mixin.py:188} INFO -   Activos al final del mes: 17591
[2025-11-14T03:38:08.176+0000] {logging_mixin.py:188} INFO -   Fugados en este mes: 359
[2025-11-14T03:38:08.177+0000] {logging_mixin.py:188} INFO -   Total fugados acumulados: 4409
[2025-11-14T03:38:08.177+0000] {logging_mixin.py:188} INFO - 
Procesando 2025-04...
[2025-11-14T03:38:08.525+0000] {logging_mixin.py:188} INFO -   Activos al final del mes: 18220
[2025-11-14T03:38:08.526+0000] {logging_mixin.py:188} INFO -   Fugados en este mes: 371
[2025-11-14T03:38:08.526+0000] {logging_mixin.py:188} INFO -   Total fugados acumulados: 4780
[2025-11-14T03:38:08.527+0000] {logging_mixin.py:188} INFO - 
Procesando 2025-05...
[2025-11-14T03:38:08.828+0000] {logging_mixin.py:188} INFO -   Activos al final del mes: 18836
[2025-11-14T03:38:08.829+0000] {logging_mixin.py:188} INFO -   Fugados en este mes: 384
[2025-11-14T03:38:08.830+0000] {logging_mixin.py:188} INFO -   Total fugados acumulados: 5164
[2025-11-14T03:38:10.414+0000] {logging_mixin.py:188} INFO - 
======================================================================
[2025-11-14T03:38:10.416+0000] {logging_mixin.py:188} INFO - RESUMEN DE DATOS GENERADOS
[2025-11-14T03:38:10.417+0000] {logging_mixin.py:188} INFO - ======================================================================
[2025-11-14T03:38:10.417+0000] {logging_mixin.py:188} INFO - Total de registros: 258,764
[2025-11-14T03:38:10.434+0000] {logging_mixin.py:188} INFO - Socios únicos totales: 24,000
[2025-11-14T03:38:10.435+0000] {logging_mixin.py:188} INFO - Socios activos al final: 18,836
[2025-11-14T03:38:10.435+0000] {logging_mixin.py:188} INFO - Socios fugados totales: 5,164
[2025-11-14T03:38:10.436+0000] {logging_mixin.py:188} INFO - 
Distribución por Método de Pago:
[2025-11-14T03:38:10.445+0000] {logging_mixin.py:188} INFO - Cuenta Rut          14496
Cuenta Vista         4273
Cuenta Corriente     2891
Tarjeta Crédito      2340
Name: count, dtype: int64
[2025-11-14T03:38:10.446+0000] {logging_mixin.py:188} INFO - 
Porcentajes:
[2025-11-14T03:38:10.448+0000] {logging_mixin.py:188} INFO - Cuenta Rut          60.40
Cuenta Vista        17.80
Cuenta Corriente    12.05
Tarjeta Crédito      9.75
Name: count, dtype: float64
[2025-11-14T03:38:10.449+0000] {logging_mixin.py:188} INFO - 
Distribución por Estrategia:
[2025-11-14T03:38:10.457+0000] {logging_mixin.py:188} INFO - Face to Face     19193
Telemarketing     4807
Name: count, dtype: int64
[2025-11-14T03:38:10.458+0000] {logging_mixin.py:188} INFO - 
Porcentajes:
[2025-11-14T03:38:10.459+0000] {logging_mixin.py:188} INFO - Face to Face     79.97
Telemarketing    20.03
Name: count, dtype: float64
[2025-11-14T03:38:10.489+0000] {logging_mixin.py:188} INFO - 
Análisis de Fugados:
[2025-11-14T03:38:10.490+0000] {logging_mixin.py:188} INFO - Fugados que NUNCA donaron: 5164 (100.0%)
[2025-11-14T03:38:10.490+0000] {logging_mixin.py:188} INFO - Fugados que SÍ donaron: 0 (0.0%)
[2025-11-14T03:38:10.491+0000] {logging_mixin.py:188} INFO - 
======================================================================
[2025-11-14T03:38:10.491+0000] {logging_mixin.py:188} INFO - RESUMEN POR MES
[2025-11-14T03:38:10.492+0000] {logging_mixin.py:188} INFO - ======================================================================
[2025-11-14T03:38:10.665+0000] {logging_mixin.py:188} INFO -                   Total_Donaciones  ...  Tasa_Exito_%
Año_Mes_Donacion                    ...              
2023-06                  8113000.0  ...         77.40
2023-07                 15877000.0  ...         77.07
2023-08                 22843000.0  ...         75.79
2023-09                 30346000.0  ...         76.20
2023-10                 37297000.0  ...         75.36
2023-11                 44653000.0  ...         75.90
2023-12                 51488000.0  ...         76.59
2024-01                 58333000.0  ...         76.54
2024-02                 65224000.0  ...         76.97
2024-03                 70689000.0  ...         75.65
2024-04                 77982000.0  ...         76.45
2024-05                 84587000.0  ...         76.58
2024-06                 90410000.0  ...         76.40
2024-07                 96728000.0  ...         76.50
2024-08                102915000.0  ...         76.57
2024-09                108714000.0  ...         76.58
2024-10                115140000.0  ...         77.05
2024-11                119082000.0  ...         76.01
2024-12                124919000.0  ...         76.32
2025-01                131176000.0  ...         76.75
2025-02                135912000.0  ...         76.50
2025-03                141598000.0  ...         76.95
2025-04                145729000.0  ...         76.39
2025-05                150954000.0  ...         76.44

[24 rows x 6 columns]
[2025-11-14T03:38:10.666+0000] {logging_mixin.py:188} INFO - 
======================================================================
[2025-11-14T03:38:10.667+0000] {logging_mixin.py:188} INFO - VERIFICACIÓN: ENERO 2024
[2025-11-14T03:38:10.667+0000] {logging_mixin.py:188} INFO - ======================================================================
[2025-11-14T03:38:10.701+0000] {logging_mixin.py:188} INFO - Donantes únicos: 7465
[2025-11-14T03:38:10.703+0000] {logging_mixin.py:188} INFO - Donaciones exitosas: 5714
[2025-11-14T03:38:10.703+0000] {logging_mixin.py:188} INFO - Cobros fallidos: 1740
[2025-11-14T03:38:10.704+0000] {logging_mixin.py:188} INFO - Fugados sin donación (monto=NaN): 11
[2025-11-14T03:38:10.705+0000] {logging_mixin.py:188} INFO - Tasa de éxito: 76.54%
[2025-11-14T03:38:13.439+0000] {logging_mixin.py:188} INFO - 
Archivo guardado correctamente en: /opt/***/scripts/../layer/raw/datos_donantes_sinteticos.csv
[2025-11-14T03:38:13.530+0000] {python.py:237} INFO - Done. Returned value was: /opt/***/scripts/../layer/raw/datos_donantes_sinteticos.csv
[2025-11-14T03:38:13.532+0000] {taskinstance.py:441} INFO - ::group::Post task execution logs
[2025-11-14T03:38:13.572+0000] {taskinstance.py:1206} INFO - Marking task as SUCCESS. dag_id=etl_donaciones_dag, task_id=generar_datos_sinteticos, run_id=scheduled__2025-11-14T03:35:00+00:00, execution_date=20251114T033500, start_date=20251114T033802, end_date=20251114T033813
[2025-11-14T03:38:13.624+0000] {local_task_job_runner.py:243} INFO - Task exited with return code 0
[2025-11-14T03:38:13.680+0000] {taskinstance.py:3503} INFO - 1 downstream tasks scheduled from follow-on schedule check
[2025-11-14T03:38:13.684+0000] {local_task_job_runner.py:222} INFO - ::endgroup::
