[2025-11-14T02:01:53.012+0000] {local_task_job_runner.py:120} INFO - ::group::Pre task execution logs
[2025-11-14T02:01:53.092+0000] {taskinstance.py:2076} INFO - Dependencies all met for dep_context=non-requeueable deps ti=<TaskInstance: etl_donaciones_dag.procesar_bronze scheduled__2025-11-14T01:50:00+00:00 [queued]>
[2025-11-14T02:01:53.114+0000] {taskinstance.py:2076} INFO - Dependencies all met for dep_context=requeueable deps ti=<TaskInstance: etl_donaciones_dag.procesar_bronze scheduled__2025-11-14T01:50:00+00:00 [queued]>
[2025-11-14T02:01:53.116+0000] {taskinstance.py:2306} INFO - Starting attempt 1 of 2
[2025-11-14T02:01:53.148+0000] {taskinstance.py:2330} INFO - Executing <Task(PythonOperator): procesar_bronze> on 2025-11-14 01:50:00+00:00
[2025-11-14T02:01:53.176+0000] {standard_task_runner.py:64} INFO - Started process 193 to run task
[2025-11-14T02:01:53.183+0000] {standard_task_runner.py:90} INFO - Running: ['***', 'tasks', 'run', 'etl_donaciones_dag', 'procesar_bronze', 'scheduled__2025-11-14T01:50:00+00:00', '--job-id', '56', '--raw', '--subdir', 'DAGS_FOLDER/etl_donaciones_dag.py', '--cfg-path', '/tmp/tmp8ibcbgau']
[2025-11-14T02:01:53.203+0000] {standard_task_runner.py:91} INFO - Job 56: Subtask procesar_bronze
[2025-11-14T02:01:53.428+0000] {task_command.py:426} INFO - Running <TaskInstance: etl_donaciones_dag.procesar_bronze scheduled__2025-11-14T01:50:00+00:00 [running]> on host 130331ed4780
[2025-11-14T02:01:53.738+0000] {taskinstance.py:2648} INFO - Exporting env vars: AIRFLOW_CTX_DAG_OWNER='german' AIRFLOW_CTX_DAG_ID='etl_donaciones_dag' AIRFLOW_CTX_TASK_ID='procesar_bronze' AIRFLOW_CTX_EXECUTION_DATE='2025-11-14T01:50:00+00:00' AIRFLOW_CTX_TRY_NUMBER='1' AIRFLOW_CTX_DAG_RUN_ID='scheduled__2025-11-14T01:50:00+00:00'
[2025-11-14T02:01:53.742+0000] {taskinstance.py:430} INFO - ::endgroup::
[2025-11-14T02:01:53.793+0000] {logging_mixin.py:188} INFO - ✓ Archivo encontrado en: /opt/***/layer/raw/datos_donantes_sinteticos.csv
[2025-11-14T02:01:55.343+0000] {logging_mixin.py:188} INFO - ✓ Archivo leído correctamente. Registros cargados: 258764
[2025-11-14T02:01:56.369+0000] {logging_mixin.py:188} INFO - ✓ Datos guardados en formato Parquet en: /opt/***/layer/bronze/donantes_bronze.parquet
[2025-11-14T02:01:56.428+0000] {logging_mixin.py:188} INFO - ✓ Archivo indicador creado: /opt/***/layer/bronze/donantes_bronze.py
[2025-11-14T02:01:56.432+0000] {logging_mixin.py:188} INFO - --- PROCESO BRONZE FINALIZADO ---
[2025-11-14T02:01:56.435+0000] {logging_mixin.py:188} INFO - Registros cargados: 258764
[2025-11-14T02:01:56.437+0000] {logging_mixin.py:188} INFO - Columnas: ['Id_donante', 'Método_Pago', 'Estrategia', 'Fecha_Creacion', 'Fecha_Pago', 'Monto_Donacion', 'Status_Socio', 'Fecha_Fuga', 'Año_Mes_Creacion', 'Año_Mes_Donacion', 'Año_Mes_Fuga']
[2025-11-14T02:01:56.440+0000] {python.py:237} INFO - Done. Returned value was:        Id_donante   Método_Pago  ... Año_Mes_Donacion Año_Mes_Fuga
0         D000006  Cuenta Vista  ...          2023-06          NaT
1         D000034  Cuenta Vista  ...          2023-06          NaT
2         D000061  Cuenta Vista  ...          2023-06          NaT
3         D000084    Cuenta Rut  ...          2023-06          NaT
4         D000089    Cuenta Rut  ...          2023-06      2023-06
...           ...           ...  ...              ...          ...
258759    D023833  Cuenta Vista  ...          2025-05          NaT
258760    D023930    Cuenta Rut  ...          2025-05          NaT
258761    D023940    Cuenta Rut  ...          2025-05          NaT
258762    D023941    Cuenta Rut  ...          2025-05          NaT
258763    D023975    Cuenta Rut  ...          2025-05          NaT

[258764 rows x 11 columns]
[2025-11-14T02:01:56.537+0000] {taskinstance.py:441} INFO - ::group::Post task execution logs
[2025-11-14T02:02:00.152+0000] {taskinstance.py:1206} INFO - Marking task as SUCCESS. dag_id=etl_donaciones_dag, task_id=procesar_bronze, run_id=scheduled__2025-11-14T01:50:00+00:00, execution_date=20251114T015000, start_date=20251114T020153, end_date=20251114T020200
[2025-11-14T02:02:00.238+0000] {local_task_job_runner.py:243} INFO - Task exited with return code 0
[2025-11-14T02:02:00.290+0000] {taskinstance.py:3503} INFO - 1 downstream tasks scheduled from follow-on schedule check
[2025-11-14T02:02:00.293+0000] {local_task_job_runner.py:222} INFO - ::endgroup::
[2025-11-14T02:06:33.663+0000] {local_task_job_runner.py:120} INFO - ::group::Pre task execution logs
[2025-11-14T02:06:33.822+0000] {taskinstance.py:2076} INFO - Dependencies all met for dep_context=non-requeueable deps ti=<TaskInstance: etl_donaciones_dag.procesar_bronze scheduled__2025-11-14T01:50:00+00:00 [queued]>
[2025-11-14T02:06:33.849+0000] {taskinstance.py:2076} INFO - Dependencies all met for dep_context=requeueable deps ti=<TaskInstance: etl_donaciones_dag.procesar_bronze scheduled__2025-11-14T01:50:00+00:00 [queued]>
[2025-11-14T02:06:33.858+0000] {taskinstance.py:2306} INFO - Starting attempt 1 of 2
[2025-11-14T02:06:33.895+0000] {taskinstance.py:2330} INFO - Executing <Task(PythonOperator): procesar_bronze> on 2025-11-14 01:50:00+00:00
[2025-11-14T02:06:33.934+0000] {standard_task_runner.py:64} INFO - Started process 352 to run task
[2025-11-14T02:06:33.943+0000] {standard_task_runner.py:90} INFO - Running: ['***', 'tasks', 'run', 'etl_donaciones_dag', 'procesar_bronze', 'scheduled__2025-11-14T01:50:00+00:00', '--job-id', '60', '--raw', '--subdir', 'DAGS_FOLDER/etl_donaciones_dag.py', '--cfg-path', '/tmp/tmpht_y3b1l']
[2025-11-14T02:06:33.949+0000] {standard_task_runner.py:91} INFO - Job 60: Subtask procesar_bronze
[2025-11-14T02:06:34.187+0000] {task_command.py:426} INFO - Running <TaskInstance: etl_donaciones_dag.procesar_bronze scheduled__2025-11-14T01:50:00+00:00 [running]> on host 130331ed4780
[2025-11-14T02:06:34.511+0000] {taskinstance.py:2648} INFO - Exporting env vars: AIRFLOW_CTX_DAG_OWNER='german' AIRFLOW_CTX_DAG_ID='etl_donaciones_dag' AIRFLOW_CTX_TASK_ID='procesar_bronze' AIRFLOW_CTX_EXECUTION_DATE='2025-11-14T01:50:00+00:00' AIRFLOW_CTX_TRY_NUMBER='1' AIRFLOW_CTX_DAG_RUN_ID='scheduled__2025-11-14T01:50:00+00:00'
[2025-11-14T02:06:34.525+0000] {taskinstance.py:430} INFO - ::endgroup::
[2025-11-14T02:06:34.653+0000] {logging_mixin.py:188} INFO - ✓ Archivo encontrado en: /opt/***/layer/raw/datos_donantes_sinteticos.csv
[2025-11-14T02:06:39.815+0000] {logging_mixin.py:188} INFO - ✓ Archivo leído correctamente. Registros cargados: 258764
[2025-11-14T02:06:40.757+0000] {logging_mixin.py:188} INFO - ✓ Datos guardados en formato Parquet en: /opt/***/layer/bronze/donantes_bronze.parquet
[2025-11-14T02:06:40.766+0000] {logging_mixin.py:188} INFO - ✓ Archivo indicador creado: /opt/***/layer/bronze/donantes_bronze.py
[2025-11-14T02:06:40.767+0000] {logging_mixin.py:188} INFO - --- PROCESO BRONZE FINALIZADO ---
[2025-11-14T02:06:40.769+0000] {logging_mixin.py:188} INFO - Registros cargados: 258764
[2025-11-14T02:06:40.770+0000] {logging_mixin.py:188} INFO - Columnas: ['Id_donante', 'Método_Pago', 'Estrategia', 'Fecha_Creacion', 'Fecha_Pago', 'Monto_Donacion', 'Status_Socio', 'Fecha_Fuga', 'Año_Mes_Creacion', 'Año_Mes_Donacion', 'Año_Mes_Fuga']
[2025-11-14T02:06:40.771+0000] {python.py:237} INFO - Done. Returned value was:        Id_donante   Método_Pago  ... Año_Mes_Donacion Año_Mes_Fuga
0         D000006  Cuenta Vista  ...          2023-06          NaT
1         D000034  Cuenta Vista  ...          2023-06          NaT
2         D000061  Cuenta Vista  ...          2023-06          NaT
3         D000084    Cuenta Rut  ...          2023-06          NaT
4         D000089    Cuenta Rut  ...          2023-06      2023-06
...           ...           ...  ...              ...          ...
258759    D023833  Cuenta Vista  ...          2025-05          NaT
258760    D023930    Cuenta Rut  ...          2025-05          NaT
258761    D023940    Cuenta Rut  ...          2025-05          NaT
258762    D023941    Cuenta Rut  ...          2025-05          NaT
258763    D023975    Cuenta Rut  ...          2025-05          NaT

[258764 rows x 11 columns]
[2025-11-14T02:06:40.826+0000] {taskinstance.py:441} INFO - ::group::Post task execution logs
[2025-11-14T02:06:42.267+0000] {taskinstance.py:1206} INFO - Marking task as SUCCESS. dag_id=etl_donaciones_dag, task_id=procesar_bronze, run_id=scheduled__2025-11-14T01:50:00+00:00, execution_date=20251114T015000, start_date=20251114T020633, end_date=20251114T020642
[2025-11-14T02:06:42.505+0000] {local_task_job_runner.py:243} INFO - Task exited with return code 0
[2025-11-14T02:06:42.669+0000] {taskinstance.py:3503} INFO - 1 downstream tasks scheduled from follow-on schedule check
[2025-11-14T02:06:42.675+0000] {local_task_job_runner.py:222} INFO - ::endgroup::
[2025-11-14T02:09:13.357+0000] {local_task_job_runner.py:120} INFO - ::group::Pre task execution logs
[2025-11-14T02:09:13.406+0000] {taskinstance.py:2076} INFO - Dependencies all met for dep_context=non-requeueable deps ti=<TaskInstance: etl_donaciones_dag.procesar_bronze scheduled__2025-11-14T01:50:00+00:00 [queued]>
[2025-11-14T02:09:13.418+0000] {taskinstance.py:2076} INFO - Dependencies all met for dep_context=requeueable deps ti=<TaskInstance: etl_donaciones_dag.procesar_bronze scheduled__2025-11-14T01:50:00+00:00 [queued]>
[2025-11-14T02:09:13.419+0000] {taskinstance.py:2306} INFO - Starting attempt 1 of 2
[2025-11-14T02:09:13.434+0000] {taskinstance.py:2330} INFO - Executing <Task(PythonOperator): procesar_bronze> on 2025-11-14 01:50:00+00:00
[2025-11-14T02:09:13.446+0000] {standard_task_runner.py:64} INFO - Started process 464 to run task
[2025-11-14T02:09:13.451+0000] {standard_task_runner.py:90} INFO - Running: ['***', 'tasks', 'run', 'etl_donaciones_dag', 'procesar_bronze', 'scheduled__2025-11-14T01:50:00+00:00', '--job-id', '64', '--raw', '--subdir', 'DAGS_FOLDER/etl_donaciones_dag.py', '--cfg-path', '/tmp/tmpi8pox3lk']
[2025-11-14T02:09:13.456+0000] {standard_task_runner.py:91} INFO - Job 64: Subtask procesar_bronze
[2025-11-14T02:09:13.595+0000] {task_command.py:426} INFO - Running <TaskInstance: etl_donaciones_dag.procesar_bronze scheduled__2025-11-14T01:50:00+00:00 [running]> on host 130331ed4780
[2025-11-14T02:09:13.715+0000] {taskinstance.py:2648} INFO - Exporting env vars: AIRFLOW_CTX_DAG_OWNER='german' AIRFLOW_CTX_DAG_ID='etl_donaciones_dag' AIRFLOW_CTX_TASK_ID='procesar_bronze' AIRFLOW_CTX_EXECUTION_DATE='2025-11-14T01:50:00+00:00' AIRFLOW_CTX_TRY_NUMBER='1' AIRFLOW_CTX_DAG_RUN_ID='scheduled__2025-11-14T01:50:00+00:00'
[2025-11-14T02:09:13.716+0000] {taskinstance.py:430} INFO - ::endgroup::
[2025-11-14T02:09:13.741+0000] {logging_mixin.py:188} INFO - ✓ Archivo encontrado en: /opt/***/layer/raw/datos_donantes_sinteticos.csv
[2025-11-14T02:09:14.490+0000] {logging_mixin.py:188} INFO - ✓ Archivo leído correctamente. Registros cargados: 258764
[2025-11-14T02:09:14.938+0000] {logging_mixin.py:188} INFO - ✓ Datos guardados en formato Parquet en: /opt/***/layer/bronze/donantes_bronze.parquet
[2025-11-14T02:09:14.949+0000] {logging_mixin.py:188} INFO - ✓ Archivo indicador creado: /opt/***/layer/bronze/donantes_bronze.py
[2025-11-14T02:09:14.950+0000] {logging_mixin.py:188} INFO - --- PROCESO BRONZE FINALIZADO ---
[2025-11-14T02:09:14.951+0000] {logging_mixin.py:188} INFO - Registros cargados: 258764
[2025-11-14T02:09:14.952+0000] {logging_mixin.py:188} INFO - Columnas: ['Id_donante', 'Método_Pago', 'Estrategia', 'Fecha_Creacion', 'Fecha_Pago', 'Monto_Donacion', 'Status_Socio', 'Fecha_Fuga', 'Año_Mes_Creacion', 'Año_Mes_Donacion', 'Año_Mes_Fuga']
[2025-11-14T02:09:14.954+0000] {python.py:237} INFO - Done. Returned value was:        Id_donante   Método_Pago  ... Año_Mes_Donacion Año_Mes_Fuga
0         D000006  Cuenta Vista  ...          2023-06          NaT
1         D000034  Cuenta Vista  ...          2023-06          NaT
2         D000061  Cuenta Vista  ...          2023-06          NaT
3         D000084    Cuenta Rut  ...          2023-06          NaT
4         D000089    Cuenta Rut  ...          2023-06      2023-06
...           ...           ...  ...              ...          ...
258759    D023833  Cuenta Vista  ...          2025-05          NaT
258760    D023930    Cuenta Rut  ...          2025-05          NaT
258761    D023940    Cuenta Rut  ...          2025-05          NaT
258762    D023941    Cuenta Rut  ...          2025-05          NaT
258763    D023975    Cuenta Rut  ...          2025-05          NaT

[258764 rows x 11 columns]
[2025-11-14T02:09:14.993+0000] {taskinstance.py:441} INFO - ::group::Post task execution logs
[2025-11-14T02:09:16.292+0000] {taskinstance.py:1206} INFO - Marking task as SUCCESS. dag_id=etl_donaciones_dag, task_id=procesar_bronze, run_id=scheduled__2025-11-14T01:50:00+00:00, execution_date=20251114T015000, start_date=20251114T020913, end_date=20251114T020916
[2025-11-14T02:09:16.359+0000] {local_task_job_runner.py:243} INFO - Task exited with return code 0
[2025-11-14T02:09:16.417+0000] {taskinstance.py:3503} INFO - 1 downstream tasks scheduled from follow-on schedule check
[2025-11-14T02:09:16.423+0000] {local_task_job_runner.py:222} INFO - ::endgroup::
