[2025-11-13T20:25:48.218+0000] {local_task_job_runner.py:120} INFO - ::group::Pre task execution logs
[2025-11-13T20:25:48.549+0000] {taskinstance.py:2076} INFO - Dependencies all met for dep_context=non-requeueable deps ti=<TaskInstance: etl_donaciones_dag.procesar_bronze scheduled__2025-11-13T20:10:00+00:00 [queued]>
[2025-11-13T20:25:48.649+0000] {taskinstance.py:2076} INFO - Dependencies all met for dep_context=requeueable deps ti=<TaskInstance: etl_donaciones_dag.procesar_bronze scheduled__2025-11-13T20:10:00+00:00 [queued]>
[2025-11-13T20:25:48.650+0000] {taskinstance.py:2306} INFO - Starting attempt 1 of 2
[2025-11-13T20:25:48.755+0000] {taskinstance.py:2330} INFO - Executing <Task(PythonOperator): procesar_bronze> on 2025-11-13 20:10:00+00:00
[2025-11-13T20:25:48.865+0000] {standard_task_runner.py:64} INFO - Started process 320 to run task
[2025-11-13T20:25:48.900+0000] {standard_task_runner.py:90} INFO - Running: ['***', 'tasks', 'run', 'etl_donaciones_dag', 'procesar_bronze', 'scheduled__2025-11-13T20:10:00+00:00', '--job-id', '11', '--raw', '--subdir', 'DAGS_FOLDER/etl_donaciones_dag.py', '--cfg-path', '/tmp/tmprz00up1d']
[2025-11-13T20:25:48.980+0000] {standard_task_runner.py:91} INFO - Job 11: Subtask procesar_bronze
[2025-11-13T20:25:49.338+0000] {task_command.py:426} INFO - Running <TaskInstance: etl_donaciones_dag.procesar_bronze scheduled__2025-11-13T20:10:00+00:00 [running]> on host b9eedff8ec6c
[2025-11-13T20:25:49.818+0000] {taskinstance.py:2648} INFO - Exporting env vars: AIRFLOW_CTX_DAG_OWNER='german' AIRFLOW_CTX_DAG_ID='etl_donaciones_dag' AIRFLOW_CTX_TASK_ID='procesar_bronze' AIRFLOW_CTX_EXECUTION_DATE='2025-11-13T20:10:00+00:00' AIRFLOW_CTX_TRY_NUMBER='1' AIRFLOW_CTX_DAG_RUN_ID='scheduled__2025-11-13T20:10:00+00:00'
[2025-11-13T20:25:49.821+0000] {taskinstance.py:430} INFO - ::endgroup::
[2025-11-13T20:25:49.911+0000] {logging_mixin.py:188} INFO - ✓ Archivo encontrado en: /opt/***/layer/raw/datos_donantes_sinteticos.csv
[2025-11-13T20:25:51.420+0000] {logging_mixin.py:188} INFO - ✓ Archivo leído correctamente. Registros cargados: 153136
[2025-11-13T20:25:52.603+0000] {logging_mixin.py:188} INFO - ✓ Datos guardados en formato Parquet en: /opt/***/layer/bronze/donantes_bronze.parquet
[2025-11-13T20:25:52.618+0000] {logging_mixin.py:188} INFO - ✓ Archivo indicador creado: /opt/***/layer/bronze/donantes_bronze.py
[2025-11-13T20:25:52.619+0000] {logging_mixin.py:188} INFO - --- PROCESO BRONZE FINALIZADO ---
[2025-11-13T20:25:52.619+0000] {logging_mixin.py:188} INFO - Registros cargados: 153136
[2025-11-13T20:25:52.620+0000] {logging_mixin.py:188} INFO - Columnas: ['Id_donante', 'Método_Pago', 'Estrategia', 'Fecha_Creacion', 'Fecha_Pago', 'Monto_Donacion', 'Status_Socio', 'Fecha_Fuga', 'Año_Mes_Creacion', 'Año_Mes_Donacion', 'Año_Mes_Fuga']
[2025-11-13T20:25:52.621+0000] {python.py:237} INFO - Done. Returned value was:        Id_donante       Método_Pago  ... Año_Mes_Donacion Año_Mes_Fuga
0         D000031      Cuenta Vista  ...          2024-01          NaT
1         D000036      Cuenta Vista  ...          2024-01          NaT
2         D000066  Cuenta Corriente  ...          2024-01      2024-03
3         D000068        Cuenta Rut  ...          2024-01          NaT
4         D000202        Cuenta Rut  ...          2024-01      2024-01
...           ...               ...  ...              ...          ...
153131    D017911        Cuenta Rut  ...          2025-06          NaT
153132    D017928        Cuenta Rut  ...          2025-06          NaT
153133    D017931        Cuenta Rut  ...          2025-06          NaT
153134    D017980  Cuenta Corriente  ...          2025-06          NaT
153135    D017999      Cuenta Vista  ...          2025-06          NaT

[153136 rows x 11 columns]
[2025-11-13T20:25:52.705+0000] {taskinstance.py:441} INFO - ::group::Post task execution logs
[2025-11-13T20:25:53.835+0000] {taskinstance.py:1206} INFO - Marking task as SUCCESS. dag_id=etl_donaciones_dag, task_id=procesar_bronze, run_id=scheduled__2025-11-13T20:10:00+00:00, execution_date=20251113T201000, start_date=20251113T202548, end_date=20251113T202553
[2025-11-13T20:25:54.135+0000] {local_task_job_runner.py:243} INFO - Task exited with return code 0
[2025-11-13T20:25:54.294+0000] {taskinstance.py:3503} INFO - 1 downstream tasks scheduled from follow-on schedule check
[2025-11-13T20:25:54.300+0000] {local_task_job_runner.py:222} INFO - ::endgroup::
