[2025-11-14T02:35:15.967+0000] {local_task_job_runner.py:120} INFO - ::group::Pre task execution logs
[2025-11-14T02:35:16.029+0000] {taskinstance.py:2076} INFO - Dependencies all met for dep_context=non-requeueable deps ti=<TaskInstance: etl_donaciones_dag.procesar_bronze scheduled__2025-11-14T02:32:00+00:00 [queued]>
[2025-11-14T02:35:16.042+0000] {taskinstance.py:2076} INFO - Dependencies all met for dep_context=requeueable deps ti=<TaskInstance: etl_donaciones_dag.procesar_bronze scheduled__2025-11-14T02:32:00+00:00 [queued]>
[2025-11-14T02:35:16.045+0000] {taskinstance.py:2306} INFO - Starting attempt 1 of 2
[2025-11-14T02:35:16.067+0000] {taskinstance.py:2330} INFO - Executing <Task(PythonOperator): procesar_bronze> on 2025-11-14 02:32:00+00:00
[2025-11-14T02:35:16.082+0000] {standard_task_runner.py:64} INFO - Started process 1486 to run task
[2025-11-14T02:35:16.087+0000] {standard_task_runner.py:90} INFO - Running: ['***', 'tasks', 'run', 'etl_donaciones_dag', 'procesar_bronze', 'scheduled__2025-11-14T02:32:00+00:00', '--job-id', '96', '--raw', '--subdir', 'DAGS_FOLDER/etl_donaciones_dag.py', '--cfg-path', '/tmp/tmp3knzg2i6']
[2025-11-14T02:35:16.091+0000] {standard_task_runner.py:91} INFO - Job 96: Subtask procesar_bronze
[2025-11-14T02:35:16.200+0000] {task_command.py:426} INFO - Running <TaskInstance: etl_donaciones_dag.procesar_bronze scheduled__2025-11-14T02:32:00+00:00 [running]> on host 130331ed4780
[2025-11-14T02:35:16.363+0000] {taskinstance.py:2648} INFO - Exporting env vars: AIRFLOW_CTX_DAG_OWNER='german' AIRFLOW_CTX_DAG_ID='etl_donaciones_dag' AIRFLOW_CTX_TASK_ID='procesar_bronze' AIRFLOW_CTX_EXECUTION_DATE='2025-11-14T02:32:00+00:00' AIRFLOW_CTX_TRY_NUMBER='1' AIRFLOW_CTX_DAG_RUN_ID='scheduled__2025-11-14T02:32:00+00:00'
[2025-11-14T02:35:16.365+0000] {taskinstance.py:430} INFO - ::endgroup::
[2025-11-14T02:35:16.392+0000] {logging_mixin.py:188} INFO - ✓ Archivo encontrado en: /opt/***/layer/raw/datos_donantes_sinteticos.csv
[2025-11-14T02:35:17.238+0000] {logging_mixin.py:188} INFO - ✓ Archivo leído correctamente. Registros cargados: 258764
[2025-11-14T02:35:17.697+0000] {logging_mixin.py:188} INFO - ✓ Datos guardados en formato Parquet en: /opt/***/layer/bronze/donantes_bronze.parquet
[2025-11-14T02:35:17.702+0000] {logging_mixin.py:188} INFO - ✓ Archivo indicador creado: /opt/***/layer/bronze/donantes_bronze.py
[2025-11-14T02:35:17.702+0000] {logging_mixin.py:188} INFO - --- PROCESO BRONZE FINALIZADO ---
[2025-11-14T02:35:17.703+0000] {logging_mixin.py:188} INFO - Registros cargados: 258764
[2025-11-14T02:35:17.704+0000] {logging_mixin.py:188} INFO - Columnas: ['Id_donante', 'Método_Pago', 'Estrategia', 'Fecha_Creacion', 'Fecha_Pago', 'Monto_Donacion', 'Status_Socio', 'Fecha_Fuga', 'Año_Mes_Creacion', 'Año_Mes_Donacion', 'Año_Mes_Fuga']
[2025-11-14T02:35:17.704+0000] {python.py:237} INFO - Done. Returned value was:        Id_donante   Método_Pago  ... Año_Mes_Donacion Año_Mes_Fuga
0         D000006  Cuenta Vista  ...          2023-06          NaT
1         D000034  Cuenta Vista  ...          2023-06          NaT
2         D000061  Cuenta Vista  ...          2023-06          NaT
3         D000084    Cuenta Rut  ...          2023-06          NaT
4         D000089    Cuenta Rut  ...          2023-06      2023-06
...           ...           ...  ...              ...          ...
258759    D023833  Cuenta Vista  ...          2025-05          NaT
258760    D023930    Cuenta Rut  ...          2025-05          NaT
258761    D023940    Cuenta Rut  ...          2025-05          NaT
258762    D023941    Cuenta Rut  ...          2025-05          NaT
258763    D023975    Cuenta Rut  ...          2025-05          NaT

[258764 rows x 11 columns]
[2025-11-14T02:35:17.732+0000] {taskinstance.py:441} INFO - ::group::Post task execution logs
[2025-11-14T02:35:18.583+0000] {taskinstance.py:1206} INFO - Marking task as SUCCESS. dag_id=etl_donaciones_dag, task_id=procesar_bronze, run_id=scheduled__2025-11-14T02:32:00+00:00, execution_date=20251114T023200, start_date=20251114T023516, end_date=20251114T023518
[2025-11-14T02:35:18.675+0000] {local_task_job_runner.py:243} INFO - Task exited with return code 0
[2025-11-14T02:35:18.725+0000] {taskinstance.py:3503} INFO - 1 downstream tasks scheduled from follow-on schedule check
[2025-11-14T02:35:18.729+0000] {local_task_job_runner.py:222} INFO - ::endgroup::
