[2025-11-14T02:56:04.618+0000] {local_task_job_runner.py:120} INFO - ::group::Pre task execution logs
[2025-11-14T02:56:04.674+0000] {taskinstance.py:2076} INFO - Dependencies all met for dep_context=non-requeueable deps ti=<TaskInstance: etl_donaciones_dag.generar_datos_sinteticos scheduled__2025-11-14T02:53:00+00:00 [queued]>
[2025-11-14T02:56:04.684+0000] {taskinstance.py:2076} INFO - Dependencies all met for dep_context=requeueable deps ti=<TaskInstance: etl_donaciones_dag.generar_datos_sinteticos scheduled__2025-11-14T02:53:00+00:00 [queued]>
[2025-11-14T02:56:04.685+0000] {taskinstance.py:2306} INFO - Starting attempt 1 of 2
[2025-11-14T02:56:04.701+0000] {taskinstance.py:2330} INFO - Executing <Task(PythonOperator): generar_datos_sinteticos> on 2025-11-14 02:53:00+00:00
[2025-11-14T02:56:04.719+0000] {standard_task_runner.py:64} INFO - Started process 2315 to run task
[2025-11-14T02:56:04.723+0000] {standard_task_runner.py:90} INFO - Running: ['***', 'tasks', 'run', 'etl_donaciones_dag', 'generar_datos_sinteticos', 'scheduled__2025-11-14T02:53:00+00:00', '--job-id', '123', '--raw', '--subdir', 'DAGS_FOLDER/etl_donaciones_dag.py', '--cfg-path', '/tmp/tmpz57r5dzs']
[2025-11-14T02:56:04.728+0000] {standard_task_runner.py:91} INFO - Job 123: Subtask generar_datos_sinteticos
[2025-11-14T02:56:04.855+0000] {task_command.py:426} INFO - Running <TaskInstance: etl_donaciones_dag.generar_datos_sinteticos scheduled__2025-11-14T02:53:00+00:00 [running]> on host 130331ed4780
[2025-11-14T02:56:05.008+0000] {taskinstance.py:2648} INFO - Exporting env vars: AIRFLOW_CTX_DAG_OWNER='german' AIRFLOW_CTX_DAG_ID='etl_donaciones_dag' AIRFLOW_CTX_TASK_ID='generar_datos_sinteticos' AIRFLOW_CTX_EXECUTION_DATE='2025-11-14T02:53:00+00:00' AIRFLOW_CTX_TRY_NUMBER='1' AIRFLOW_CTX_DAG_RUN_ID='scheduled__2025-11-14T02:53:00+00:00'
[2025-11-14T02:56:05.010+0000] {taskinstance.py:430} INFO - ::endgroup::
[2025-11-14T02:56:05.043+0000] {logging_mixin.py:188} INFO - Efectividad promedio ponderada: 78.24%
[2025-11-14T02:56:05.044+0000] {logging_mixin.py:188} INFO - 
Procesando 2023-06...
[2025-11-14T02:56:05.168+0000] {logging_mixin.py:188} INFO -   Activos al final del mes: 980
[2025-11-14T02:56:05.169+0000] {logging_mixin.py:188} INFO -   Fugados en este mes: 20
[2025-11-14T02:56:05.169+0000] {logging_mixin.py:188} INFO -   Total fugados acumulados: 20
[2025-11-14T02:56:05.170+0000] {logging_mixin.py:188} INFO - 
Procesando 2023-07...
[2025-11-14T02:56:05.265+0000] {logging_mixin.py:188} INFO -   Activos al final del mes: 1941
[2025-11-14T02:56:05.266+0000] {logging_mixin.py:188} INFO -   Fugados en este mes: 39
[2025-11-14T02:56:05.266+0000] {logging_mixin.py:188} INFO -   Total fugados acumulados: 59
[2025-11-14T02:56:05.267+0000] {logging_mixin.py:188} INFO - 
Procesando 2023-08...
[2025-11-14T02:56:05.395+0000] {logging_mixin.py:188} INFO -   Activos al final del mes: 2883
[2025-11-14T02:56:05.396+0000] {logging_mixin.py:188} INFO -   Fugados en este mes: 58
[2025-11-14T02:56:05.397+0000] {logging_mixin.py:188} INFO -   Total fugados acumulados: 117
[2025-11-14T02:56:05.397+0000] {logging_mixin.py:188} INFO - 
Procesando 2023-09...
[2025-11-14T02:56:05.519+0000] {logging_mixin.py:188} INFO -   Activos al final del mes: 3806
[2025-11-14T02:56:05.520+0000] {logging_mixin.py:188} INFO -   Fugados en este mes: 77
[2025-11-14T02:56:05.520+0000] {logging_mixin.py:188} INFO -   Total fugados acumulados: 194
[2025-11-14T02:56:05.521+0000] {logging_mixin.py:188} INFO - 
Procesando 2023-10...
[2025-11-14T02:56:05.718+0000] {logging_mixin.py:188} INFO -   Activos al final del mes: 4710
[2025-11-14T02:56:05.719+0000] {logging_mixin.py:188} INFO -   Fugados en este mes: 96
[2025-11-14T02:56:05.720+0000] {logging_mixin.py:188} INFO -   Total fugados acumulados: 290
[2025-11-14T02:56:05.721+0000] {logging_mixin.py:188} INFO - 
Procesando 2023-11...
[2025-11-14T02:56:05.913+0000] {logging_mixin.py:188} INFO -   Activos al final del mes: 5596
[2025-11-14T02:56:05.914+0000] {logging_mixin.py:188} INFO -   Fugados en este mes: 114
[2025-11-14T02:56:05.914+0000] {logging_mixin.py:188} INFO -   Total fugados acumulados: 404
[2025-11-14T02:56:05.915+0000] {logging_mixin.py:188} INFO - 
Procesando 2023-12...
[2025-11-14T02:56:06.083+0000] {logging_mixin.py:188} INFO -   Activos al final del mes: 6465
[2025-11-14T02:56:06.084+0000] {logging_mixin.py:188} INFO -   Fugados en este mes: 131
[2025-11-14T02:56:06.084+0000] {logging_mixin.py:188} INFO -   Total fugados acumulados: 535
[2025-11-14T02:56:06.085+0000] {logging_mixin.py:188} INFO - 
Procesando 2024-01...
[2025-11-14T02:56:06.251+0000] {logging_mixin.py:188} INFO -   Activos al final del mes: 7316
[2025-11-14T02:56:06.251+0000] {logging_mixin.py:188} INFO -   Fugados en este mes: 149
[2025-11-14T02:56:06.252+0000] {logging_mixin.py:188} INFO -   Total fugados acumulados: 684
[2025-11-14T02:56:06.252+0000] {logging_mixin.py:188} INFO - 
Procesando 2024-02...
[2025-11-14T02:56:06.406+0000] {logging_mixin.py:188} INFO -   Activos al final del mes: 8150
[2025-11-14T02:56:06.408+0000] {logging_mixin.py:188} INFO -   Fugados en este mes: 166
[2025-11-14T02:56:06.410+0000] {logging_mixin.py:188} INFO -   Total fugados acumulados: 850
[2025-11-14T02:56:06.410+0000] {logging_mixin.py:188} INFO - 
Procesando 2024-03...
[2025-11-14T02:56:06.606+0000] {logging_mixin.py:188} INFO -   Activos al final del mes: 8967
[2025-11-14T02:56:06.606+0000] {logging_mixin.py:188} INFO -   Fugados en este mes: 183
[2025-11-14T02:56:06.607+0000] {logging_mixin.py:188} INFO -   Total fugados acumulados: 1033
[2025-11-14T02:56:06.608+0000] {logging_mixin.py:188} INFO - 
Procesando 2024-04...
[2025-11-14T02:56:06.785+0000] {logging_mixin.py:188} INFO -   Activos al final del mes: 9768
[2025-11-14T02:56:06.786+0000] {logging_mixin.py:188} INFO -   Fugados en este mes: 199
[2025-11-14T02:56:06.786+0000] {logging_mixin.py:188} INFO -   Total fugados acumulados: 1232
[2025-11-14T02:56:06.787+0000] {logging_mixin.py:188} INFO - 
Procesando 2024-05...
[2025-11-14T02:56:06.979+0000] {logging_mixin.py:188} INFO -   Activos al final del mes: 10553
[2025-11-14T02:56:06.980+0000] {logging_mixin.py:188} INFO -   Fugados en este mes: 215
[2025-11-14T02:56:06.980+0000] {logging_mixin.py:188} INFO -   Total fugados acumulados: 1447
[2025-11-14T02:56:06.981+0000] {logging_mixin.py:188} INFO - 
Procesando 2024-06...
[2025-11-14T02:56:07.203+0000] {logging_mixin.py:188} INFO -   Activos al final del mes: 11322
[2025-11-14T02:56:07.204+0000] {logging_mixin.py:188} INFO -   Fugados en este mes: 231
[2025-11-14T02:56:07.205+0000] {logging_mixin.py:188} INFO -   Total fugados acumulados: 1678
[2025-11-14T02:56:07.205+0000] {logging_mixin.py:188} INFO - 
Procesando 2024-07...
[2025-11-14T02:56:07.413+0000] {logging_mixin.py:188} INFO -   Activos al final del mes: 12076
[2025-11-14T02:56:07.414+0000] {logging_mixin.py:188} INFO -   Fugados en este mes: 246
[2025-11-14T02:56:07.415+0000] {logging_mixin.py:188} INFO -   Total fugados acumulados: 1924
[2025-11-14T02:56:07.415+0000] {logging_mixin.py:188} INFO - 
Procesando 2024-08...
[2025-11-14T02:56:07.630+0000] {logging_mixin.py:188} INFO -   Activos al final del mes: 12815
[2025-11-14T02:56:07.630+0000] {logging_mixin.py:188} INFO -   Fugados en este mes: 261
[2025-11-14T02:56:07.631+0000] {logging_mixin.py:188} INFO -   Total fugados acumulados: 2185
[2025-11-14T02:56:07.631+0000] {logging_mixin.py:188} INFO - 
Procesando 2024-09...
[2025-11-14T02:56:07.871+0000] {logging_mixin.py:188} INFO -   Activos al final del mes: 13539
[2025-11-14T02:56:07.872+0000] {logging_mixin.py:188} INFO -   Fugados en este mes: 276
[2025-11-14T02:56:07.873+0000] {logging_mixin.py:188} INFO -   Total fugados acumulados: 2461
[2025-11-14T02:56:07.873+0000] {logging_mixin.py:188} INFO - 
Procesando 2024-10...
[2025-11-14T02:56:08.110+0000] {logging_mixin.py:188} INFO -   Activos al final del mes: 14249
[2025-11-14T02:56:08.111+0000] {logging_mixin.py:188} INFO -   Fugados en este mes: 290
[2025-11-14T02:56:08.112+0000] {logging_mixin.py:188} INFO -   Total fugados acumulados: 2751
[2025-11-14T02:56:08.113+0000] {logging_mixin.py:188} INFO - 
Procesando 2024-11...
[2025-11-14T02:56:08.386+0000] {logging_mixin.py:188} INFO -   Activos al final del mes: 14945
[2025-11-14T02:56:08.387+0000] {logging_mixin.py:188} INFO -   Fugados en este mes: 304
[2025-11-14T02:56:08.387+0000] {logging_mixin.py:188} INFO -   Total fugados acumulados: 3055
[2025-11-14T02:56:08.388+0000] {logging_mixin.py:188} INFO - 
Procesando 2024-12...
[2025-11-14T02:56:08.646+0000] {logging_mixin.py:188} INFO -   Activos al final del mes: 15627
[2025-11-14T02:56:08.647+0000] {logging_mixin.py:188} INFO -   Fugados en este mes: 318
[2025-11-14T02:56:08.647+0000] {logging_mixin.py:188} INFO -   Total fugados acumulados: 3373
[2025-11-14T02:56:08.648+0000] {logging_mixin.py:188} INFO - 
Procesando 2025-01...
[2025-11-14T02:56:08.981+0000] {logging_mixin.py:188} INFO -   Activos al final del mes: 16295
[2025-11-14T02:56:08.982+0000] {logging_mixin.py:188} INFO -   Fugados en este mes: 332
[2025-11-14T02:56:08.982+0000] {logging_mixin.py:188} INFO -   Total fugados acumulados: 3705
[2025-11-14T02:56:08.983+0000] {logging_mixin.py:188} INFO - 
Procesando 2025-02...
[2025-11-14T02:56:09.497+0000] {logging_mixin.py:188} INFO -   Activos al final del mes: 16950
[2025-11-14T02:56:09.498+0000] {logging_mixin.py:188} INFO -   Fugados en este mes: 345
[2025-11-14T02:56:09.498+0000] {logging_mixin.py:188} INFO -   Total fugados acumulados: 4050
[2025-11-14T02:56:09.499+0000] {logging_mixin.py:188} INFO - 
Procesando 2025-03...
[2025-11-14T02:56:09.858+0000] {logging_mixin.py:188} INFO -   Activos al final del mes: 17591
[2025-11-14T02:56:09.859+0000] {logging_mixin.py:188} INFO -   Fugados en este mes: 359
[2025-11-14T02:56:09.859+0000] {logging_mixin.py:188} INFO -   Total fugados acumulados: 4409
[2025-11-14T02:56:09.860+0000] {logging_mixin.py:188} INFO - 
Procesando 2025-04...
[2025-11-14T02:56:10.244+0000] {logging_mixin.py:188} INFO -   Activos al final del mes: 18220
[2025-11-14T02:56:10.245+0000] {logging_mixin.py:188} INFO -   Fugados en este mes: 371
[2025-11-14T02:56:10.246+0000] {logging_mixin.py:188} INFO -   Total fugados acumulados: 4780
[2025-11-14T02:56:10.246+0000] {logging_mixin.py:188} INFO - 
Procesando 2025-05...
[2025-11-14T02:56:10.754+0000] {logging_mixin.py:188} INFO -   Activos al final del mes: 18836
[2025-11-14T02:56:10.755+0000] {logging_mixin.py:188} INFO -   Fugados en este mes: 384
[2025-11-14T02:56:10.757+0000] {logging_mixin.py:188} INFO -   Total fugados acumulados: 5164
[2025-11-14T02:56:13.109+0000] {logging_mixin.py:188} INFO - 
======================================================================
[2025-11-14T02:56:13.110+0000] {logging_mixin.py:188} INFO - RESUMEN DE DATOS GENERADOS
[2025-11-14T02:56:13.110+0000] {logging_mixin.py:188} INFO - ======================================================================
[2025-11-14T02:56:13.111+0000] {logging_mixin.py:188} INFO - Total de registros: 258,764
[2025-11-14T02:56:13.136+0000] {logging_mixin.py:188} INFO - Socios únicos totales: 24,000
[2025-11-14T02:56:13.137+0000] {logging_mixin.py:188} INFO - Socios activos al final: 18,836
[2025-11-14T02:56:13.139+0000] {logging_mixin.py:188} INFO - Socios fugados totales: 5,164
[2025-11-14T02:56:13.139+0000] {logging_mixin.py:188} INFO - 
Distribución por Método de Pago:
[2025-11-14T02:56:13.151+0000] {logging_mixin.py:188} INFO - Cuenta Rut          14496
Cuenta Vista         4273
Cuenta Corriente     2891
Tarjeta Crédito      2340
Name: count, dtype: int64
[2025-11-14T02:56:13.152+0000] {logging_mixin.py:188} INFO - 
Porcentajes:
[2025-11-14T02:56:13.158+0000] {logging_mixin.py:188} INFO - Cuenta Rut          60.40
Cuenta Vista        17.80
Cuenta Corriente    12.05
Tarjeta Crédito      9.75
Name: count, dtype: float64
[2025-11-14T02:56:13.159+0000] {logging_mixin.py:188} INFO - 
Distribución por Estrategia:
[2025-11-14T02:56:13.168+0000] {logging_mixin.py:188} INFO - Face to Face     19193
Telemarketing     4807
Name: count, dtype: int64
[2025-11-14T02:56:13.169+0000] {logging_mixin.py:188} INFO - 
Porcentajes:
[2025-11-14T02:56:13.172+0000] {logging_mixin.py:188} INFO - Face to Face     79.97
Telemarketing    20.03
Name: count, dtype: float64
[2025-11-14T02:56:13.207+0000] {logging_mixin.py:188} INFO - 
Análisis de Fugados:
[2025-11-14T02:56:13.208+0000] {logging_mixin.py:188} INFO - Fugados que NUNCA donaron: 5164 (100.0%)
[2025-11-14T02:56:13.209+0000] {logging_mixin.py:188} INFO - Fugados que SÍ donaron: 0 (0.0%)
[2025-11-14T02:56:13.209+0000] {logging_mixin.py:188} INFO - 
======================================================================
[2025-11-14T02:56:13.210+0000] {logging_mixin.py:188} INFO - RESUMEN POR MES
[2025-11-14T02:56:13.210+0000] {logging_mixin.py:188} INFO - ======================================================================
[2025-11-14T02:56:13.474+0000] {logging_mixin.py:188} INFO -                   Total_Donaciones  ...  Tasa_Exito_%
Año_Mes_Donacion                    ...              
2023-06                  8113000.0  ...         77.40
2023-07                 15877000.0  ...         77.07
2023-08                 22843000.0  ...         75.79
2023-09                 30346000.0  ...         76.20
2023-10                 37297000.0  ...         75.36
2023-11                 44653000.0  ...         75.90
2023-12                 51488000.0  ...         76.59
2024-01                 58333000.0  ...         76.54
2024-02                 65224000.0  ...         76.97
2024-03                 70689000.0  ...         75.65
2024-04                 77982000.0  ...         76.45
2024-05                 84587000.0  ...         76.58
2024-06                 90410000.0  ...         76.40
2024-07                 96728000.0  ...         76.50
2024-08                102915000.0  ...         76.57
2024-09                108714000.0  ...         76.58
2024-10                115140000.0  ...         77.05
2024-11                119082000.0  ...         76.01
2024-12                124919000.0  ...         76.32
2025-01                131176000.0  ...         76.75
2025-02                135912000.0  ...         76.50
2025-03                141598000.0  ...         76.95
2025-04                145729000.0  ...         76.39
2025-05                150954000.0  ...         76.44

[24 rows x 6 columns]
[2025-11-14T02:56:13.475+0000] {logging_mixin.py:188} INFO - 
======================================================================
[2025-11-14T02:56:13.476+0000] {logging_mixin.py:188} INFO - VERIFICACIÓN: ENERO 2024
[2025-11-14T02:56:13.476+0000] {logging_mixin.py:188} INFO - ======================================================================
[2025-11-14T02:56:13.523+0000] {logging_mixin.py:188} INFO - Donantes únicos: 7465
[2025-11-14T02:56:13.525+0000] {logging_mixin.py:188} INFO - Donaciones exitosas: 5714
[2025-11-14T02:56:13.526+0000] {logging_mixin.py:188} INFO - Cobros fallidos: 1740
[2025-11-14T02:56:13.527+0000] {logging_mixin.py:188} INFO - Fugados sin donación (monto=NaN): 11
[2025-11-14T02:56:13.528+0000] {logging_mixin.py:188} INFO - Tasa de éxito: 76.54%
[2025-11-14T02:56:16.681+0000] {logging_mixin.py:188} INFO - 
Archivo guardado correctamente en: /opt/***/scripts/../layer/raw/datos_donantes_sinteticos.csv
[2025-11-14T02:56:16.815+0000] {python.py:237} INFO - Done. Returned value was: /opt/***/scripts/../layer/raw/datos_donantes_sinteticos.csv
[2025-11-14T02:56:16.816+0000] {taskinstance.py:441} INFO - ::group::Post task execution logs
[2025-11-14T02:56:16.868+0000] {taskinstance.py:1206} INFO - Marking task as SUCCESS. dag_id=etl_donaciones_dag, task_id=generar_datos_sinteticos, run_id=scheduled__2025-11-14T02:53:00+00:00, execution_date=20251114T025300, start_date=20251114T025604, end_date=20251114T025616
[2025-11-14T02:56:16.964+0000] {local_task_job_runner.py:243} INFO - Task exited with return code 0
[2025-11-14T02:56:17.016+0000] {taskinstance.py:3503} INFO - 1 downstream tasks scheduled from follow-on schedule check
[2025-11-14T02:56:17.022+0000] {local_task_job_runner.py:222} INFO - ::endgroup::
