[2025-11-13T19:59:33.024+0000] {local_task_job_runner.py:120} INFO - ::group::Pre task execution logs
[2025-11-13T19:59:33.107+0000] {taskinstance.py:2076} INFO - Dependencies all met for dep_context=non-requeueable deps ti=<TaskInstance: etl_donaciones_dag.generar_datos_sinteticos scheduled__2025-11-12T00:00:00+00:00 [queued]>
[2025-11-13T19:59:33.121+0000] {taskinstance.py:2076} INFO - Dependencies all met for dep_context=requeueable deps ti=<TaskInstance: etl_donaciones_dag.generar_datos_sinteticos scheduled__2025-11-12T00:00:00+00:00 [queued]>
[2025-11-13T19:59:33.122+0000] {taskinstance.py:2306} INFO - Starting attempt 1 of 2
[2025-11-13T19:59:33.139+0000] {taskinstance.py:2330} INFO - Executing <Task(PythonOperator): generar_datos_sinteticos> on 2025-11-12 00:00:00+00:00
[2025-11-13T19:59:33.170+0000] {standard_task_runner.py:64} INFO - Started process 341 to run task
[2025-11-13T19:59:33.174+0000] {standard_task_runner.py:90} INFO - Running: ['***', 'tasks', 'run', 'etl_donaciones_dag', 'generar_datos_sinteticos', 'scheduled__2025-11-12T00:00:00+00:00', '--job-id', '2', '--raw', '--subdir', 'DAGS_FOLDER/etl_donaciones_dag.py', '--cfg-path', '/tmp/tmpj9a2ocm5']
[2025-11-13T19:59:33.180+0000] {standard_task_runner.py:91} INFO - Job 2: Subtask generar_datos_sinteticos
[2025-11-13T19:59:33.289+0000] {task_command.py:426} INFO - Running <TaskInstance: etl_donaciones_dag.generar_datos_sinteticos scheduled__2025-11-12T00:00:00+00:00 [running]> on host b9eedff8ec6c
[2025-11-13T19:59:33.522+0000] {taskinstance.py:2648} INFO - Exporting env vars: AIRFLOW_CTX_DAG_OWNER='german' AIRFLOW_CTX_DAG_ID='etl_donaciones_dag' AIRFLOW_CTX_TASK_ID='generar_datos_sinteticos' AIRFLOW_CTX_EXECUTION_DATE='2025-11-12T00:00:00+00:00' AIRFLOW_CTX_TRY_NUMBER='1' AIRFLOW_CTX_DAG_RUN_ID='scheduled__2025-11-12T00:00:00+00:00'
[2025-11-13T19:59:33.528+0000] {taskinstance.py:430} INFO - ::endgroup::
[2025-11-13T19:59:33.621+0000] {logging_mixin.py:188} INFO - Efectividad promedio ponderada: 78.24%
[2025-11-13T19:59:33.621+0000] {logging_mixin.py:188} INFO - 
Procesando 2024-01...
[2025-11-13T19:59:33.846+0000] {logging_mixin.py:188} INFO -   Activos al final del mes: 980
[2025-11-13T19:59:33.848+0000] {logging_mixin.py:188} INFO -   Fugados en este mes: 20
[2025-11-13T19:59:33.850+0000] {logging_mixin.py:188} INFO -   Total fugados acumulados: 20
[2025-11-13T19:59:33.851+0000] {logging_mixin.py:188} INFO - 
Procesando 2024-02...
[2025-11-13T19:59:34.060+0000] {logging_mixin.py:188} INFO -   Activos al final del mes: 1941
[2025-11-13T19:59:34.061+0000] {logging_mixin.py:188} INFO -   Fugados en este mes: 39
[2025-11-13T19:59:34.062+0000] {logging_mixin.py:188} INFO -   Total fugados acumulados: 59
[2025-11-13T19:59:34.063+0000] {logging_mixin.py:188} INFO - 
Procesando 2024-03...
[2025-11-13T19:59:34.221+0000] {logging_mixin.py:188} INFO -   Activos al final del mes: 2883
[2025-11-13T19:59:34.222+0000] {logging_mixin.py:188} INFO -   Fugados en este mes: 58
[2025-11-13T19:59:34.223+0000] {logging_mixin.py:188} INFO -   Total fugados acumulados: 117
[2025-11-13T19:59:34.225+0000] {logging_mixin.py:188} INFO - 
Procesando 2024-04...
[2025-11-13T19:59:34.435+0000] {logging_mixin.py:188} INFO -   Activos al final del mes: 3806
[2025-11-13T19:59:34.436+0000] {logging_mixin.py:188} INFO -   Fugados en este mes: 77
[2025-11-13T19:59:34.436+0000] {logging_mixin.py:188} INFO -   Total fugados acumulados: 194
[2025-11-13T19:59:34.437+0000] {logging_mixin.py:188} INFO - 
Procesando 2024-05...
[2025-11-13T19:59:34.601+0000] {logging_mixin.py:188} INFO -   Activos al final del mes: 4710
[2025-11-13T19:59:34.602+0000] {logging_mixin.py:188} INFO -   Fugados en este mes: 96
[2025-11-13T19:59:34.603+0000] {logging_mixin.py:188} INFO -   Total fugados acumulados: 290
[2025-11-13T19:59:34.603+0000] {logging_mixin.py:188} INFO - 
Procesando 2024-06...
[2025-11-13T19:59:34.793+0000] {logging_mixin.py:188} INFO -   Activos al final del mes: 5596
[2025-11-13T19:59:34.795+0000] {logging_mixin.py:188} INFO -   Fugados en este mes: 114
[2025-11-13T19:59:34.796+0000] {logging_mixin.py:188} INFO -   Total fugados acumulados: 404
[2025-11-13T19:59:34.797+0000] {logging_mixin.py:188} INFO - 
Procesando 2024-07...
[2025-11-13T19:59:35.064+0000] {logging_mixin.py:188} INFO -   Activos al final del mes: 6465
[2025-11-13T19:59:35.064+0000] {logging_mixin.py:188} INFO -   Fugados en este mes: 131
[2025-11-13T19:59:35.065+0000] {logging_mixin.py:188} INFO -   Total fugados acumulados: 535
[2025-11-13T19:59:35.066+0000] {logging_mixin.py:188} INFO - 
Procesando 2024-08...
[2025-11-13T19:59:35.397+0000] {logging_mixin.py:188} INFO -   Activos al final del mes: 7316
[2025-11-13T19:59:35.398+0000] {logging_mixin.py:188} INFO -   Fugados en este mes: 149
[2025-11-13T19:59:35.399+0000] {logging_mixin.py:188} INFO -   Total fugados acumulados: 684
[2025-11-13T19:59:35.399+0000] {logging_mixin.py:188} INFO - 
Procesando 2024-09...
[2025-11-13T19:59:35.679+0000] {logging_mixin.py:188} INFO -   Activos al final del mes: 8150
[2025-11-13T19:59:35.680+0000] {logging_mixin.py:188} INFO -   Fugados en este mes: 166
[2025-11-13T19:59:35.680+0000] {logging_mixin.py:188} INFO -   Total fugados acumulados: 850
[2025-11-13T19:59:35.681+0000] {logging_mixin.py:188} INFO - 
Procesando 2024-10...
[2025-11-13T19:59:35.965+0000] {logging_mixin.py:188} INFO -   Activos al final del mes: 8967
[2025-11-13T19:59:35.967+0000] {logging_mixin.py:188} INFO -   Fugados en este mes: 183
[2025-11-13T19:59:35.967+0000] {logging_mixin.py:188} INFO -   Total fugados acumulados: 1033
[2025-11-13T19:59:35.968+0000] {logging_mixin.py:188} INFO - 
Procesando 2024-11...
[2025-11-13T19:59:36.246+0000] {logging_mixin.py:188} INFO -   Activos al final del mes: 9768
[2025-11-13T19:59:36.247+0000] {logging_mixin.py:188} INFO -   Fugados en este mes: 199
[2025-11-13T19:59:36.248+0000] {logging_mixin.py:188} INFO -   Total fugados acumulados: 1232
[2025-11-13T19:59:36.248+0000] {logging_mixin.py:188} INFO - 
Procesando 2024-12...
[2025-11-13T19:59:36.739+0000] {logging_mixin.py:188} INFO -   Activos al final del mes: 10553
[2025-11-13T19:59:36.741+0000] {logging_mixin.py:188} INFO -   Fugados en este mes: 215
[2025-11-13T19:59:36.743+0000] {logging_mixin.py:188} INFO -   Total fugados acumulados: 1447
[2025-11-13T19:59:36.744+0000] {logging_mixin.py:188} INFO - 
Procesando 2025-01...
[2025-11-13T19:59:37.324+0000] {logging_mixin.py:188} INFO -   Activos al final del mes: 11322
[2025-11-13T19:59:37.326+0000] {logging_mixin.py:188} INFO -   Fugados en este mes: 231
[2025-11-13T19:59:37.327+0000] {logging_mixin.py:188} INFO -   Total fugados acumulados: 1678
[2025-11-13T19:59:37.328+0000] {logging_mixin.py:188} INFO - 
Procesando 2025-02...
[2025-11-13T19:59:38.006+0000] {logging_mixin.py:188} INFO -   Activos al final del mes: 12076
[2025-11-13T19:59:38.007+0000] {logging_mixin.py:188} INFO -   Fugados en este mes: 246
[2025-11-13T19:59:38.009+0000] {logging_mixin.py:188} INFO -   Total fugados acumulados: 1924
[2025-11-13T19:59:38.010+0000] {logging_mixin.py:188} INFO - 
Procesando 2025-03...
[2025-11-13T19:59:39.129+0000] {logging_mixin.py:188} INFO -   Activos al final del mes: 12815
[2025-11-13T19:59:39.130+0000] {logging_mixin.py:188} INFO -   Fugados en este mes: 261
[2025-11-13T19:59:39.131+0000] {logging_mixin.py:188} INFO -   Total fugados acumulados: 2185
[2025-11-13T19:59:39.133+0000] {logging_mixin.py:188} INFO - 
Procesando 2025-04...
[2025-11-13T19:59:39.707+0000] {logging_mixin.py:188} INFO -   Activos al final del mes: 13539
[2025-11-13T19:59:39.708+0000] {logging_mixin.py:188} INFO -   Fugados en este mes: 276
[2025-11-13T19:59:39.708+0000] {logging_mixin.py:188} INFO -   Total fugados acumulados: 2461
[2025-11-13T19:59:39.709+0000] {logging_mixin.py:188} INFO - 
Procesando 2025-05...
[2025-11-13T19:59:40.156+0000] {logging_mixin.py:188} INFO -   Activos al final del mes: 14249
[2025-11-13T19:59:40.157+0000] {logging_mixin.py:188} INFO -   Fugados en este mes: 290
[2025-11-13T19:59:40.158+0000] {logging_mixin.py:188} INFO -   Total fugados acumulados: 2751
[2025-11-13T19:59:40.158+0000] {logging_mixin.py:188} INFO - 
Procesando 2025-06...
[2025-11-13T19:59:40.756+0000] {logging_mixin.py:188} INFO -   Activos al final del mes: 14945
[2025-11-13T19:59:40.758+0000] {logging_mixin.py:188} INFO -   Fugados en este mes: 304
[2025-11-13T19:59:40.759+0000] {logging_mixin.py:188} INFO -   Total fugados acumulados: 3055
[2025-11-13T19:59:43.674+0000] {logging_mixin.py:188} INFO - 
======================================================================
[2025-11-13T19:59:43.680+0000] {logging_mixin.py:188} INFO - RESUMEN DE DATOS GENERADOS
[2025-11-13T19:59:43.681+0000] {logging_mixin.py:188} INFO - ======================================================================
[2025-11-13T19:59:43.682+0000] {logging_mixin.py:188} INFO - Total de registros: 153,136
[2025-11-13T19:59:43.714+0000] {logging_mixin.py:188} INFO - Socios únicos totales: 18,000
[2025-11-13T19:59:43.715+0000] {logging_mixin.py:188} INFO - Socios activos al final: 14,945
[2025-11-13T19:59:43.717+0000] {logging_mixin.py:188} INFO - Socios fugados totales: 3,055
[2025-11-13T19:59:43.718+0000] {logging_mixin.py:188} INFO - 
Distribución por Método de Pago:
[2025-11-13T19:59:43.748+0000] {logging_mixin.py:188} INFO - Cuenta Rut          10794
Cuenta Vista         3228
Cuenta Corriente     2129
Tarjeta Crédito      1849
Name: count, dtype: int64
[2025-11-13T19:59:43.749+0000] {logging_mixin.py:188} INFO - 
Porcentajes:
[2025-11-13T19:59:43.761+0000] {logging_mixin.py:188} INFO - Cuenta Rut          59.97
Cuenta Vista        17.93
Cuenta Corriente    11.83
Tarjeta Crédito     10.27
Name: count, dtype: float64
[2025-11-13T19:59:43.762+0000] {logging_mixin.py:188} INFO - 
Distribución por Estrategia:
[2025-11-13T19:59:43.773+0000] {logging_mixin.py:188} INFO - Face to Face     14474
Telemarketing     3526
Name: count, dtype: int64
[2025-11-13T19:59:43.774+0000] {logging_mixin.py:188} INFO - 
Porcentajes:
[2025-11-13T19:59:43.781+0000] {logging_mixin.py:188} INFO - Face to Face     80.41
Telemarketing    19.59
Name: count, dtype: float64
[2025-11-13T19:59:43.807+0000] {logging_mixin.py:188} INFO - 
Análisis de Fugados:
[2025-11-13T19:59:43.809+0000] {logging_mixin.py:188} INFO - Fugados que NUNCA donaron: 3055 (100.0%)
[2025-11-13T19:59:43.811+0000] {logging_mixin.py:188} INFO - Fugados que SÍ donaron: 0 (0.0%)
[2025-11-13T19:59:43.812+0000] {logging_mixin.py:188} INFO - 
======================================================================
[2025-11-13T19:59:43.813+0000] {logging_mixin.py:188} INFO - RESUMEN POR MES
[2025-11-13T19:59:43.813+0000] {logging_mixin.py:188} INFO - ======================================================================
[2025-11-13T19:59:44.237+0000] {logging_mixin.py:188} INFO -                   Total_Donaciones  ...  Tasa_Exito_%
Año_Mes_Donacion                    ...              
2024-01                  6700000.0  ...         77.10
2024-02                 13180000.0  ...         76.57
2024-03                 18992000.0  ...         75.01
2024-04                 25635000.0  ...         77.08
2024-05                 31155000.0  ...         76.07
2024-06                 36889000.0  ...         75.95
2024-07                 43490000.0  ...         77.30
2024-08                 48802000.0  ...         76.69
2024-09                 54765000.0  ...         77.14
2024-10                 59509000.0  ...         75.63
2024-11                 65336000.0  ...         76.54
2024-12                 70369000.0  ...         76.45
2025-01                 75176000.0  ...         76.24
2025-02                 80823000.0  ...         76.68
2025-03                 85539000.0  ...         76.76
2025-04                 90935000.0  ...         76.99
2025-05                 95329000.0  ...         76.92
2025-06                 99363000.0  ...         76.44

[18 rows x 6 columns]
[2025-11-13T19:59:44.238+0000] {logging_mixin.py:188} INFO - 
======================================================================
[2025-11-13T19:59:44.239+0000] {logging_mixin.py:188} INFO - VERIFICACIÓN: ENERO 2024
[2025-11-13T19:59:44.240+0000] {logging_mixin.py:188} INFO - ======================================================================
[2025-11-13T19:59:44.283+0000] {logging_mixin.py:188} INFO - Donantes únicos: 1000
[2025-11-13T19:59:44.284+0000] {logging_mixin.py:188} INFO - Donaciones exitosas: 771
[2025-11-13T19:59:44.286+0000] {logging_mixin.py:188} INFO - Cobros fallidos: 225
[2025-11-13T19:59:44.287+0000] {logging_mixin.py:188} INFO - Fugados sin donación (monto=NaN): 4
[2025-11-13T19:59:44.288+0000] {logging_mixin.py:188} INFO - Tasa de éxito: 77.10%
[2025-11-13T19:59:46.744+0000] {logging_mixin.py:188} INFO - 
Archivo guardado correctamente en: /opt/***/scripts/../layer/raw/datos_donantes_sinteticos.csv
[2025-11-13T19:59:46.824+0000] {python.py:237} INFO - Done. Returned value was: /opt/***/scripts/../layer/raw/datos_donantes_sinteticos.csv
[2025-11-13T19:59:46.825+0000] {taskinstance.py:441} INFO - ::group::Post task execution logs
[2025-11-13T19:59:46.937+0000] {taskinstance.py:1206} INFO - Marking task as SUCCESS. dag_id=etl_donaciones_dag, task_id=generar_datos_sinteticos, run_id=scheduled__2025-11-12T00:00:00+00:00, execution_date=20251112T000000, start_date=20251113T195933, end_date=20251113T195946
[2025-11-13T19:59:47.052+0000] {local_task_job_runner.py:243} INFO - Task exited with return code 0
[2025-11-13T19:59:47.128+0000] {taskinstance.py:3503} INFO - 1 downstream tasks scheduled from follow-on schedule check
[2025-11-13T19:59:47.132+0000] {local_task_job_runner.py:222} INFO - ::endgroup::
