[2025-11-14T03:05:29.060+0000] {local_task_job_runner.py:120} INFO - ::group::Pre task execution logs
[2025-11-14T03:05:29.097+0000] {taskinstance.py:2076} INFO - Dependencies all met for dep_context=non-requeueable deps ti=<TaskInstance: etl_donaciones_dag.procesar_gold scheduled__2025-11-14T03:02:00+00:00 [queued]>
[2025-11-14T03:05:29.110+0000] {taskinstance.py:2076} INFO - Dependencies all met for dep_context=requeueable deps ti=<TaskInstance: etl_donaciones_dag.procesar_gold scheduled__2025-11-14T03:02:00+00:00 [queued]>
[2025-11-14T03:05:29.111+0000] {taskinstance.py:2306} INFO - Starting attempt 1 of 2
[2025-11-14T03:05:29.127+0000] {taskinstance.py:2330} INFO - Executing <Task(PythonOperator): procesar_gold> on 2025-11-14 03:02:00+00:00
[2025-11-14T03:05:29.141+0000] {standard_task_runner.py:64} INFO - Started process 2731 to run task
[2025-11-14T03:05:29.145+0000] {standard_task_runner.py:90} INFO - Running: ['***', 'tasks', 'run', 'etl_donaciones_dag', 'procesar_gold', 'scheduled__2025-11-14T03:02:00+00:00', '--job-id', '138', '--raw', '--subdir', 'DAGS_FOLDER/etl_donaciones_dag.py', '--cfg-path', '/tmp/tmph40bft_4']
[2025-11-14T03:05:29.149+0000] {standard_task_runner.py:91} INFO - Job 138: Subtask procesar_gold
[2025-11-14T03:05:29.250+0000] {task_command.py:426} INFO - Running <TaskInstance: etl_donaciones_dag.procesar_gold scheduled__2025-11-14T03:02:00+00:00 [running]> on host 130331ed4780
[2025-11-14T03:05:29.426+0000] {taskinstance.py:2648} INFO - Exporting env vars: AIRFLOW_CTX_DAG_OWNER='german' AIRFLOW_CTX_DAG_ID='etl_donaciones_dag' AIRFLOW_CTX_TASK_ID='procesar_gold' AIRFLOW_CTX_EXECUTION_DATE='2025-11-14T03:02:00+00:00' AIRFLOW_CTX_TRY_NUMBER='1' AIRFLOW_CTX_DAG_RUN_ID='scheduled__2025-11-14T03:02:00+00:00'
[2025-11-14T03:05:29.429+0000] {taskinstance.py:430} INFO - ::endgroup::
[2025-11-14T03:05:29.455+0000] {logging_mixin.py:188} INFO - ✓ Archivo encontrado en Silver: /opt/***/scripts/../layer/silver/donantes_silver.parquet
[2025-11-14T03:05:29.545+0000] {logging_mixin.py:188} INFO - ✓ Archivo leído correctamente. Registros cargados: 24000
[2025-11-14T03:05:40.029+0000] {logging_mixin.py:188} INFO - ✓ Datos Gold guardados en: /opt/***/scripts/../layer/gold
[2025-11-14T03:05:40.036+0000] {logging_mixin.py:188} INFO - ✓ Archivo indicador creado: /opt/***/scripts/../layer/gold/donantes_gold.py
[2025-11-14T03:05:40.037+0000] {logging_mixin.py:188} INFO - ✅ Proceso Gold finalizado correctamente.
[2025-11-14T03:05:40.038+0000] {logging_mixin.py:188} INFO - 📊 Resumen de resultados guardados:
[2025-11-14T03:05:40.038+0000] {logging_mixin.py:188} INFO -    - Total meses procesados: 24
[2025-11-14T03:05:40.039+0000] {logging_mixin.py:188} INFO -    - Monto total acumulado: $2,030,709,000
[2025-11-14T03:05:40.040+0000] {logging_mixin.py:188} INFO -    - Total transacciones: 197904
[2025-11-14T03:05:40.041+0000] {logging_mixin.py:188} INFO -    - Archivos generados:
[2025-11-14T03:05:40.041+0000] {logging_mixin.py:188} INFO -      • /opt/***/scripts/../layer/gold/suma_montos_gold.parquet
[2025-11-14T03:05:40.042+0000] {logging_mixin.py:188} INFO -      • /opt/***/scripts/../layer/gold/cantidad_personas_gold.parquet
[2025-11-14T03:05:40.075+0000] {python.py:237} INFO - Done. Returned value was: None
[2025-11-14T03:05:40.076+0000] {taskinstance.py:441} INFO - ::group::Post task execution logs
[2025-11-14T03:05:40.095+0000] {taskinstance.py:1206} INFO - Marking task as SUCCESS. dag_id=etl_donaciones_dag, task_id=procesar_gold, run_id=scheduled__2025-11-14T03:02:00+00:00, execution_date=20251114T030200, start_date=20251114T030529, end_date=20251114T030540
[2025-11-14T03:05:40.173+0000] {local_task_job_runner.py:243} INFO - Task exited with return code 0
[2025-11-14T03:05:40.207+0000] {taskinstance.py:3503} INFO - 0 downstream tasks scheduled from follow-on schedule check
[2025-11-14T03:05:40.210+0000] {local_task_job_runner.py:222} INFO - ::endgroup::
