[2025-11-13T20:25:25.383+0000] {local_task_job_runner.py:120} INFO - ::group::Pre task execution logs
[2025-11-13T20:25:25.453+0000] {taskinstance.py:2076} INFO - Dependencies all met for dep_context=non-requeueable deps ti=<TaskInstance: etl_donaciones_dag.generar_datos_sinteticos scheduled__2025-11-13T20:10:00+00:00 [queued]>
[2025-11-13T20:25:25.464+0000] {taskinstance.py:2076} INFO - Dependencies all met for dep_context=requeueable deps ti=<TaskInstance: etl_donaciones_dag.generar_datos_sinteticos scheduled__2025-11-13T20:10:00+00:00 [queued]>
[2025-11-13T20:25:25.466+0000] {taskinstance.py:2306} INFO - Starting attempt 1 of 2
[2025-11-13T20:25:25.482+0000] {taskinstance.py:2330} INFO - Executing <Task(PythonOperator): generar_datos_sinteticos> on 2025-11-13 20:10:00+00:00
[2025-11-13T20:25:25.518+0000] {standard_task_runner.py:64} INFO - Started process 311 to run task
[2025-11-13T20:25:25.521+0000] {standard_task_runner.py:90} INFO - Running: ['***', 'tasks', 'run', 'etl_donaciones_dag', 'generar_datos_sinteticos', 'scheduled__2025-11-13T20:10:00+00:00', '--job-id', '10', '--raw', '--subdir', 'DAGS_FOLDER/etl_donaciones_dag.py', '--cfg-path', '/tmp/tmpzcevyqen']
[2025-11-13T20:25:25.535+0000] {standard_task_runner.py:91} INFO - Job 10: Subtask generar_datos_sinteticos
[2025-11-13T20:25:25.659+0000] {task_command.py:426} INFO - Running <TaskInstance: etl_donaciones_dag.generar_datos_sinteticos scheduled__2025-11-13T20:10:00+00:00 [running]> on host b9eedff8ec6c
[2025-11-13T20:25:25.823+0000] {taskinstance.py:2648} INFO - Exporting env vars: AIRFLOW_CTX_DAG_OWNER='german' AIRFLOW_CTX_DAG_ID='etl_donaciones_dag' AIRFLOW_CTX_TASK_ID='generar_datos_sinteticos' AIRFLOW_CTX_EXECUTION_DATE='2025-11-13T20:10:00+00:00' AIRFLOW_CTX_TRY_NUMBER='1' AIRFLOW_CTX_DAG_RUN_ID='scheduled__2025-11-13T20:10:00+00:00'
[2025-11-13T20:25:25.824+0000] {taskinstance.py:430} INFO - ::endgroup::
[2025-11-13T20:25:25.856+0000] {logging_mixin.py:188} INFO - Efectividad promedio ponderada: 78.24%
[2025-11-13T20:25:25.857+0000] {logging_mixin.py:188} INFO - 
Procesando 2024-01...
[2025-11-13T20:25:25.968+0000] {logging_mixin.py:188} INFO -   Activos al final del mes: 980
[2025-11-13T20:25:25.968+0000] {logging_mixin.py:188} INFO -   Fugados en este mes: 20
[2025-11-13T20:25:25.969+0000] {logging_mixin.py:188} INFO -   Total fugados acumulados: 20
[2025-11-13T20:25:25.969+0000] {logging_mixin.py:188} INFO - 
Procesando 2024-02...
[2025-11-13T20:25:26.092+0000] {logging_mixin.py:188} INFO -   Activos al final del mes: 1941
[2025-11-13T20:25:26.093+0000] {logging_mixin.py:188} INFO -   Fugados en este mes: 39
[2025-11-13T20:25:26.094+0000] {logging_mixin.py:188} INFO -   Total fugados acumulados: 59
[2025-11-13T20:25:26.094+0000] {logging_mixin.py:188} INFO - 
Procesando 2024-03...
[2025-11-13T20:25:26.186+0000] {logging_mixin.py:188} INFO -   Activos al final del mes: 2883
[2025-11-13T20:25:26.186+0000] {logging_mixin.py:188} INFO -   Fugados en este mes: 58
[2025-11-13T20:25:26.187+0000] {logging_mixin.py:188} INFO -   Total fugados acumulados: 117
[2025-11-13T20:25:26.188+0000] {logging_mixin.py:188} INFO - 
Procesando 2024-04...
[2025-11-13T20:25:26.364+0000] {logging_mixin.py:188} INFO -   Activos al final del mes: 3806
[2025-11-13T20:25:26.365+0000] {logging_mixin.py:188} INFO -   Fugados en este mes: 77
[2025-11-13T20:25:26.366+0000] {logging_mixin.py:188} INFO -   Total fugados acumulados: 194
[2025-11-13T20:25:26.367+0000] {logging_mixin.py:188} INFO - 
Procesando 2024-05...
[2025-11-13T20:25:26.564+0000] {logging_mixin.py:188} INFO -   Activos al final del mes: 4710
[2025-11-13T20:25:26.565+0000] {logging_mixin.py:188} INFO -   Fugados en este mes: 96
[2025-11-13T20:25:26.566+0000] {logging_mixin.py:188} INFO -   Total fugados acumulados: 290
[2025-11-13T20:25:26.566+0000] {logging_mixin.py:188} INFO - 
Procesando 2024-06...
[2025-11-13T20:25:26.738+0000] {logging_mixin.py:188} INFO -   Activos al final del mes: 5596
[2025-11-13T20:25:26.739+0000] {logging_mixin.py:188} INFO -   Fugados en este mes: 114
[2025-11-13T20:25:26.740+0000] {logging_mixin.py:188} INFO -   Total fugados acumulados: 404
[2025-11-13T20:25:26.740+0000] {logging_mixin.py:188} INFO - 
Procesando 2024-07...
[2025-11-13T20:25:26.932+0000] {logging_mixin.py:188} INFO -   Activos al final del mes: 6465
[2025-11-13T20:25:26.933+0000] {logging_mixin.py:188} INFO -   Fugados en este mes: 131
[2025-11-13T20:25:26.934+0000] {logging_mixin.py:188} INFO -   Total fugados acumulados: 535
[2025-11-13T20:25:26.934+0000] {logging_mixin.py:188} INFO - 
Procesando 2024-08...
[2025-11-13T20:25:27.088+0000] {logging_mixin.py:188} INFO -   Activos al final del mes: 7316
[2025-11-13T20:25:27.089+0000] {logging_mixin.py:188} INFO -   Fugados en este mes: 149
[2025-11-13T20:25:27.089+0000] {logging_mixin.py:188} INFO -   Total fugados acumulados: 684
[2025-11-13T20:25:27.090+0000] {logging_mixin.py:188} INFO - 
Procesando 2024-09...
[2025-11-13T20:25:27.253+0000] {logging_mixin.py:188} INFO -   Activos al final del mes: 8150
[2025-11-13T20:25:27.254+0000] {logging_mixin.py:188} INFO -   Fugados en este mes: 166
[2025-11-13T20:25:27.254+0000] {logging_mixin.py:188} INFO -   Total fugados acumulados: 850
[2025-11-13T20:25:27.255+0000] {logging_mixin.py:188} INFO - 
Procesando 2024-10...
[2025-11-13T20:25:27.498+0000] {logging_mixin.py:188} INFO -   Activos al final del mes: 8967
[2025-11-13T20:25:27.499+0000] {logging_mixin.py:188} INFO -   Fugados en este mes: 183
[2025-11-13T20:25:27.500+0000] {logging_mixin.py:188} INFO -   Total fugados acumulados: 1033
[2025-11-13T20:25:27.501+0000] {logging_mixin.py:188} INFO - 
Procesando 2024-11...
[2025-11-13T20:25:27.708+0000] {logging_mixin.py:188} INFO -   Activos al final del mes: 9768
[2025-11-13T20:25:27.709+0000] {logging_mixin.py:188} INFO -   Fugados en este mes: 199
[2025-11-13T20:25:27.709+0000] {logging_mixin.py:188} INFO -   Total fugados acumulados: 1232
[2025-11-13T20:25:27.710+0000] {logging_mixin.py:188} INFO - 
Procesando 2024-12...
[2025-11-13T20:25:27.967+0000] {logging_mixin.py:188} INFO -   Activos al final del mes: 10553
[2025-11-13T20:25:27.968+0000] {logging_mixin.py:188} INFO -   Fugados en este mes: 215
[2025-11-13T20:25:27.969+0000] {logging_mixin.py:188} INFO -   Total fugados acumulados: 1447
[2025-11-13T20:25:27.969+0000] {logging_mixin.py:188} INFO - 
Procesando 2025-01...
[2025-11-13T20:25:28.215+0000] {logging_mixin.py:188} INFO -   Activos al final del mes: 11322
[2025-11-13T20:25:28.216+0000] {logging_mixin.py:188} INFO -   Fugados en este mes: 231
[2025-11-13T20:25:28.216+0000] {logging_mixin.py:188} INFO -   Total fugados acumulados: 1678
[2025-11-13T20:25:28.217+0000] {logging_mixin.py:188} INFO - 
Procesando 2025-02...
[2025-11-13T20:25:28.490+0000] {logging_mixin.py:188} INFO -   Activos al final del mes: 12076
[2025-11-13T20:25:28.491+0000] {logging_mixin.py:188} INFO -   Fugados en este mes: 246
[2025-11-13T20:25:28.492+0000] {logging_mixin.py:188} INFO -   Total fugados acumulados: 1924
[2025-11-13T20:25:28.492+0000] {logging_mixin.py:188} INFO - 
Procesando 2025-03...
[2025-11-13T20:25:28.882+0000] {logging_mixin.py:188} INFO -   Activos al final del mes: 12815
[2025-11-13T20:25:28.883+0000] {logging_mixin.py:188} INFO -   Fugados en este mes: 261
[2025-11-13T20:25:28.884+0000] {logging_mixin.py:188} INFO -   Total fugados acumulados: 2185
[2025-11-13T20:25:28.885+0000] {logging_mixin.py:188} INFO - 
Procesando 2025-04...
[2025-11-13T20:25:29.296+0000] {logging_mixin.py:188} INFO -   Activos al final del mes: 13539
[2025-11-13T20:25:29.296+0000] {logging_mixin.py:188} INFO -   Fugados en este mes: 276
[2025-11-13T20:25:29.297+0000] {logging_mixin.py:188} INFO -   Total fugados acumulados: 2461
[2025-11-13T20:25:29.298+0000] {logging_mixin.py:188} INFO - 
Procesando 2025-05...
[2025-11-13T20:25:29.758+0000] {logging_mixin.py:188} INFO -   Activos al final del mes: 14249
[2025-11-13T20:25:29.759+0000] {logging_mixin.py:188} INFO -   Fugados en este mes: 290
[2025-11-13T20:25:29.760+0000] {logging_mixin.py:188} INFO -   Total fugados acumulados: 2751
[2025-11-13T20:25:29.760+0000] {logging_mixin.py:188} INFO - 
Procesando 2025-06...
[2025-11-13T20:25:30.270+0000] {logging_mixin.py:188} INFO -   Activos al final del mes: 14945
[2025-11-13T20:25:30.271+0000] {logging_mixin.py:188} INFO -   Fugados en este mes: 304
[2025-11-13T20:25:30.274+0000] {logging_mixin.py:188} INFO -   Total fugados acumulados: 3055
[2025-11-13T20:25:34.683+0000] {logging_mixin.py:188} INFO - 
======================================================================
[2025-11-13T20:25:34.685+0000] {logging_mixin.py:188} INFO - RESUMEN DE DATOS GENERADOS
[2025-11-13T20:25:34.686+0000] {logging_mixin.py:188} INFO - ======================================================================
[2025-11-13T20:25:34.686+0000] {logging_mixin.py:188} INFO - Total de registros: 153,136
[2025-11-13T20:25:34.723+0000] {logging_mixin.py:188} INFO - Socios únicos totales: 18,000
[2025-11-13T20:25:34.725+0000] {logging_mixin.py:188} INFO - Socios activos al final: 14,945
[2025-11-13T20:25:34.727+0000] {logging_mixin.py:188} INFO - Socios fugados totales: 3,055
[2025-11-13T20:25:34.727+0000] {logging_mixin.py:188} INFO - 
Distribución por Método de Pago:
[2025-11-13T20:25:34.755+0000] {logging_mixin.py:188} INFO - Cuenta Rut          10794
Cuenta Vista         3228
Cuenta Corriente     2129
Tarjeta Crédito      1849
Name: count, dtype: int64
[2025-11-13T20:25:34.758+0000] {logging_mixin.py:188} INFO - 
Porcentajes:
[2025-11-13T20:25:34.771+0000] {logging_mixin.py:188} INFO - Cuenta Rut          59.97
Cuenta Vista        17.93
Cuenta Corriente    11.83
Tarjeta Crédito     10.27
Name: count, dtype: float64
[2025-11-13T20:25:34.771+0000] {logging_mixin.py:188} INFO - 
Distribución por Estrategia:
[2025-11-13T20:25:34.791+0000] {logging_mixin.py:188} INFO - Face to Face     14474
Telemarketing     3526
Name: count, dtype: int64
[2025-11-13T20:25:34.792+0000] {logging_mixin.py:188} INFO - 
Porcentajes:
[2025-11-13T20:25:34.799+0000] {logging_mixin.py:188} INFO - Face to Face     80.41
Telemarketing    19.59
Name: count, dtype: float64
[2025-11-13T20:25:34.840+0000] {logging_mixin.py:188} INFO - 
Análisis de Fugados:
[2025-11-13T20:25:34.842+0000] {logging_mixin.py:188} INFO - Fugados que NUNCA donaron: 3055 (100.0%)
[2025-11-13T20:25:34.843+0000] {logging_mixin.py:188} INFO - Fugados que SÍ donaron: 0 (0.0%)
[2025-11-13T20:25:34.845+0000] {logging_mixin.py:188} INFO - 
======================================================================
[2025-11-13T20:25:34.845+0000] {logging_mixin.py:188} INFO - RESUMEN POR MES
[2025-11-13T20:25:34.846+0000] {logging_mixin.py:188} INFO - ======================================================================
[2025-11-13T20:25:35.317+0000] {logging_mixin.py:188} INFO -                   Total_Donaciones  ...  Tasa_Exito_%
Año_Mes_Donacion                    ...              
2024-01                  6700000.0  ...         77.10
2024-02                 13180000.0  ...         76.57
2024-03                 18992000.0  ...         75.01
2024-04                 25635000.0  ...         77.08
2024-05                 31155000.0  ...         76.07
2024-06                 36889000.0  ...         75.95
2024-07                 43490000.0  ...         77.30
2024-08                 48802000.0  ...         76.69
2024-09                 54765000.0  ...         77.14
2024-10                 59509000.0  ...         75.63
2024-11                 65336000.0  ...         76.54
2024-12                 70369000.0  ...         76.45
2025-01                 75176000.0  ...         76.24
2025-02                 80823000.0  ...         76.68
2025-03                 85539000.0  ...         76.76
2025-04                 90935000.0  ...         76.99
2025-05                 95329000.0  ...         76.92
2025-06                 99363000.0  ...         76.44

[18 rows x 6 columns]
[2025-11-13T20:25:35.318+0000] {logging_mixin.py:188} INFO - 
======================================================================
[2025-11-13T20:25:35.319+0000] {logging_mixin.py:188} INFO - VERIFICACIÓN: ENERO 2024
[2025-11-13T20:25:35.320+0000] {logging_mixin.py:188} INFO - ======================================================================
[2025-11-13T20:25:35.391+0000] {logging_mixin.py:188} INFO - Donantes únicos: 1000
[2025-11-13T20:25:35.400+0000] {logging_mixin.py:188} INFO - Donaciones exitosas: 771
[2025-11-13T20:25:35.407+0000] {logging_mixin.py:188} INFO - Cobros fallidos: 225
[2025-11-13T20:25:35.411+0000] {logging_mixin.py:188} INFO - Fugados sin donación (monto=NaN): 4
[2025-11-13T20:25:35.413+0000] {logging_mixin.py:188} INFO - Tasa de éxito: 77.10%
[2025-11-13T20:25:39.004+0000] {logging_mixin.py:188} INFO - 
Archivo guardado correctamente en: /opt/***/scripts/../layer/raw/datos_donantes_sinteticos.csv
[2025-11-13T20:25:39.193+0000] {python.py:237} INFO - Done. Returned value was: /opt/***/scripts/../layer/raw/datos_donantes_sinteticos.csv
[2025-11-13T20:25:39.194+0000] {taskinstance.py:441} INFO - ::group::Post task execution logs
[2025-11-13T20:25:39.320+0000] {taskinstance.py:1206} INFO - Marking task as SUCCESS. dag_id=etl_donaciones_dag, task_id=generar_datos_sinteticos, run_id=scheduled__2025-11-13T20:10:00+00:00, execution_date=20251113T201000, start_date=20251113T202525, end_date=20251113T202539
[2025-11-13T20:25:39.404+0000] {local_task_job_runner.py:243} INFO - Task exited with return code 0
[2025-11-13T20:25:39.481+0000] {taskinstance.py:3503} INFO - 1 downstream tasks scheduled from follow-on schedule check
[2025-11-13T20:25:39.484+0000] {local_task_job_runner.py:222} INFO - ::endgroup::
