[2025-11-13T21:10:07.383+0000] {local_task_job_runner.py:120} INFO - ::group::Pre task execution logs
[2025-11-13T21:10:07.465+0000] {taskinstance.py:2076} INFO - Dependencies all met for dep_context=non-requeueable deps ti=<TaskInstance: etl_donaciones_dag.generar_datos_sinteticos scheduled__2025-11-13T21:00:00+00:00 [queued]>
[2025-11-13T21:10:07.477+0000] {taskinstance.py:2076} INFO - Dependencies all met for dep_context=requeueable deps ti=<TaskInstance: etl_donaciones_dag.generar_datos_sinteticos scheduled__2025-11-13T21:00:00+00:00 [queued]>
[2025-11-13T21:10:07.478+0000] {taskinstance.py:2306} INFO - Starting attempt 1 of 2
[2025-11-13T21:10:07.498+0000] {taskinstance.py:2330} INFO - Executing <Task(PythonOperator): generar_datos_sinteticos> on 2025-11-13 21:00:00+00:00
[2025-11-13T21:10:07.527+0000] {standard_task_runner.py:64} INFO - Started process 1778 to run task
[2025-11-13T21:10:07.534+0000] {standard_task_runner.py:90} INFO - Running: ['***', 'tasks', 'run', 'etl_donaciones_dag', 'generar_datos_sinteticos', 'scheduled__2025-11-13T21:00:00+00:00', '--job-id', '46', '--raw', '--subdir', 'DAGS_FOLDER/etl_donaciones_dag.py', '--cfg-path', '/tmp/tmp4i_5qge4']
[2025-11-13T21:10:07.542+0000] {standard_task_runner.py:91} INFO - Job 46: Subtask generar_datos_sinteticos
[2025-11-13T21:10:07.647+0000] {task_command.py:426} INFO - Running <TaskInstance: etl_donaciones_dag.generar_datos_sinteticos scheduled__2025-11-13T21:00:00+00:00 [running]> on host b9eedff8ec6c
[2025-11-13T21:10:07.835+0000] {taskinstance.py:2648} INFO - Exporting env vars: AIRFLOW_CTX_DAG_OWNER='german' AIRFLOW_CTX_DAG_ID='etl_donaciones_dag' AIRFLOW_CTX_TASK_ID='generar_datos_sinteticos' AIRFLOW_CTX_EXECUTION_DATE='2025-11-13T21:00:00+00:00' AIRFLOW_CTX_TRY_NUMBER='1' AIRFLOW_CTX_DAG_RUN_ID='scheduled__2025-11-13T21:00:00+00:00'
[2025-11-13T21:10:07.837+0000] {taskinstance.py:430} INFO - ::endgroup::
[2025-11-13T21:10:07.887+0000] {logging_mixin.py:188} INFO - Efectividad promedio ponderada: 78.24%
[2025-11-13T21:10:07.888+0000] {logging_mixin.py:188} INFO - 
Procesando 2024-01...
[2025-11-13T21:10:07.999+0000] {logging_mixin.py:188} INFO -   Activos al final del mes: 980
[2025-11-13T21:10:08.000+0000] {logging_mixin.py:188} INFO -   Fugados en este mes: 20
[2025-11-13T21:10:08.001+0000] {logging_mixin.py:188} INFO -   Total fugados acumulados: 20
[2025-11-13T21:10:08.002+0000] {logging_mixin.py:188} INFO - 
Procesando 2024-02...
[2025-11-13T21:10:08.099+0000] {logging_mixin.py:188} INFO -   Activos al final del mes: 1941
[2025-11-13T21:10:08.100+0000] {logging_mixin.py:188} INFO -   Fugados en este mes: 39
[2025-11-13T21:10:08.101+0000] {logging_mixin.py:188} INFO -   Total fugados acumulados: 59
[2025-11-13T21:10:08.102+0000] {logging_mixin.py:188} INFO - 
Procesando 2024-03...
[2025-11-13T21:10:08.374+0000] {logging_mixin.py:188} INFO -   Activos al final del mes: 2883
[2025-11-13T21:10:08.383+0000] {logging_mixin.py:188} INFO -   Fugados en este mes: 58
[2025-11-13T21:10:08.387+0000] {logging_mixin.py:188} INFO -   Total fugados acumulados: 117
[2025-11-13T21:10:08.393+0000] {logging_mixin.py:188} INFO - 
Procesando 2024-04...
[2025-11-13T21:10:08.937+0000] {logging_mixin.py:188} INFO -   Activos al final del mes: 3806
[2025-11-13T21:10:08.940+0000] {logging_mixin.py:188} INFO -   Fugados en este mes: 77
[2025-11-13T21:10:08.942+0000] {logging_mixin.py:188} INFO -   Total fugados acumulados: 194
[2025-11-13T21:10:08.951+0000] {logging_mixin.py:188} INFO - 
Procesando 2024-05...
[2025-11-13T21:10:09.584+0000] {logging_mixin.py:188} INFO -   Activos al final del mes: 4710
[2025-11-13T21:10:09.585+0000] {logging_mixin.py:188} INFO -   Fugados en este mes: 96
[2025-11-13T21:10:09.586+0000] {logging_mixin.py:188} INFO -   Total fugados acumulados: 290
[2025-11-13T21:10:09.588+0000] {logging_mixin.py:188} INFO - 
Procesando 2024-06...
[2025-11-13T21:10:10.073+0000] {logging_mixin.py:188} INFO -   Activos al final del mes: 5596
[2025-11-13T21:10:10.075+0000] {logging_mixin.py:188} INFO -   Fugados en este mes: 114
[2025-11-13T21:10:10.076+0000] {logging_mixin.py:188} INFO -   Total fugados acumulados: 404
[2025-11-13T21:10:10.077+0000] {logging_mixin.py:188} INFO - 
Procesando 2024-07...
[2025-11-13T21:10:10.656+0000] {logging_mixin.py:188} INFO -   Activos al final del mes: 6465
[2025-11-13T21:10:10.657+0000] {logging_mixin.py:188} INFO -   Fugados en este mes: 131
[2025-11-13T21:10:10.658+0000] {logging_mixin.py:188} INFO -   Total fugados acumulados: 535
[2025-11-13T21:10:10.659+0000] {logging_mixin.py:188} INFO - 
Procesando 2024-08...
[2025-11-13T21:10:11.240+0000] {logging_mixin.py:188} INFO -   Activos al final del mes: 7316
[2025-11-13T21:10:11.242+0000] {logging_mixin.py:188} INFO -   Fugados en este mes: 149
[2025-11-13T21:10:11.243+0000] {logging_mixin.py:188} INFO -   Total fugados acumulados: 684
[2025-11-13T21:10:11.244+0000] {logging_mixin.py:188} INFO - 
Procesando 2024-09...
[2025-11-13T21:10:11.715+0000] {logging_mixin.py:188} INFO -   Activos al final del mes: 8150
[2025-11-13T21:10:11.717+0000] {logging_mixin.py:188} INFO -   Fugados en este mes: 166
[2025-11-13T21:10:11.718+0000] {logging_mixin.py:188} INFO -   Total fugados acumulados: 850
[2025-11-13T21:10:11.719+0000] {logging_mixin.py:188} INFO - 
Procesando 2024-10...
[2025-11-13T21:10:12.208+0000] {logging_mixin.py:188} INFO -   Activos al final del mes: 8967
[2025-11-13T21:10:12.209+0000] {logging_mixin.py:188} INFO -   Fugados en este mes: 183
[2025-11-13T21:10:12.210+0000] {logging_mixin.py:188} INFO -   Total fugados acumulados: 1033
[2025-11-13T21:10:12.211+0000] {logging_mixin.py:188} INFO - 
Procesando 2024-11...
[2025-11-13T21:10:12.657+0000] {logging_mixin.py:188} INFO -   Activos al final del mes: 9768
[2025-11-13T21:10:12.658+0000] {logging_mixin.py:188} INFO -   Fugados en este mes: 199
[2025-11-13T21:10:12.659+0000] {logging_mixin.py:188} INFO -   Total fugados acumulados: 1232
[2025-11-13T21:10:12.660+0000] {logging_mixin.py:188} INFO - 
Procesando 2024-12...
[2025-11-13T21:10:13.052+0000] {logging_mixin.py:188} INFO -   Activos al final del mes: 10553
[2025-11-13T21:10:13.053+0000] {logging_mixin.py:188} INFO -   Fugados en este mes: 215
[2025-11-13T21:10:13.054+0000] {logging_mixin.py:188} INFO -   Total fugados acumulados: 1447
[2025-11-13T21:10:13.055+0000] {logging_mixin.py:188} INFO - 
Procesando 2025-01...
[2025-11-13T21:10:13.853+0000] {logging_mixin.py:188} INFO -   Activos al final del mes: 11322
[2025-11-13T21:10:13.860+0000] {logging_mixin.py:188} INFO -   Fugados en este mes: 231
[2025-11-13T21:10:13.867+0000] {logging_mixin.py:188} INFO -   Total fugados acumulados: 1678
[2025-11-13T21:10:13.870+0000] {logging_mixin.py:188} INFO - 
Procesando 2025-02...
[2025-11-13T21:10:15.260+0000] {logging_mixin.py:188} INFO -   Activos al final del mes: 12076
[2025-11-13T21:10:15.264+0000] {logging_mixin.py:188} INFO -   Fugados en este mes: 246
[2025-11-13T21:10:15.266+0000] {logging_mixin.py:188} INFO -   Total fugados acumulados: 1924
[2025-11-13T21:10:15.269+0000] {logging_mixin.py:188} INFO - 
Procesando 2025-03...
[2025-11-13T21:10:16.507+0000] {logging_mixin.py:188} INFO -   Activos al final del mes: 12815
[2025-11-13T21:10:16.509+0000] {logging_mixin.py:188} INFO -   Fugados en este mes: 261
[2025-11-13T21:10:16.515+0000] {logging_mixin.py:188} INFO -   Total fugados acumulados: 2185
[2025-11-13T21:10:16.520+0000] {logging_mixin.py:188} INFO - 
Procesando 2025-04...
[2025-11-13T21:10:17.670+0000] {logging_mixin.py:188} INFO -   Activos al final del mes: 13539
[2025-11-13T21:10:17.673+0000] {logging_mixin.py:188} INFO -   Fugados en este mes: 276
[2025-11-13T21:10:17.681+0000] {logging_mixin.py:188} INFO -   Total fugados acumulados: 2461
[2025-11-13T21:10:17.683+0000] {logging_mixin.py:188} INFO - 
Procesando 2025-05...
[2025-11-13T21:10:18.625+0000] {logging_mixin.py:188} INFO -   Activos al final del mes: 14249
[2025-11-13T21:10:18.626+0000] {logging_mixin.py:188} INFO -   Fugados en este mes: 290
[2025-11-13T21:10:18.627+0000] {logging_mixin.py:188} INFO -   Total fugados acumulados: 2751
[2025-11-13T21:10:18.628+0000] {logging_mixin.py:188} INFO - 
Procesando 2025-06...
[2025-11-13T21:10:19.325+0000] {logging_mixin.py:188} INFO -   Activos al final del mes: 14945
[2025-11-13T21:10:19.326+0000] {logging_mixin.py:188} INFO -   Fugados en este mes: 304
[2025-11-13T21:10:19.328+0000] {logging_mixin.py:188} INFO -   Total fugados acumulados: 3055
[2025-11-13T21:10:21.251+0000] {logging_mixin.py:188} INFO - 
======================================================================
[2025-11-13T21:10:21.254+0000] {logging_mixin.py:188} INFO - RESUMEN DE DATOS GENERADOS
[2025-11-13T21:10:21.255+0000] {logging_mixin.py:188} INFO - ======================================================================
[2025-11-13T21:10:21.255+0000] {logging_mixin.py:188} INFO - Total de registros: 153,136
[2025-11-13T21:10:21.273+0000] {logging_mixin.py:188} INFO - Socios únicos totales: 18,000
[2025-11-13T21:10:21.274+0000] {logging_mixin.py:188} INFO - Socios activos al final: 14,945
[2025-11-13T21:10:21.275+0000] {logging_mixin.py:188} INFO - Socios fugados totales: 3,055
[2025-11-13T21:10:21.275+0000] {logging_mixin.py:188} INFO - 
Distribución por Método de Pago:
[2025-11-13T21:10:21.299+0000] {logging_mixin.py:188} INFO - Cuenta Rut          10794
Cuenta Vista         3228
Cuenta Corriente     2129
Tarjeta Crédito      1849
Name: count, dtype: int64
[2025-11-13T21:10:21.299+0000] {logging_mixin.py:188} INFO - 
Porcentajes:
[2025-11-13T21:10:21.307+0000] {logging_mixin.py:188} INFO - Cuenta Rut          59.97
Cuenta Vista        17.93
Cuenta Corriente    11.83
Tarjeta Crédito     10.27
Name: count, dtype: float64
[2025-11-13T21:10:21.308+0000] {logging_mixin.py:188} INFO - 
Distribución por Estrategia:
[2025-11-13T21:10:21.320+0000] {logging_mixin.py:188} INFO - Face to Face     14474
Telemarketing     3526
Name: count, dtype: int64
[2025-11-13T21:10:21.321+0000] {logging_mixin.py:188} INFO - 
Porcentajes:
[2025-11-13T21:10:21.322+0000] {logging_mixin.py:188} INFO - Face to Face     80.41
Telemarketing    19.59
Name: count, dtype: float64
[2025-11-13T21:10:21.360+0000] {logging_mixin.py:188} INFO - 
Análisis de Fugados:
[2025-11-13T21:10:21.362+0000] {logging_mixin.py:188} INFO - Fugados que NUNCA donaron: 3055 (100.0%)
[2025-11-13T21:10:21.363+0000] {logging_mixin.py:188} INFO - Fugados que SÍ donaron: 0 (0.0%)
[2025-11-13T21:10:21.364+0000] {logging_mixin.py:188} INFO - 
======================================================================
[2025-11-13T21:10:21.364+0000] {logging_mixin.py:188} INFO - RESUMEN POR MES
[2025-11-13T21:10:21.365+0000] {logging_mixin.py:188} INFO - ======================================================================
[2025-11-13T21:10:21.742+0000] {logging_mixin.py:188} INFO -                   Total_Donaciones  ...  Tasa_Exito_%
Año_Mes_Donacion                    ...              
2024-01                  6700000.0  ...         77.10
2024-02                 13180000.0  ...         76.57
2024-03                 18992000.0  ...         75.01
2024-04                 25635000.0  ...         77.08
2024-05                 31155000.0  ...         76.07
2024-06                 36889000.0  ...         75.95
2024-07                 43490000.0  ...         77.30
2024-08                 48802000.0  ...         76.69
2024-09                 54765000.0  ...         77.14
2024-10                 59509000.0  ...         75.63
2024-11                 65336000.0  ...         76.54
2024-12                 70369000.0  ...         76.45
2025-01                 75176000.0  ...         76.24
2025-02                 80823000.0  ...         76.68
2025-03                 85539000.0  ...         76.76
2025-04                 90935000.0  ...         76.99
2025-05                 95329000.0  ...         76.92
2025-06                 99363000.0  ...         76.44

[18 rows x 6 columns]
[2025-11-13T21:10:21.744+0000] {logging_mixin.py:188} INFO - 
======================================================================
[2025-11-13T21:10:21.749+0000] {logging_mixin.py:188} INFO - VERIFICACIÓN: ENERO 2024
[2025-11-13T21:10:21.753+0000] {logging_mixin.py:188} INFO - ======================================================================
[2025-11-13T21:10:21.796+0000] {logging_mixin.py:188} INFO - Donantes únicos: 1000
[2025-11-13T21:10:21.797+0000] {logging_mixin.py:188} INFO - Donaciones exitosas: 771
[2025-11-13T21:10:21.798+0000] {logging_mixin.py:188} INFO - Cobros fallidos: 225
[2025-11-13T21:10:21.799+0000] {logging_mixin.py:188} INFO - Fugados sin donación (monto=NaN): 4
[2025-11-13T21:10:21.800+0000] {logging_mixin.py:188} INFO - Tasa de éxito: 77.10%
[2025-11-13T21:10:27.209+0000] {logging_mixin.py:188} INFO - 
Archivo guardado correctamente en: /opt/***/scripts/../layer/raw/datos_donantes_sinteticos.csv
[2025-11-13T21:10:27.826+0000] {python.py:237} INFO - Done. Returned value was: /opt/***/scripts/../layer/raw/datos_donantes_sinteticos.csv
[2025-11-13T21:10:27.831+0000] {taskinstance.py:441} INFO - ::group::Post task execution logs
[2025-11-13T21:10:28.357+0000] {taskinstance.py:1206} INFO - Marking task as SUCCESS. dag_id=etl_donaciones_dag, task_id=generar_datos_sinteticos, run_id=scheduled__2025-11-13T21:00:00+00:00, execution_date=20251113T210000, start_date=20251113T211007, end_date=20251113T211028
[2025-11-13T21:10:28.643+0000] {local_task_job_runner.py:243} INFO - Task exited with return code 0
[2025-11-13T21:10:29.006+0000] {taskinstance.py:3503} INFO - 0 downstream tasks scheduled from follow-on schedule check
[2025-11-13T21:10:29.010+0000] {local_task_job_runner.py:222} INFO - ::endgroup::
