[2025-11-14T02:20:02.736+0000] {local_task_job_runner.py:120} INFO - ::group::Pre task execution logs
[2025-11-14T02:20:02.785+0000] {taskinstance.py:2076} INFO - Dependencies all met for dep_context=non-requeueable deps ti=<TaskInstance: etl_donaciones_dag.generar_datos_sinteticos scheduled__2025-11-14T02:10:00+00:00 [queued]>
[2025-11-14T02:20:02.793+0000] {taskinstance.py:2076} INFO - Dependencies all met for dep_context=requeueable deps ti=<TaskInstance: etl_donaciones_dag.generar_datos_sinteticos scheduled__2025-11-14T02:10:00+00:00 [queued]>
[2025-11-14T02:20:02.797+0000] {taskinstance.py:2306} INFO - Starting attempt 1 of 2
[2025-11-14T02:20:02.815+0000] {taskinstance.py:2330} INFO - Executing <Task(PythonOperator): generar_datos_sinteticos> on 2025-11-14 02:10:00+00:00
[2025-11-14T02:20:02.826+0000] {standard_task_runner.py:64} INFO - Started process 870 to run task
[2025-11-14T02:20:02.834+0000] {standard_task_runner.py:90} INFO - Running: ['***', 'tasks', 'run', 'etl_donaciones_dag', 'generar_datos_sinteticos', 'scheduled__2025-11-14T02:10:00+00:00', '--job-id', '75', '--raw', '--subdir', 'DAGS_FOLDER/etl_donaciones_dag.py', '--cfg-path', '/tmp/tmp6_6joxu0']
[2025-11-14T02:20:02.850+0000] {standard_task_runner.py:91} INFO - Job 75: Subtask generar_datos_sinteticos
[2025-11-14T02:20:02.989+0000] {task_command.py:426} INFO - Running <TaskInstance: etl_donaciones_dag.generar_datos_sinteticos scheduled__2025-11-14T02:10:00+00:00 [running]> on host 130331ed4780
[2025-11-14T02:20:03.167+0000] {taskinstance.py:2648} INFO - Exporting env vars: AIRFLOW_CTX_DAG_OWNER='german' AIRFLOW_CTX_DAG_ID='etl_donaciones_dag' AIRFLOW_CTX_TASK_ID='generar_datos_sinteticos' AIRFLOW_CTX_EXECUTION_DATE='2025-11-14T02:10:00+00:00' AIRFLOW_CTX_TRY_NUMBER='1' AIRFLOW_CTX_DAG_RUN_ID='scheduled__2025-11-14T02:10:00+00:00'
[2025-11-14T02:20:03.169+0000] {taskinstance.py:430} INFO - ::endgroup::
[2025-11-14T02:20:03.192+0000] {logging_mixin.py:188} INFO - Efectividad promedio ponderada: 78.24%
[2025-11-14T02:20:03.193+0000] {logging_mixin.py:188} INFO - 
Procesando 2023-06...
[2025-11-14T02:20:03.276+0000] {logging_mixin.py:188} INFO -   Activos al final del mes: 980
[2025-11-14T02:20:03.277+0000] {logging_mixin.py:188} INFO -   Fugados en este mes: 20
[2025-11-14T02:20:03.278+0000] {logging_mixin.py:188} INFO -   Total fugados acumulados: 20
[2025-11-14T02:20:03.278+0000] {logging_mixin.py:188} INFO - 
Procesando 2023-07...
[2025-11-14T02:20:03.366+0000] {logging_mixin.py:188} INFO -   Activos al final del mes: 1941
[2025-11-14T02:20:03.367+0000] {logging_mixin.py:188} INFO -   Fugados en este mes: 39
[2025-11-14T02:20:03.367+0000] {logging_mixin.py:188} INFO -   Total fugados acumulados: 59
[2025-11-14T02:20:03.368+0000] {logging_mixin.py:188} INFO - 
Procesando 2023-08...
[2025-11-14T02:20:03.493+0000] {logging_mixin.py:188} INFO -   Activos al final del mes: 2883
[2025-11-14T02:20:03.498+0000] {logging_mixin.py:188} INFO -   Fugados en este mes: 58
[2025-11-14T02:20:03.500+0000] {logging_mixin.py:188} INFO -   Total fugados acumulados: 117
[2025-11-14T02:20:03.501+0000] {logging_mixin.py:188} INFO - 
Procesando 2023-09...
[2025-11-14T02:20:03.657+0000] {logging_mixin.py:188} INFO -   Activos al final del mes: 3806
[2025-11-14T02:20:03.658+0000] {logging_mixin.py:188} INFO -   Fugados en este mes: 77
[2025-11-14T02:20:03.659+0000] {logging_mixin.py:188} INFO -   Total fugados acumulados: 194
[2025-11-14T02:20:03.659+0000] {logging_mixin.py:188} INFO - 
Procesando 2023-10...
[2025-11-14T02:20:03.819+0000] {logging_mixin.py:188} INFO -   Activos al final del mes: 4710
[2025-11-14T02:20:03.820+0000] {logging_mixin.py:188} INFO -   Fugados en este mes: 96
[2025-11-14T02:20:03.821+0000] {logging_mixin.py:188} INFO -   Total fugados acumulados: 290
[2025-11-14T02:20:03.821+0000] {logging_mixin.py:188} INFO - 
Procesando 2023-11...
[2025-11-14T02:20:04.008+0000] {logging_mixin.py:188} INFO -   Activos al final del mes: 5596
[2025-11-14T02:20:04.010+0000] {logging_mixin.py:188} INFO -   Fugados en este mes: 114
[2025-11-14T02:20:04.013+0000] {logging_mixin.py:188} INFO -   Total fugados acumulados: 404
[2025-11-14T02:20:04.015+0000] {logging_mixin.py:188} INFO - 
Procesando 2023-12...
[2025-11-14T02:20:04.192+0000] {logging_mixin.py:188} INFO -   Activos al final del mes: 6465
[2025-11-14T02:20:04.193+0000] {logging_mixin.py:188} INFO -   Fugados en este mes: 131
[2025-11-14T02:20:04.193+0000] {logging_mixin.py:188} INFO -   Total fugados acumulados: 535
[2025-11-14T02:20:04.195+0000] {logging_mixin.py:188} INFO - 
Procesando 2024-01...
[2025-11-14T02:20:04.378+0000] {logging_mixin.py:188} INFO -   Activos al final del mes: 7316
[2025-11-14T02:20:04.380+0000] {logging_mixin.py:188} INFO -   Fugados en este mes: 149
[2025-11-14T02:20:04.380+0000] {logging_mixin.py:188} INFO -   Total fugados acumulados: 684
[2025-11-14T02:20:04.381+0000] {logging_mixin.py:188} INFO - 
Procesando 2024-02...
[2025-11-14T02:20:04.674+0000] {logging_mixin.py:188} INFO -   Activos al final del mes: 8150
[2025-11-14T02:20:04.675+0000] {logging_mixin.py:188} INFO -   Fugados en este mes: 166
[2025-11-14T02:20:04.676+0000] {logging_mixin.py:188} INFO -   Total fugados acumulados: 850
[2025-11-14T02:20:04.680+0000] {logging_mixin.py:188} INFO - 
Procesando 2024-03...
[2025-11-14T02:20:04.934+0000] {logging_mixin.py:188} INFO -   Activos al final del mes: 8967
[2025-11-14T02:20:04.935+0000] {logging_mixin.py:188} INFO -   Fugados en este mes: 183
[2025-11-14T02:20:04.935+0000] {logging_mixin.py:188} INFO -   Total fugados acumulados: 1033
[2025-11-14T02:20:04.936+0000] {logging_mixin.py:188} INFO - 
Procesando 2024-04...
[2025-11-14T02:20:05.199+0000] {logging_mixin.py:188} INFO -   Activos al final del mes: 9768
[2025-11-14T02:20:05.200+0000] {logging_mixin.py:188} INFO -   Fugados en este mes: 199
[2025-11-14T02:20:05.200+0000] {logging_mixin.py:188} INFO -   Total fugados acumulados: 1232
[2025-11-14T02:20:05.201+0000] {logging_mixin.py:188} INFO - 
Procesando 2024-05...
[2025-11-14T02:20:05.397+0000] {logging_mixin.py:188} INFO -   Activos al final del mes: 10553
[2025-11-14T02:20:05.398+0000] {logging_mixin.py:188} INFO -   Fugados en este mes: 215
[2025-11-14T02:20:05.399+0000] {logging_mixin.py:188} INFO -   Total fugados acumulados: 1447
[2025-11-14T02:20:05.399+0000] {logging_mixin.py:188} INFO - 
Procesando 2024-06...
[2025-11-14T02:20:05.650+0000] {logging_mixin.py:188} INFO -   Activos al final del mes: 11322
[2025-11-14T02:20:05.651+0000] {logging_mixin.py:188} INFO -   Fugados en este mes: 231
[2025-11-14T02:20:05.652+0000] {logging_mixin.py:188} INFO -   Total fugados acumulados: 1678
[2025-11-14T02:20:05.653+0000] {logging_mixin.py:188} INFO - 
Procesando 2024-07...
[2025-11-14T02:20:05.925+0000] {logging_mixin.py:188} INFO -   Activos al final del mes: 12076
[2025-11-14T02:20:05.927+0000] {logging_mixin.py:188} INFO -   Fugados en este mes: 246
[2025-11-14T02:20:05.929+0000] {logging_mixin.py:188} INFO -   Total fugados acumulados: 1924
[2025-11-14T02:20:05.929+0000] {logging_mixin.py:188} INFO - 
Procesando 2024-08...
[2025-11-14T02:20:06.149+0000] {logging_mixin.py:188} INFO -   Activos al final del mes: 12815
[2025-11-14T02:20:06.150+0000] {logging_mixin.py:188} INFO -   Fugados en este mes: 261
[2025-11-14T02:20:06.151+0000] {logging_mixin.py:188} INFO -   Total fugados acumulados: 2185
[2025-11-14T02:20:06.151+0000] {logging_mixin.py:188} INFO - 
Procesando 2024-09...
[2025-11-14T02:20:06.406+0000] {logging_mixin.py:188} INFO -   Activos al final del mes: 13539
[2025-11-14T02:20:06.406+0000] {logging_mixin.py:188} INFO -   Fugados en este mes: 276
[2025-11-14T02:20:06.407+0000] {logging_mixin.py:188} INFO -   Total fugados acumulados: 2461
[2025-11-14T02:20:06.407+0000] {logging_mixin.py:188} INFO - 
Procesando 2024-10...
[2025-11-14T02:20:06.768+0000] {logging_mixin.py:188} INFO -   Activos al final del mes: 14249
[2025-11-14T02:20:06.769+0000] {logging_mixin.py:188} INFO -   Fugados en este mes: 290
[2025-11-14T02:20:06.770+0000] {logging_mixin.py:188} INFO -   Total fugados acumulados: 2751
[2025-11-14T02:20:06.770+0000] {logging_mixin.py:188} INFO - 
Procesando 2024-11...
[2025-11-14T02:20:07.177+0000] {logging_mixin.py:188} INFO -   Activos al final del mes: 14945
[2025-11-14T02:20:07.178+0000] {logging_mixin.py:188} INFO -   Fugados en este mes: 304
[2025-11-14T02:20:07.179+0000] {logging_mixin.py:188} INFO -   Total fugados acumulados: 3055
[2025-11-14T02:20:07.179+0000] {logging_mixin.py:188} INFO - 
Procesando 2024-12...
[2025-11-14T02:20:07.686+0000] {logging_mixin.py:188} INFO -   Activos al final del mes: 15627
[2025-11-14T02:20:07.687+0000] {logging_mixin.py:188} INFO -   Fugados en este mes: 318
[2025-11-14T02:20:07.688+0000] {logging_mixin.py:188} INFO -   Total fugados acumulados: 3373
[2025-11-14T02:20:07.688+0000] {logging_mixin.py:188} INFO - 
Procesando 2025-01...
[2025-11-14T02:20:08.403+0000] {logging_mixin.py:188} INFO -   Activos al final del mes: 16295
[2025-11-14T02:20:08.404+0000] {logging_mixin.py:188} INFO -   Fugados en este mes: 332
[2025-11-14T02:20:08.405+0000] {logging_mixin.py:188} INFO -   Total fugados acumulados: 3705
[2025-11-14T02:20:08.405+0000] {logging_mixin.py:188} INFO - 
Procesando 2025-02...
[2025-11-14T02:20:09.721+0000] {logging_mixin.py:188} INFO -   Activos al final del mes: 16950
[2025-11-14T02:20:09.722+0000] {logging_mixin.py:188} INFO -   Fugados en este mes: 345
[2025-11-14T02:20:09.723+0000] {logging_mixin.py:188} INFO -   Total fugados acumulados: 4050
[2025-11-14T02:20:09.724+0000] {logging_mixin.py:188} INFO - 
Procesando 2025-03...
[2025-11-14T02:20:10.499+0000] {logging_mixin.py:188} INFO -   Activos al final del mes: 17591
[2025-11-14T02:20:10.500+0000] {logging_mixin.py:188} INFO -   Fugados en este mes: 359
[2025-11-14T02:20:10.501+0000] {logging_mixin.py:188} INFO -   Total fugados acumulados: 4409
[2025-11-14T02:20:10.501+0000] {logging_mixin.py:188} INFO - 
Procesando 2025-04...
[2025-11-14T02:20:11.261+0000] {logging_mixin.py:188} INFO -   Activos al final del mes: 18220
[2025-11-14T02:20:11.262+0000] {logging_mixin.py:188} INFO -   Fugados en este mes: 371
[2025-11-14T02:20:11.262+0000] {logging_mixin.py:188} INFO -   Total fugados acumulados: 4780
[2025-11-14T02:20:11.263+0000] {logging_mixin.py:188} INFO - 
Procesando 2025-05...
[2025-11-14T02:20:11.812+0000] {logging_mixin.py:188} INFO -   Activos al final del mes: 18836
[2025-11-14T02:20:11.813+0000] {logging_mixin.py:188} INFO -   Fugados en este mes: 384
[2025-11-14T02:20:11.814+0000] {logging_mixin.py:188} INFO -   Total fugados acumulados: 5164
[2025-11-14T02:20:14.192+0000] {logging_mixin.py:188} INFO - 
======================================================================
[2025-11-14T02:20:14.195+0000] {logging_mixin.py:188} INFO - RESUMEN DE DATOS GENERADOS
[2025-11-14T02:20:14.196+0000] {logging_mixin.py:188} INFO - ======================================================================
[2025-11-14T02:20:14.197+0000] {logging_mixin.py:188} INFO - Total de registros: 258,764
[2025-11-14T02:20:14.264+0000] {logging_mixin.py:188} INFO - Socios únicos totales: 24,000
[2025-11-14T02:20:14.265+0000] {logging_mixin.py:188} INFO - Socios activos al final: 18,836
[2025-11-14T02:20:14.266+0000] {logging_mixin.py:188} INFO - Socios fugados totales: 5,164
[2025-11-14T02:20:14.267+0000] {logging_mixin.py:188} INFO - 
Distribución por Método de Pago:
[2025-11-14T02:20:14.299+0000] {logging_mixin.py:188} INFO - Cuenta Rut          14496
Cuenta Vista         4273
Cuenta Corriente     2891
Tarjeta Crédito      2340
Name: count, dtype: int64
[2025-11-14T02:20:14.300+0000] {logging_mixin.py:188} INFO - 
Porcentajes:
[2025-11-14T02:20:14.317+0000] {logging_mixin.py:188} INFO - Cuenta Rut          60.40
Cuenta Vista        17.80
Cuenta Corriente    12.05
Tarjeta Crédito      9.75
Name: count, dtype: float64
[2025-11-14T02:20:14.320+0000] {logging_mixin.py:188} INFO - 
Distribución por Estrategia:
[2025-11-14T02:20:14.354+0000] {logging_mixin.py:188} INFO - Face to Face     19193
Telemarketing     4807
Name: count, dtype: int64
[2025-11-14T02:20:14.357+0000] {logging_mixin.py:188} INFO - 
Porcentajes:
[2025-11-14T02:20:14.366+0000] {logging_mixin.py:188} INFO - Face to Face     79.97
Telemarketing    20.03
Name: count, dtype: float64
[2025-11-14T02:20:14.464+0000] {logging_mixin.py:188} INFO - 
Análisis de Fugados:
[2025-11-14T02:20:14.472+0000] {logging_mixin.py:188} INFO - Fugados que NUNCA donaron: 5164 (100.0%)
[2025-11-14T02:20:14.480+0000] {logging_mixin.py:188} INFO - Fugados que SÍ donaron: 0 (0.0%)
[2025-11-14T02:20:14.488+0000] {logging_mixin.py:188} INFO - 
======================================================================
[2025-11-14T02:20:14.498+0000] {logging_mixin.py:188} INFO - RESUMEN POR MES
[2025-11-14T02:20:14.500+0000] {logging_mixin.py:188} INFO - ======================================================================
[2025-11-14T02:20:15.458+0000] {logging_mixin.py:188} INFO -                   Total_Donaciones  ...  Tasa_Exito_%
Año_Mes_Donacion                    ...              
2023-06                  8113000.0  ...         77.40
2023-07                 15877000.0  ...         77.07
2023-08                 22843000.0  ...         75.79
2023-09                 30346000.0  ...         76.20
2023-10                 37297000.0  ...         75.36
2023-11                 44653000.0  ...         75.90
2023-12                 51488000.0  ...         76.59
2024-01                 58333000.0  ...         76.54
2024-02                 65224000.0  ...         76.97
2024-03                 70689000.0  ...         75.65
2024-04                 77982000.0  ...         76.45
2024-05                 84587000.0  ...         76.58
2024-06                 90410000.0  ...         76.40
2024-07                 96728000.0  ...         76.50
2024-08                102915000.0  ...         76.57
2024-09                108714000.0  ...         76.58
2024-10                115140000.0  ...         77.05
2024-11                119082000.0  ...         76.01
2024-12                124919000.0  ...         76.32
2025-01                131176000.0  ...         76.75
2025-02                135912000.0  ...         76.50
2025-03                141598000.0  ...         76.95
2025-04                145729000.0  ...         76.39
2025-05                150954000.0  ...         76.44

[24 rows x 6 columns]
[2025-11-14T02:20:15.461+0000] {logging_mixin.py:188} INFO - 
======================================================================
[2025-11-14T02:20:15.462+0000] {logging_mixin.py:188} INFO - VERIFICACIÓN: ENERO 2024
[2025-11-14T02:20:15.467+0000] {logging_mixin.py:188} INFO - ======================================================================
[2025-11-14T02:20:15.584+0000] {logging_mixin.py:188} INFO - Donantes únicos: 7465
[2025-11-14T02:20:15.588+0000] {logging_mixin.py:188} INFO - Donaciones exitosas: 5714
[2025-11-14T02:20:15.596+0000] {logging_mixin.py:188} INFO - Cobros fallidos: 1740
[2025-11-14T02:20:15.598+0000] {logging_mixin.py:188} INFO - Fugados sin donación (monto=NaN): 11
[2025-11-14T02:20:15.599+0000] {logging_mixin.py:188} INFO - Tasa de éxito: 76.54%
[2025-11-14T02:20:23.945+0000] {logging_mixin.py:188} INFO - 
Archivo guardado correctamente en: /opt/***/scripts/../layer/raw/datos_donantes_sinteticos.csv
[2025-11-14T02:20:25.853+0000] {python.py:237} INFO - Done. Returned value was: /opt/***/scripts/../layer/raw/datos_donantes_sinteticos.csv
[2025-11-14T02:20:25.865+0000] {taskinstance.py:441} INFO - ::group::Post task execution logs
[2025-11-14T02:20:26.221+0000] {taskinstance.py:1206} INFO - Marking task as SUCCESS. dag_id=etl_donaciones_dag, task_id=generar_datos_sinteticos, run_id=scheduled__2025-11-14T02:10:00+00:00, execution_date=20251114T021000, start_date=20251114T022002, end_date=20251114T022026
[2025-11-14T02:20:26.387+0000] {local_task_job_runner.py:243} INFO - Task exited with return code 0
[2025-11-14T02:20:26.572+0000] {taskinstance.py:3503} INFO - 1 downstream tasks scheduled from follow-on schedule check
[2025-11-14T02:20:26.583+0000] {local_task_job_runner.py:222} INFO - ::endgroup::
