[2025-11-14T03:26:16.435+0000] {local_task_job_runner.py:120} INFO - ::group::Pre task execution logs
[2025-11-14T03:26:16.466+0000] {taskinstance.py:2076} INFO - Dependencies all met for dep_context=non-requeueable deps ti=<TaskInstance: etl_donaciones_dag.procesar_bronze scheduled__2025-11-14T03:23:00+00:00 [queued]>
[2025-11-14T03:26:16.474+0000] {taskinstance.py:2076} INFO - Dependencies all met for dep_context=requeueable deps ti=<TaskInstance: etl_donaciones_dag.procesar_bronze scheduled__2025-11-14T03:23:00+00:00 [queued]>
[2025-11-14T03:26:16.477+0000] {taskinstance.py:2306} INFO - Starting attempt 1 of 2
[2025-11-14T03:26:16.491+0000] {taskinstance.py:2330} INFO - Executing <Task(PythonOperator): procesar_bronze> on 2025-11-14 03:23:00+00:00
[2025-11-14T03:26:16.501+0000] {standard_task_runner.py:64} INFO - Started process 3547 to run task
[2025-11-14T03:26:16.504+0000] {standard_task_runner.py:90} INFO - Running: ['***', 'tasks', 'run', 'etl_donaciones_dag', 'procesar_bronze', 'scheduled__2025-11-14T03:23:00+00:00', '--job-id', '164', '--raw', '--subdir', 'DAGS_FOLDER/etl_donaciones_dag.py', '--cfg-path', '/tmp/tmph4jejnkm']
[2025-11-14T03:26:16.507+0000] {standard_task_runner.py:91} INFO - Job 164: Subtask procesar_bronze
[2025-11-14T03:26:16.591+0000] {task_command.py:426} INFO - Running <TaskInstance: etl_donaciones_dag.procesar_bronze scheduled__2025-11-14T03:23:00+00:00 [running]> on host 130331ed4780
[2025-11-14T03:26:16.711+0000] {taskinstance.py:2648} INFO - Exporting env vars: AIRFLOW_CTX_DAG_OWNER='german' AIRFLOW_CTX_DAG_ID='etl_donaciones_dag' AIRFLOW_CTX_TASK_ID='procesar_bronze' AIRFLOW_CTX_EXECUTION_DATE='2025-11-14T03:23:00+00:00' AIRFLOW_CTX_TRY_NUMBER='1' AIRFLOW_CTX_DAG_RUN_ID='scheduled__2025-11-14T03:23:00+00:00'
[2025-11-14T03:26:16.713+0000] {taskinstance.py:430} INFO - ::endgroup::
[2025-11-14T03:26:16.738+0000] {logging_mixin.py:188} INFO - ✓ Archivo encontrado en: /opt/***/layer/raw/datos_donantes_sinteticos.csv
[2025-11-14T03:26:17.630+0000] {logging_mixin.py:188} INFO - ✓ Archivo leído correctamente. Registros cargados: 258764
[2025-11-14T03:26:18.149+0000] {logging_mixin.py:188} INFO - ✓ Datos guardados en formato Parquet en: /opt/***/layer/bronze/donantes_bronze.parquet
[2025-11-14T03:26:18.157+0000] {logging_mixin.py:188} INFO - ✓ Archivo indicador creado: /opt/***/layer/bronze/donantes_bronze.py
[2025-11-14T03:26:18.158+0000] {logging_mixin.py:188} INFO - --- PROCESO BRONZE FINALIZADO ---
[2025-11-14T03:26:18.159+0000] {logging_mixin.py:188} INFO - Registros cargados: 258764
[2025-11-14T03:26:18.159+0000] {logging_mixin.py:188} INFO - Columnas: ['Id_donante', 'Método_Pago', 'Estrategia', 'Fecha_Creacion', 'Fecha_Pago', 'Monto_Donacion', 'Status_Socio', 'Fecha_Fuga', 'Año_Mes_Creacion', 'Año_Mes_Donacion', 'Año_Mes_Fuga']
[2025-11-14T03:26:18.160+0000] {python.py:237} INFO - Done. Returned value was:        Id_donante   Método_Pago  ... Año_Mes_Donacion Año_Mes_Fuga
0         D000006  Cuenta Vista  ...          2023-06          NaT
1         D000034  Cuenta Vista  ...          2023-06          NaT
2         D000061  Cuenta Vista  ...          2023-06          NaT
3         D000084    Cuenta Rut  ...          2023-06          NaT
4         D000089    Cuenta Rut  ...          2023-06      2023-06
...           ...           ...  ...              ...          ...
258759    D023833  Cuenta Vista  ...          2025-05          NaT
258760    D023930    Cuenta Rut  ...          2025-05          NaT
258761    D023940    Cuenta Rut  ...          2025-05          NaT
258762    D023941    Cuenta Rut  ...          2025-05          NaT
258763    D023975    Cuenta Rut  ...          2025-05          NaT

[258764 rows x 11 columns]
[2025-11-14T03:26:18.184+0000] {taskinstance.py:441} INFO - ::group::Post task execution logs
[2025-11-14T03:26:18.951+0000] {taskinstance.py:1206} INFO - Marking task as SUCCESS. dag_id=etl_donaciones_dag, task_id=procesar_bronze, run_id=scheduled__2025-11-14T03:23:00+00:00, execution_date=20251114T032300, start_date=20251114T032616, end_date=20251114T032618
[2025-11-14T03:26:19.049+0000] {local_task_job_runner.py:243} INFO - Task exited with return code 0
[2025-11-14T03:26:19.122+0000] {taskinstance.py:3503} INFO - 1 downstream tasks scheduled from follow-on schedule check
[2025-11-14T03:26:19.128+0000] {local_task_job_runner.py:222} INFO - ::endgroup::
