[2025-11-14T02:24:03.377+0000] {local_task_job_runner.py:120} INFO - ::group::Pre task execution logs
[2025-11-14T02:24:03.441+0000] {taskinstance.py:2076} INFO - Dependencies all met for dep_context=non-requeueable deps ti=<TaskInstance: etl_donaciones_dag.procesar_bronze scheduled__2025-11-14T02:20:00+00:00 [queued]>
[2025-11-14T02:24:03.455+0000] {taskinstance.py:2076} INFO - Dependencies all met for dep_context=requeueable deps ti=<TaskInstance: etl_donaciones_dag.procesar_bronze scheduled__2025-11-14T02:20:00+00:00 [queued]>
[2025-11-14T02:24:03.456+0000] {taskinstance.py:2306} INFO - Starting attempt 1 of 2
[2025-11-14T02:24:03.478+0000] {taskinstance.py:2330} INFO - Executing <Task(PythonOperator): procesar_bronze> on 2025-11-14 02:20:00+00:00
[2025-11-14T02:24:03.510+0000] {standard_task_runner.py:64} INFO - Started process 1020 to run task
[2025-11-14T02:24:03.519+0000] {standard_task_runner.py:90} INFO - Running: ['***', 'tasks', 'run', 'etl_donaciones_dag', 'procesar_bronze', 'scheduled__2025-11-14T02:20:00+00:00', '--job-id', '80', '--raw', '--subdir', 'DAGS_FOLDER/etl_donaciones_dag.py', '--cfg-path', '/tmp/tmpa5rde_w_']
[2025-11-14T02:24:03.524+0000] {standard_task_runner.py:91} INFO - Job 80: Subtask procesar_bronze
[2025-11-14T02:24:03.723+0000] {task_command.py:426} INFO - Running <TaskInstance: etl_donaciones_dag.procesar_bronze scheduled__2025-11-14T02:20:00+00:00 [running]> on host 130331ed4780
[2025-11-14T02:24:03.958+0000] {taskinstance.py:2648} INFO - Exporting env vars: AIRFLOW_CTX_DAG_OWNER='german' AIRFLOW_CTX_DAG_ID='etl_donaciones_dag' AIRFLOW_CTX_TASK_ID='procesar_bronze' AIRFLOW_CTX_EXECUTION_DATE='2025-11-14T02:20:00+00:00' AIRFLOW_CTX_TRY_NUMBER='1' AIRFLOW_CTX_DAG_RUN_ID='scheduled__2025-11-14T02:20:00+00:00'
[2025-11-14T02:24:03.961+0000] {taskinstance.py:430} INFO - ::endgroup::
[2025-11-14T02:24:04.005+0000] {logging_mixin.py:188} INFO - ✓ Archivo encontrado en: /opt/***/layer/raw/datos_donantes_sinteticos.csv
[2025-11-14T02:24:05.600+0000] {logging_mixin.py:188} INFO - ✓ Archivo leído correctamente. Registros cargados: 258764
[2025-11-14T02:24:06.272+0000] {logging_mixin.py:188} INFO - ✓ Datos guardados en formato Parquet en: /opt/***/layer/bronze/donantes_bronze.parquet
[2025-11-14T02:24:06.307+0000] {logging_mixin.py:188} INFO - ✓ Archivo indicador creado: /opt/***/layer/bronze/donantes_bronze.py
[2025-11-14T02:24:06.309+0000] {logging_mixin.py:188} INFO - --- PROCESO BRONZE FINALIZADO ---
[2025-11-14T02:24:06.311+0000] {logging_mixin.py:188} INFO - Registros cargados: 258764
[2025-11-14T02:24:06.317+0000] {logging_mixin.py:188} INFO - Columnas: ['Id_donante', 'Método_Pago', 'Estrategia', 'Fecha_Creacion', 'Fecha_Pago', 'Monto_Donacion', 'Status_Socio', 'Fecha_Fuga', 'Año_Mes_Creacion', 'Año_Mes_Donacion', 'Año_Mes_Fuga']
[2025-11-14T02:24:06.321+0000] {python.py:237} INFO - Done. Returned value was:        Id_donante   Método_Pago  ... Año_Mes_Donacion Año_Mes_Fuga
0         D000006  Cuenta Vista  ...          2023-06          NaT
1         D000034  Cuenta Vista  ...          2023-06          NaT
2         D000061  Cuenta Vista  ...          2023-06          NaT
3         D000084    Cuenta Rut  ...          2023-06          NaT
4         D000089    Cuenta Rut  ...          2023-06      2023-06
...           ...           ...  ...              ...          ...
258759    D023833  Cuenta Vista  ...          2025-05          NaT
258760    D023930    Cuenta Rut  ...          2025-05          NaT
258761    D023940    Cuenta Rut  ...          2025-05          NaT
258762    D023941    Cuenta Rut  ...          2025-05          NaT
258763    D023975    Cuenta Rut  ...          2025-05          NaT

[258764 rows x 11 columns]
[2025-11-14T02:24:06.381+0000] {taskinstance.py:441} INFO - ::group::Post task execution logs
[2025-11-14T02:24:07.464+0000] {taskinstance.py:1206} INFO - Marking task as SUCCESS. dag_id=etl_donaciones_dag, task_id=procesar_bronze, run_id=scheduled__2025-11-14T02:20:00+00:00, execution_date=20251114T022000, start_date=20251114T022403, end_date=20251114T022407
[2025-11-14T02:24:07.539+0000] {local_task_job_runner.py:243} INFO - Task exited with return code 0
[2025-11-14T02:24:07.612+0000] {taskinstance.py:3503} INFO - 1 downstream tasks scheduled from follow-on schedule check
[2025-11-14T02:24:07.615+0000] {local_task_job_runner.py:222} INFO - ::endgroup::
