[2025-11-13T20:25:52.404+0000] {local_task_job_runner.py:120} INFO - ::group::Pre task execution logs
[2025-11-13T20:25:52.482+0000] {taskinstance.py:2076} INFO - Dependencies all met for dep_context=non-requeueable deps ti=<TaskInstance: etl_donaciones_dag.generar_datos_sinteticos manual__2025-11-13T20:25:47+00:00 [queued]>
[2025-11-13T20:25:52.500+0000] {taskinstance.py:2076} INFO - Dependencies all met for dep_context=requeueable deps ti=<TaskInstance: etl_donaciones_dag.generar_datos_sinteticos manual__2025-11-13T20:25:47+00:00 [queued]>
[2025-11-13T20:25:52.502+0000] {taskinstance.py:2306} INFO - Starting attempt 1 of 2
[2025-11-13T20:25:52.540+0000] {taskinstance.py:2330} INFO - Executing <Task(PythonOperator): generar_datos_sinteticos> on 2025-11-13 20:25:47+00:00
[2025-11-13T20:25:52.574+0000] {standard_task_runner.py:64} INFO - Started process 334 to run task
[2025-11-13T20:25:52.580+0000] {standard_task_runner.py:90} INFO - Running: ['***', 'tasks', 'run', 'etl_donaciones_dag', 'generar_datos_sinteticos', 'manual__2025-11-13T20:25:47+00:00', '--job-id', '12', '--raw', '--subdir', 'DAGS_FOLDER/etl_donaciones_dag.py', '--cfg-path', '/tmp/tmpwms5927i']
[2025-11-13T20:25:52.587+0000] {standard_task_runner.py:91} INFO - Job 12: Subtask generar_datos_sinteticos
[2025-11-13T20:25:52.780+0000] {task_command.py:426} INFO - Running <TaskInstance: etl_donaciones_dag.generar_datos_sinteticos manual__2025-11-13T20:25:47+00:00 [running]> on host b9eedff8ec6c
[2025-11-13T20:25:53.004+0000] {taskinstance.py:2648} INFO - Exporting env vars: AIRFLOW_CTX_DAG_OWNER='german' AIRFLOW_CTX_DAG_ID='etl_donaciones_dag' AIRFLOW_CTX_TASK_ID='generar_datos_sinteticos' AIRFLOW_CTX_EXECUTION_DATE='2025-11-13T20:25:47+00:00' AIRFLOW_CTX_TRY_NUMBER='1' AIRFLOW_CTX_DAG_RUN_ID='manual__2025-11-13T20:25:47+00:00'
[2025-11-13T20:25:53.006+0000] {taskinstance.py:430} INFO - ::endgroup::
[2025-11-13T20:25:53.062+0000] {logging_mixin.py:188} INFO - Efectividad promedio ponderada: 78.24%
[2025-11-13T20:25:53.063+0000] {logging_mixin.py:188} INFO - 
Procesando 2024-01...
[2025-11-13T20:25:53.455+0000] {logging_mixin.py:188} INFO -   Activos al final del mes: 980
[2025-11-13T20:25:53.457+0000] {logging_mixin.py:188} INFO -   Fugados en este mes: 20
[2025-11-13T20:25:53.467+0000] {logging_mixin.py:188} INFO -   Total fugados acumulados: 20
[2025-11-13T20:25:53.472+0000] {logging_mixin.py:188} INFO - 
Procesando 2024-02...
[2025-11-13T20:25:53.800+0000] {logging_mixin.py:188} INFO -   Activos al final del mes: 1941
[2025-11-13T20:25:53.801+0000] {logging_mixin.py:188} INFO -   Fugados en este mes: 39
[2025-11-13T20:25:53.802+0000] {logging_mixin.py:188} INFO -   Total fugados acumulados: 59
[2025-11-13T20:25:53.803+0000] {logging_mixin.py:188} INFO - 
Procesando 2024-03...
[2025-11-13T20:25:54.168+0000] {logging_mixin.py:188} INFO -   Activos al final del mes: 2883
[2025-11-13T20:25:54.170+0000] {logging_mixin.py:188} INFO -   Fugados en este mes: 58
[2025-11-13T20:25:54.173+0000] {logging_mixin.py:188} INFO -   Total fugados acumulados: 117
[2025-11-13T20:25:54.178+0000] {logging_mixin.py:188} INFO - 
Procesando 2024-04...
[2025-11-13T20:25:54.564+0000] {logging_mixin.py:188} INFO -   Activos al final del mes: 3806
[2025-11-13T20:25:54.570+0000] {logging_mixin.py:188} INFO -   Fugados en este mes: 77
[2025-11-13T20:25:54.580+0000] {logging_mixin.py:188} INFO -   Total fugados acumulados: 194
[2025-11-13T20:25:54.582+0000] {logging_mixin.py:188} INFO - 
Procesando 2024-05...
[2025-11-13T20:25:55.097+0000] {logging_mixin.py:188} INFO -   Activos al final del mes: 4710
[2025-11-13T20:25:55.099+0000] {logging_mixin.py:188} INFO -   Fugados en este mes: 96
[2025-11-13T20:25:55.102+0000] {logging_mixin.py:188} INFO -   Total fugados acumulados: 290
[2025-11-13T20:25:55.105+0000] {logging_mixin.py:188} INFO - 
Procesando 2024-06...
[2025-11-13T20:25:55.426+0000] {logging_mixin.py:188} INFO -   Activos al final del mes: 5596
[2025-11-13T20:25:55.434+0000] {logging_mixin.py:188} INFO -   Fugados en este mes: 114
[2025-11-13T20:25:55.435+0000] {logging_mixin.py:188} INFO -   Total fugados acumulados: 404
[2025-11-13T20:25:55.438+0000] {logging_mixin.py:188} INFO - 
Procesando 2024-07...
[2025-11-13T20:25:55.806+0000] {logging_mixin.py:188} INFO -   Activos al final del mes: 6465
[2025-11-13T20:25:55.809+0000] {logging_mixin.py:188} INFO -   Fugados en este mes: 131
[2025-11-13T20:25:55.818+0000] {logging_mixin.py:188} INFO -   Total fugados acumulados: 535
[2025-11-13T20:25:55.819+0000] {logging_mixin.py:188} INFO - 
Procesando 2024-08...
[2025-11-13T20:25:56.122+0000] {logging_mixin.py:188} INFO -   Activos al final del mes: 7316
[2025-11-13T20:25:56.123+0000] {logging_mixin.py:188} INFO -   Fugados en este mes: 149
[2025-11-13T20:25:56.124+0000] {logging_mixin.py:188} INFO -   Total fugados acumulados: 684
[2025-11-13T20:25:56.124+0000] {logging_mixin.py:188} INFO - 
Procesando 2024-09...
[2025-11-13T20:25:56.414+0000] {logging_mixin.py:188} INFO -   Activos al final del mes: 8150
[2025-11-13T20:25:56.414+0000] {logging_mixin.py:188} INFO -   Fugados en este mes: 166
[2025-11-13T20:25:56.415+0000] {logging_mixin.py:188} INFO -   Total fugados acumulados: 850
[2025-11-13T20:25:56.415+0000] {logging_mixin.py:188} INFO - 
Procesando 2024-10...
[2025-11-13T20:25:56.717+0000] {logging_mixin.py:188} INFO -   Activos al final del mes: 8967
[2025-11-13T20:25:56.718+0000] {logging_mixin.py:188} INFO -   Fugados en este mes: 183
[2025-11-13T20:25:56.719+0000] {logging_mixin.py:188} INFO -   Total fugados acumulados: 1033
[2025-11-13T20:25:56.719+0000] {logging_mixin.py:188} INFO - 
Procesando 2024-11...
[2025-11-13T20:25:57.036+0000] {logging_mixin.py:188} INFO -   Activos al final del mes: 9768
[2025-11-13T20:25:57.037+0000] {logging_mixin.py:188} INFO -   Fugados en este mes: 199
[2025-11-13T20:25:57.038+0000] {logging_mixin.py:188} INFO -   Total fugados acumulados: 1232
[2025-11-13T20:25:57.038+0000] {logging_mixin.py:188} INFO - 
Procesando 2024-12...
[2025-11-13T20:25:57.343+0000] {logging_mixin.py:188} INFO -   Activos al final del mes: 10553
[2025-11-13T20:25:57.344+0000] {logging_mixin.py:188} INFO -   Fugados en este mes: 215
[2025-11-13T20:25:57.344+0000] {logging_mixin.py:188} INFO -   Total fugados acumulados: 1447
[2025-11-13T20:25:57.345+0000] {logging_mixin.py:188} INFO - 
Procesando 2025-01...
[2025-11-13T20:25:57.722+0000] {logging_mixin.py:188} INFO -   Activos al final del mes: 11322
[2025-11-13T20:25:57.723+0000] {logging_mixin.py:188} INFO -   Fugados en este mes: 231
[2025-11-13T20:25:57.724+0000] {logging_mixin.py:188} INFO -   Total fugados acumulados: 1678
[2025-11-13T20:25:57.724+0000] {logging_mixin.py:188} INFO - 
Procesando 2025-02...
[2025-11-13T20:25:58.054+0000] {logging_mixin.py:188} INFO -   Activos al final del mes: 12076
[2025-11-13T20:25:58.055+0000] {logging_mixin.py:188} INFO -   Fugados en este mes: 246
[2025-11-13T20:25:58.055+0000] {logging_mixin.py:188} INFO -   Total fugados acumulados: 1924
[2025-11-13T20:25:58.056+0000] {logging_mixin.py:188} INFO - 
Procesando 2025-03...
[2025-11-13T20:25:58.485+0000] {logging_mixin.py:188} INFO -   Activos al final del mes: 12815
[2025-11-13T20:25:58.485+0000] {logging_mixin.py:188} INFO -   Fugados en este mes: 261
[2025-11-13T20:25:58.486+0000] {logging_mixin.py:188} INFO -   Total fugados acumulados: 2185
[2025-11-13T20:25:58.486+0000] {logging_mixin.py:188} INFO - 
Procesando 2025-04...
[2025-11-13T20:25:59.023+0000] {logging_mixin.py:188} INFO -   Activos al final del mes: 13539
[2025-11-13T20:25:59.027+0000] {logging_mixin.py:188} INFO -   Fugados en este mes: 276
[2025-11-13T20:25:59.029+0000] {logging_mixin.py:188} INFO -   Total fugados acumulados: 2461
[2025-11-13T20:25:59.030+0000] {logging_mixin.py:188} INFO - 
Procesando 2025-05...
[2025-11-13T20:25:59.381+0000] {logging_mixin.py:188} INFO -   Activos al final del mes: 14249
[2025-11-13T20:25:59.382+0000] {logging_mixin.py:188} INFO -   Fugados en este mes: 290
[2025-11-13T20:25:59.383+0000] {logging_mixin.py:188} INFO -   Total fugados acumulados: 2751
[2025-11-13T20:25:59.383+0000] {logging_mixin.py:188} INFO - 
Procesando 2025-06...
[2025-11-13T20:26:00.151+0000] {logging_mixin.py:188} INFO -   Activos al final del mes: 14945
[2025-11-13T20:26:00.152+0000] {logging_mixin.py:188} INFO -   Fugados en este mes: 304
[2025-11-13T20:26:00.153+0000] {logging_mixin.py:188} INFO -   Total fugados acumulados: 3055
[2025-11-13T20:26:01.952+0000] {logging_mixin.py:188} INFO - 
======================================================================
[2025-11-13T20:26:01.953+0000] {logging_mixin.py:188} INFO - RESUMEN DE DATOS GENERADOS
[2025-11-13T20:26:01.954+0000] {logging_mixin.py:188} INFO - ======================================================================
[2025-11-13T20:26:01.954+0000] {logging_mixin.py:188} INFO - Total de registros: 153,136
[2025-11-13T20:26:01.998+0000] {logging_mixin.py:188} INFO - Socios únicos totales: 18,000
[2025-11-13T20:26:02.000+0000] {logging_mixin.py:188} INFO - Socios activos al final: 14,945
[2025-11-13T20:26:02.001+0000] {logging_mixin.py:188} INFO - Socios fugados totales: 3,055
[2025-11-13T20:26:02.002+0000] {logging_mixin.py:188} INFO - 
Distribución por Método de Pago:
[2025-11-13T20:26:02.033+0000] {logging_mixin.py:188} INFO - Cuenta Rut          10794
Cuenta Vista         3228
Cuenta Corriente     2129
Tarjeta Crédito      1849
Name: count, dtype: int64
[2025-11-13T20:26:02.036+0000] {logging_mixin.py:188} INFO - 
Porcentajes:
[2025-11-13T20:26:02.046+0000] {logging_mixin.py:188} INFO - Cuenta Rut          59.97
Cuenta Vista        17.93
Cuenta Corriente    11.83
Tarjeta Crédito     10.27
Name: count, dtype: float64
[2025-11-13T20:26:02.047+0000] {logging_mixin.py:188} INFO - 
Distribución por Estrategia:
[2025-11-13T20:26:02.065+0000] {logging_mixin.py:188} INFO - Face to Face     14474
Telemarketing     3526
Name: count, dtype: int64
[2025-11-13T20:26:02.067+0000] {logging_mixin.py:188} INFO - 
Porcentajes:
[2025-11-13T20:26:02.070+0000] {logging_mixin.py:188} INFO - Face to Face     80.41
Telemarketing    19.59
Name: count, dtype: float64
[2025-11-13T20:26:02.114+0000] {logging_mixin.py:188} INFO - 
Análisis de Fugados:
[2025-11-13T20:26:02.116+0000] {logging_mixin.py:188} INFO - Fugados que NUNCA donaron: 3055 (100.0%)
[2025-11-13T20:26:02.116+0000] {logging_mixin.py:188} INFO - Fugados que SÍ donaron: 0 (0.0%)
[2025-11-13T20:26:02.117+0000] {logging_mixin.py:188} INFO - 
======================================================================
[2025-11-13T20:26:02.118+0000] {logging_mixin.py:188} INFO - RESUMEN POR MES
[2025-11-13T20:26:02.118+0000] {logging_mixin.py:188} INFO - ======================================================================
[2025-11-13T20:26:02.612+0000] {logging_mixin.py:188} INFO -                   Total_Donaciones  ...  Tasa_Exito_%
Año_Mes_Donacion                    ...              
2024-01                  6700000.0  ...         77.10
2024-02                 13180000.0  ...         76.57
2024-03                 18992000.0  ...         75.01
2024-04                 25635000.0  ...         77.08
2024-05                 31155000.0  ...         76.07
2024-06                 36889000.0  ...         75.95
2024-07                 43490000.0  ...         77.30
2024-08                 48802000.0  ...         76.69
2024-09                 54765000.0  ...         77.14
2024-10                 59509000.0  ...         75.63
2024-11                 65336000.0  ...         76.54
2024-12                 70369000.0  ...         76.45
2025-01                 75176000.0  ...         76.24
2025-02                 80823000.0  ...         76.68
2025-03                 85539000.0  ...         76.76
2025-04                 90935000.0  ...         76.99
2025-05                 95329000.0  ...         76.92
2025-06                 99363000.0  ...         76.44

[18 rows x 6 columns]
[2025-11-13T20:26:02.613+0000] {logging_mixin.py:188} INFO - 
======================================================================
[2025-11-13T20:26:02.614+0000] {logging_mixin.py:188} INFO - VERIFICACIÓN: ENERO 2024
[2025-11-13T20:26:02.615+0000] {logging_mixin.py:188} INFO - ======================================================================
[2025-11-13T20:26:02.649+0000] {logging_mixin.py:188} INFO - Donantes únicos: 1000
[2025-11-13T20:26:02.650+0000] {logging_mixin.py:188} INFO - Donaciones exitosas: 771
[2025-11-13T20:26:02.652+0000] {logging_mixin.py:188} INFO - Cobros fallidos: 225
[2025-11-13T20:26:02.653+0000] {logging_mixin.py:188} INFO - Fugados sin donación (monto=NaN): 4
[2025-11-13T20:26:02.654+0000] {logging_mixin.py:188} INFO - Tasa de éxito: 77.10%
[2025-11-13T20:26:05.675+0000] {logging_mixin.py:188} INFO - 
Archivo guardado correctamente en: /opt/***/scripts/../layer/raw/datos_donantes_sinteticos.csv
[2025-11-13T20:26:05.801+0000] {python.py:237} INFO - Done. Returned value was: /opt/***/scripts/../layer/raw/datos_donantes_sinteticos.csv
[2025-11-13T20:26:05.803+0000] {taskinstance.py:441} INFO - ::group::Post task execution logs
[2025-11-13T20:26:05.987+0000] {taskinstance.py:1206} INFO - Marking task as SUCCESS. dag_id=etl_donaciones_dag, task_id=generar_datos_sinteticos, run_id=manual__2025-11-13T20:25:47+00:00, execution_date=20251113T202547, start_date=20251113T202552, end_date=20251113T202605
[2025-11-13T20:26:06.100+0000] {local_task_job_runner.py:243} INFO - Task exited with return code 0
[2025-11-13T20:26:06.200+0000] {taskinstance.py:3503} INFO - 1 downstream tasks scheduled from follow-on schedule check
[2025-11-13T20:26:06.204+0000] {local_task_job_runner.py:222} INFO - ::endgroup::
