[2025-11-13T20:37:36.600+0000] {local_task_job_runner.py:120} INFO - ::group::Pre task execution logs
[2025-11-13T20:37:36.667+0000] {taskinstance.py:2076} INFO - Dependencies all met for dep_context=non-requeueable deps ti=<TaskInstance: etl_donaciones_dag.generar_datos_sinteticos manual__2025-11-13T20:37:27.756226+00:00 [queued]>
[2025-11-13T20:37:36.679+0000] {taskinstance.py:2076} INFO - Dependencies all met for dep_context=requeueable deps ti=<TaskInstance: etl_donaciones_dag.generar_datos_sinteticos manual__2025-11-13T20:37:27.756226+00:00 [queued]>
[2025-11-13T20:37:36.681+0000] {taskinstance.py:2306} INFO - Starting attempt 1 of 2
[2025-11-13T20:37:36.700+0000] {taskinstance.py:2330} INFO - Executing <Task(PythonOperator): generar_datos_sinteticos> on 2025-11-13 20:37:27.756226+00:00
[2025-11-13T20:37:36.738+0000] {standard_task_runner.py:64} INFO - Started process 783 to run task
[2025-11-13T20:37:36.742+0000] {standard_task_runner.py:90} INFO - Running: ['***', 'tasks', 'run', 'etl_donaciones_dag', 'generar_datos_sinteticos', 'manual__2025-11-13T20:37:27.756226+00:00', '--job-id', '25', '--raw', '--subdir', 'DAGS_FOLDER/etl_donaciones_dag.py', '--cfg-path', '/tmp/tmpka2lottx']
[2025-11-13T20:37:36.746+0000] {standard_task_runner.py:91} INFO - Job 25: Subtask generar_datos_sinteticos
[2025-11-13T20:37:36.863+0000] {task_command.py:426} INFO - Running <TaskInstance: etl_donaciones_dag.generar_datos_sinteticos manual__2025-11-13T20:37:27.756226+00:00 [running]> on host b9eedff8ec6c
[2025-11-13T20:37:37.004+0000] {taskinstance.py:2648} INFO - Exporting env vars: AIRFLOW_CTX_DAG_OWNER='german' AIRFLOW_CTX_DAG_ID='etl_donaciones_dag' AIRFLOW_CTX_TASK_ID='generar_datos_sinteticos' AIRFLOW_CTX_EXECUTION_DATE='2025-11-13T20:37:27.756226+00:00' AIRFLOW_CTX_TRY_NUMBER='1' AIRFLOW_CTX_DAG_RUN_ID='manual__2025-11-13T20:37:27.756226+00:00'
[2025-11-13T20:37:37.006+0000] {taskinstance.py:430} INFO - ::endgroup::
[2025-11-13T20:37:37.036+0000] {logging_mixin.py:188} INFO - Efectividad promedio ponderada: 78.24%
[2025-11-13T20:37:37.037+0000] {logging_mixin.py:188} INFO - 
Procesando 2024-01...
[2025-11-13T20:37:37.141+0000] {logging_mixin.py:188} INFO -   Activos al final del mes: 980
[2025-11-13T20:37:37.141+0000] {logging_mixin.py:188} INFO -   Fugados en este mes: 20
[2025-11-13T20:37:37.142+0000] {logging_mixin.py:188} INFO -   Total fugados acumulados: 20
[2025-11-13T20:37:37.142+0000] {logging_mixin.py:188} INFO - 
Procesando 2024-02...
[2025-11-13T20:37:37.236+0000] {logging_mixin.py:188} INFO -   Activos al final del mes: 1941
[2025-11-13T20:37:37.237+0000] {logging_mixin.py:188} INFO -   Fugados en este mes: 39
[2025-11-13T20:37:37.238+0000] {logging_mixin.py:188} INFO -   Total fugados acumulados: 59
[2025-11-13T20:37:37.239+0000] {logging_mixin.py:188} INFO - 
Procesando 2024-03...
[2025-11-13T20:37:37.358+0000] {logging_mixin.py:188} INFO -   Activos al final del mes: 2883
[2025-11-13T20:37:37.359+0000] {logging_mixin.py:188} INFO -   Fugados en este mes: 58
[2025-11-13T20:37:37.360+0000] {logging_mixin.py:188} INFO -   Total fugados acumulados: 117
[2025-11-13T20:37:37.360+0000] {logging_mixin.py:188} INFO - 
Procesando 2024-04...
[2025-11-13T20:37:37.475+0000] {logging_mixin.py:188} INFO -   Activos al final del mes: 3806
[2025-11-13T20:37:37.476+0000] {logging_mixin.py:188} INFO -   Fugados en este mes: 77
[2025-11-13T20:37:37.478+0000] {logging_mixin.py:188} INFO -   Total fugados acumulados: 194
[2025-11-13T20:37:37.478+0000] {logging_mixin.py:188} INFO - 
Procesando 2024-05...
[2025-11-13T20:37:37.636+0000] {logging_mixin.py:188} INFO -   Activos al final del mes: 4710
[2025-11-13T20:37:37.637+0000] {logging_mixin.py:188} INFO -   Fugados en este mes: 96
[2025-11-13T20:37:37.638+0000] {logging_mixin.py:188} INFO -   Total fugados acumulados: 290
[2025-11-13T20:37:37.638+0000] {logging_mixin.py:188} INFO - 
Procesando 2024-06...
[2025-11-13T20:37:37.808+0000] {logging_mixin.py:188} INFO -   Activos al final del mes: 5596
[2025-11-13T20:37:37.809+0000] {logging_mixin.py:188} INFO -   Fugados en este mes: 114
[2025-11-13T20:37:37.810+0000] {logging_mixin.py:188} INFO -   Total fugados acumulados: 404
[2025-11-13T20:37:37.810+0000] {logging_mixin.py:188} INFO - 
Procesando 2024-07...
[2025-11-13T20:37:37.974+0000] {logging_mixin.py:188} INFO -   Activos al final del mes: 6465
[2025-11-13T20:37:37.975+0000] {logging_mixin.py:188} INFO -   Fugados en este mes: 131
[2025-11-13T20:37:37.976+0000] {logging_mixin.py:188} INFO -   Total fugados acumulados: 535
[2025-11-13T20:37:37.976+0000] {logging_mixin.py:188} INFO - 
Procesando 2024-08...
[2025-11-13T20:37:38.140+0000] {logging_mixin.py:188} INFO -   Activos al final del mes: 7316
[2025-11-13T20:37:38.141+0000] {logging_mixin.py:188} INFO -   Fugados en este mes: 149
[2025-11-13T20:37:38.141+0000] {logging_mixin.py:188} INFO -   Total fugados acumulados: 684
[2025-11-13T20:37:38.142+0000] {logging_mixin.py:188} INFO - 
Procesando 2024-09...
[2025-11-13T20:37:38.338+0000] {logging_mixin.py:188} INFO -   Activos al final del mes: 8150
[2025-11-13T20:37:38.339+0000] {logging_mixin.py:188} INFO -   Fugados en este mes: 166
[2025-11-13T20:37:38.340+0000] {logging_mixin.py:188} INFO -   Total fugados acumulados: 850
[2025-11-13T20:37:38.340+0000] {logging_mixin.py:188} INFO - 
Procesando 2024-10...
[2025-11-13T20:37:38.565+0000] {logging_mixin.py:188} INFO -   Activos al final del mes: 8967
[2025-11-13T20:37:38.566+0000] {logging_mixin.py:188} INFO -   Fugados en este mes: 183
[2025-11-13T20:37:38.567+0000] {logging_mixin.py:188} INFO -   Total fugados acumulados: 1033
[2025-11-13T20:37:38.567+0000] {logging_mixin.py:188} INFO - 
Procesando 2024-11...
[2025-11-13T20:37:38.781+0000] {logging_mixin.py:188} INFO -   Activos al final del mes: 9768
[2025-11-13T20:37:38.782+0000] {logging_mixin.py:188} INFO -   Fugados en este mes: 199
[2025-11-13T20:37:38.783+0000] {logging_mixin.py:188} INFO -   Total fugados acumulados: 1232
[2025-11-13T20:37:38.784+0000] {logging_mixin.py:188} INFO - 
Procesando 2024-12...
[2025-11-13T20:37:39.027+0000] {logging_mixin.py:188} INFO -   Activos al final del mes: 10553
[2025-11-13T20:37:39.028+0000] {logging_mixin.py:188} INFO -   Fugados en este mes: 215
[2025-11-13T20:37:39.029+0000] {logging_mixin.py:188} INFO -   Total fugados acumulados: 1447
[2025-11-13T20:37:39.030+0000] {logging_mixin.py:188} INFO - 
Procesando 2025-01...
[2025-11-13T20:37:39.308+0000] {logging_mixin.py:188} INFO -   Activos al final del mes: 11322
[2025-11-13T20:37:39.309+0000] {logging_mixin.py:188} INFO -   Fugados en este mes: 231
[2025-11-13T20:37:39.310+0000] {logging_mixin.py:188} INFO -   Total fugados acumulados: 1678
[2025-11-13T20:37:39.310+0000] {logging_mixin.py:188} INFO - 
Procesando 2025-02...
[2025-11-13T20:37:39.566+0000] {logging_mixin.py:188} INFO -   Activos al final del mes: 12076
[2025-11-13T20:37:39.567+0000] {logging_mixin.py:188} INFO -   Fugados en este mes: 246
[2025-11-13T20:37:39.568+0000] {logging_mixin.py:188} INFO -   Total fugados acumulados: 1924
[2025-11-13T20:37:39.568+0000] {logging_mixin.py:188} INFO - 
Procesando 2025-03...
[2025-11-13T20:37:39.815+0000] {logging_mixin.py:188} INFO -   Activos al final del mes: 12815
[2025-11-13T20:37:39.816+0000] {logging_mixin.py:188} INFO -   Fugados en este mes: 261
[2025-11-13T20:37:39.817+0000] {logging_mixin.py:188} INFO -   Total fugados acumulados: 2185
[2025-11-13T20:37:39.818+0000] {logging_mixin.py:188} INFO - 
Procesando 2025-04...
[2025-11-13T20:37:40.073+0000] {logging_mixin.py:188} INFO -   Activos al final del mes: 13539
[2025-11-13T20:37:40.074+0000] {logging_mixin.py:188} INFO -   Fugados en este mes: 276
[2025-11-13T20:37:40.074+0000] {logging_mixin.py:188} INFO -   Total fugados acumulados: 2461
[2025-11-13T20:37:40.075+0000] {logging_mixin.py:188} INFO - 
Procesando 2025-05...
[2025-11-13T20:37:40.334+0000] {logging_mixin.py:188} INFO -   Activos al final del mes: 14249
[2025-11-13T20:37:40.335+0000] {logging_mixin.py:188} INFO -   Fugados en este mes: 290
[2025-11-13T20:37:40.336+0000] {logging_mixin.py:188} INFO -   Total fugados acumulados: 2751
[2025-11-13T20:37:40.336+0000] {logging_mixin.py:188} INFO - 
Procesando 2025-06...
[2025-11-13T20:37:40.669+0000] {logging_mixin.py:188} INFO -   Activos al final del mes: 14945
[2025-11-13T20:37:40.675+0000] {logging_mixin.py:188} INFO -   Fugados en este mes: 304
[2025-11-13T20:37:40.677+0000] {logging_mixin.py:188} INFO -   Total fugados acumulados: 3055
[2025-11-13T20:37:41.648+0000] {logging_mixin.py:188} INFO - 
======================================================================
[2025-11-13T20:37:41.649+0000] {logging_mixin.py:188} INFO - RESUMEN DE DATOS GENERADOS
[2025-11-13T20:37:41.650+0000] {logging_mixin.py:188} INFO - ======================================================================
[2025-11-13T20:37:41.650+0000] {logging_mixin.py:188} INFO - Total de registros: 153,136
[2025-11-13T20:37:41.666+0000] {logging_mixin.py:188} INFO - Socios únicos totales: 18,000
[2025-11-13T20:37:41.667+0000] {logging_mixin.py:188} INFO - Socios activos al final: 14,945
[2025-11-13T20:37:41.667+0000] {logging_mixin.py:188} INFO - Socios fugados totales: 3,055
[2025-11-13T20:37:41.668+0000] {logging_mixin.py:188} INFO - 
Distribución por Método de Pago:
[2025-11-13T20:37:41.681+0000] {logging_mixin.py:188} INFO - Cuenta Rut          10794
Cuenta Vista         3228
Cuenta Corriente     2129
Tarjeta Crédito      1849
Name: count, dtype: int64
[2025-11-13T20:37:41.681+0000] {logging_mixin.py:188} INFO - 
Porcentajes:
[2025-11-13T20:37:41.686+0000] {logging_mixin.py:188} INFO - Cuenta Rut          59.97
Cuenta Vista        17.93
Cuenta Corriente    11.83
Tarjeta Crédito     10.27
Name: count, dtype: float64
[2025-11-13T20:37:41.686+0000] {logging_mixin.py:188} INFO - 
Distribución por Estrategia:
[2025-11-13T20:37:41.695+0000] {logging_mixin.py:188} INFO - Face to Face     14474
Telemarketing     3526
Name: count, dtype: int64
[2025-11-13T20:37:41.696+0000] {logging_mixin.py:188} INFO - 
Porcentajes:
[2025-11-13T20:37:41.697+0000] {logging_mixin.py:188} INFO - Face to Face     80.41
Telemarketing    19.59
Name: count, dtype: float64
[2025-11-13T20:37:41.714+0000] {logging_mixin.py:188} INFO - 
Análisis de Fugados:
[2025-11-13T20:37:41.715+0000] {logging_mixin.py:188} INFO - Fugados que NUNCA donaron: 3055 (100.0%)
[2025-11-13T20:37:41.716+0000] {logging_mixin.py:188} INFO - Fugados que SÍ donaron: 0 (0.0%)
[2025-11-13T20:37:41.716+0000] {logging_mixin.py:188} INFO - 
======================================================================
[2025-11-13T20:37:41.717+0000] {logging_mixin.py:188} INFO - RESUMEN POR MES
[2025-11-13T20:37:41.717+0000] {logging_mixin.py:188} INFO - ======================================================================
[2025-11-13T20:37:41.898+0000] {logging_mixin.py:188} INFO -                   Total_Donaciones  ...  Tasa_Exito_%
Año_Mes_Donacion                    ...              
2024-01                  6700000.0  ...         77.10
2024-02                 13180000.0  ...         76.57
2024-03                 18992000.0  ...         75.01
2024-04                 25635000.0  ...         77.08
2024-05                 31155000.0  ...         76.07
2024-06                 36889000.0  ...         75.95
2024-07                 43490000.0  ...         77.30
2024-08                 48802000.0  ...         76.69
2024-09                 54765000.0  ...         77.14
2024-10                 59509000.0  ...         75.63
2024-11                 65336000.0  ...         76.54
2024-12                 70369000.0  ...         76.45
2025-01                 75176000.0  ...         76.24
2025-02                 80823000.0  ...         76.68
2025-03                 85539000.0  ...         76.76
2025-04                 90935000.0  ...         76.99
2025-05                 95329000.0  ...         76.92
2025-06                 99363000.0  ...         76.44

[18 rows x 6 columns]
[2025-11-13T20:37:41.899+0000] {logging_mixin.py:188} INFO - 
======================================================================
[2025-11-13T20:37:41.900+0000] {logging_mixin.py:188} INFO - VERIFICACIÓN: ENERO 2024
[2025-11-13T20:37:41.900+0000] {logging_mixin.py:188} INFO - ======================================================================
[2025-11-13T20:37:41.919+0000] {logging_mixin.py:188} INFO - Donantes únicos: 1000
[2025-11-13T20:37:41.921+0000] {logging_mixin.py:188} INFO - Donaciones exitosas: 771
[2025-11-13T20:37:41.922+0000] {logging_mixin.py:188} INFO - Cobros fallidos: 225
[2025-11-13T20:37:41.923+0000] {logging_mixin.py:188} INFO - Fugados sin donación (monto=NaN): 4
[2025-11-13T20:37:41.924+0000] {logging_mixin.py:188} INFO - Tasa de éxito: 77.10%
[2025-11-13T20:37:43.984+0000] {logging_mixin.py:188} INFO - 
Archivo guardado correctamente en: /opt/***/scripts/../layer/raw/datos_donantes_sinteticos.csv
[2025-11-13T20:37:44.058+0000] {python.py:237} INFO - Done. Returned value was: /opt/***/scripts/../layer/raw/datos_donantes_sinteticos.csv
[2025-11-13T20:37:44.059+0000] {taskinstance.py:441} INFO - ::group::Post task execution logs
[2025-11-13T20:37:44.108+0000] {taskinstance.py:1206} INFO - Marking task as SUCCESS. dag_id=etl_donaciones_dag, task_id=generar_datos_sinteticos, run_id=manual__2025-11-13T20:37:27.756226+00:00, execution_date=20251113T203727, start_date=20251113T203736, end_date=20251113T203744
[2025-11-13T20:37:44.175+0000] {local_task_job_runner.py:243} INFO - Task exited with return code 0
[2025-11-13T20:37:44.213+0000] {taskinstance.py:3503} INFO - 1 downstream tasks scheduled from follow-on schedule check
[2025-11-13T20:37:44.217+0000] {local_task_job_runner.py:222} INFO - ::endgroup::
