[2025-11-14T02:01:24.820+0000] {local_task_job_runner.py:120} INFO - ::group::Pre task execution logs
[2025-11-14T02:01:24.943+0000] {taskinstance.py:2076} INFO - Dependencies all met for dep_context=non-requeueable deps ti=<TaskInstance: etl_donaciones_dag.generar_datos_sinteticos scheduled__2025-11-14T01:50:00+00:00 [queued]>
[2025-11-14T02:01:24.968+0000] {taskinstance.py:2076} INFO - Dependencies all met for dep_context=requeueable deps ti=<TaskInstance: etl_donaciones_dag.generar_datos_sinteticos scheduled__2025-11-14T01:50:00+00:00 [queued]>
[2025-11-14T02:01:24.971+0000] {taskinstance.py:2306} INFO - Starting attempt 1 of 2
[2025-11-14T02:01:25.025+0000] {taskinstance.py:2330} INFO - Executing <Task(PythonOperator): generar_datos_sinteticos> on 2025-11-14 01:50:00+00:00
[2025-11-14T02:01:25.085+0000] {standard_task_runner.py:64} INFO - Started process 190 to run task
[2025-11-14T02:01:25.096+0000] {standard_task_runner.py:90} INFO - Running: ['***', 'tasks', 'run', 'etl_donaciones_dag', 'generar_datos_sinteticos', 'scheduled__2025-11-14T01:50:00+00:00', '--job-id', '55', '--raw', '--subdir', 'DAGS_FOLDER/etl_donaciones_dag.py', '--cfg-path', '/tmp/tmpmnhnucey']
[2025-11-14T02:01:25.111+0000] {standard_task_runner.py:91} INFO - Job 55: Subtask generar_datos_sinteticos
[2025-11-14T02:01:25.367+0000] {task_command.py:426} INFO - Running <TaskInstance: etl_donaciones_dag.generar_datos_sinteticos scheduled__2025-11-14T01:50:00+00:00 [running]> on host 130331ed4780
[2025-11-14T02:01:25.764+0000] {taskinstance.py:2648} INFO - Exporting env vars: AIRFLOW_CTX_DAG_OWNER='german' AIRFLOW_CTX_DAG_ID='etl_donaciones_dag' AIRFLOW_CTX_TASK_ID='generar_datos_sinteticos' AIRFLOW_CTX_EXECUTION_DATE='2025-11-14T01:50:00+00:00' AIRFLOW_CTX_TRY_NUMBER='1' AIRFLOW_CTX_DAG_RUN_ID='scheduled__2025-11-14T01:50:00+00:00'
[2025-11-14T02:01:25.774+0000] {taskinstance.py:430} INFO - ::endgroup::
[2025-11-14T02:01:25.962+0000] {logging_mixin.py:188} INFO - Efectividad promedio ponderada: 78.24%
[2025-11-14T02:01:25.965+0000] {logging_mixin.py:188} INFO - 
Procesando 2023-06...
[2025-11-14T02:01:26.210+0000] {logging_mixin.py:188} INFO -   Activos al final del mes: 980
[2025-11-14T02:01:26.211+0000] {logging_mixin.py:188} INFO -   Fugados en este mes: 20
[2025-11-14T02:01:26.211+0000] {logging_mixin.py:188} INFO -   Total fugados acumulados: 20
[2025-11-14T02:01:26.212+0000] {logging_mixin.py:188} INFO - 
Procesando 2023-07...
[2025-11-14T02:01:26.343+0000] {logging_mixin.py:188} INFO -   Activos al final del mes: 1941
[2025-11-14T02:01:26.343+0000] {logging_mixin.py:188} INFO -   Fugados en este mes: 39
[2025-11-14T02:01:26.345+0000] {logging_mixin.py:188} INFO -   Total fugados acumulados: 59
[2025-11-14T02:01:26.347+0000] {logging_mixin.py:188} INFO - 
Procesando 2023-08...
[2025-11-14T02:01:26.483+0000] {logging_mixin.py:188} INFO -   Activos al final del mes: 2883
[2025-11-14T02:01:26.486+0000] {logging_mixin.py:188} INFO -   Fugados en este mes: 58
[2025-11-14T02:01:26.488+0000] {logging_mixin.py:188} INFO -   Total fugados acumulados: 117
[2025-11-14T02:01:26.489+0000] {logging_mixin.py:188} INFO - 
Procesando 2023-09...
[2025-11-14T02:01:26.644+0000] {logging_mixin.py:188} INFO -   Activos al final del mes: 3806
[2025-11-14T02:01:26.645+0000] {logging_mixin.py:188} INFO -   Fugados en este mes: 77
[2025-11-14T02:01:26.645+0000] {logging_mixin.py:188} INFO -   Total fugados acumulados: 194
[2025-11-14T02:01:26.646+0000] {logging_mixin.py:188} INFO - 
Procesando 2023-10...
[2025-11-14T02:01:26.779+0000] {logging_mixin.py:188} INFO -   Activos al final del mes: 4710
[2025-11-14T02:01:26.780+0000] {logging_mixin.py:188} INFO -   Fugados en este mes: 96
[2025-11-14T02:01:26.782+0000] {logging_mixin.py:188} INFO -   Total fugados acumulados: 290
[2025-11-14T02:01:26.785+0000] {logging_mixin.py:188} INFO - 
Procesando 2023-11...
[2025-11-14T02:01:26.941+0000] {logging_mixin.py:188} INFO -   Activos al final del mes: 5596
[2025-11-14T02:01:26.941+0000] {logging_mixin.py:188} INFO -   Fugados en este mes: 114
[2025-11-14T02:01:26.942+0000] {logging_mixin.py:188} INFO -   Total fugados acumulados: 404
[2025-11-14T02:01:26.943+0000] {logging_mixin.py:188} INFO - 
Procesando 2023-12...
[2025-11-14T02:01:27.128+0000] {logging_mixin.py:188} INFO -   Activos al final del mes: 6465
[2025-11-14T02:01:27.129+0000] {logging_mixin.py:188} INFO -   Fugados en este mes: 131
[2025-11-14T02:01:27.129+0000] {logging_mixin.py:188} INFO -   Total fugados acumulados: 535
[2025-11-14T02:01:27.129+0000] {logging_mixin.py:188} INFO - 
Procesando 2024-01...
[2025-11-14T02:01:27.321+0000] {logging_mixin.py:188} INFO -   Activos al final del mes: 7316
[2025-11-14T02:01:27.322+0000] {logging_mixin.py:188} INFO -   Fugados en este mes: 149
[2025-11-14T02:01:27.323+0000] {logging_mixin.py:188} INFO -   Total fugados acumulados: 684
[2025-11-14T02:01:27.323+0000] {logging_mixin.py:188} INFO - 
Procesando 2024-02...
[2025-11-14T02:01:27.507+0000] {logging_mixin.py:188} INFO -   Activos al final del mes: 8150
[2025-11-14T02:01:27.508+0000] {logging_mixin.py:188} INFO -   Fugados en este mes: 166
[2025-11-14T02:01:27.508+0000] {logging_mixin.py:188} INFO -   Total fugados acumulados: 850
[2025-11-14T02:01:27.509+0000] {logging_mixin.py:188} INFO - 
Procesando 2024-03...
[2025-11-14T02:01:27.695+0000] {logging_mixin.py:188} INFO -   Activos al final del mes: 8967
[2025-11-14T02:01:27.695+0000] {logging_mixin.py:188} INFO -   Fugados en este mes: 183
[2025-11-14T02:01:27.696+0000] {logging_mixin.py:188} INFO -   Total fugados acumulados: 1033
[2025-11-14T02:01:27.696+0000] {logging_mixin.py:188} INFO - 
Procesando 2024-04...
[2025-11-14T02:01:27.994+0000] {logging_mixin.py:188} INFO -   Activos al final del mes: 9768
[2025-11-14T02:01:27.995+0000] {logging_mixin.py:188} INFO -   Fugados en este mes: 199
[2025-11-14T02:01:27.996+0000] {logging_mixin.py:188} INFO -   Total fugados acumulados: 1232
[2025-11-14T02:01:27.996+0000] {logging_mixin.py:188} INFO - 
Procesando 2024-05...
[2025-11-14T02:01:28.198+0000] {logging_mixin.py:188} INFO -   Activos al final del mes: 10553
[2025-11-14T02:01:28.199+0000] {logging_mixin.py:188} INFO -   Fugados en este mes: 215
[2025-11-14T02:01:28.199+0000] {logging_mixin.py:188} INFO -   Total fugados acumulados: 1447
[2025-11-14T02:01:28.200+0000] {logging_mixin.py:188} INFO - 
Procesando 2024-06...
[2025-11-14T02:01:28.488+0000] {logging_mixin.py:188} INFO -   Activos al final del mes: 11322
[2025-11-14T02:01:28.489+0000] {logging_mixin.py:188} INFO -   Fugados en este mes: 231
[2025-11-14T02:01:28.489+0000] {logging_mixin.py:188} INFO -   Total fugados acumulados: 1678
[2025-11-14T02:01:28.490+0000] {logging_mixin.py:188} INFO - 
Procesando 2024-07...
[2025-11-14T02:01:28.859+0000] {logging_mixin.py:188} INFO -   Activos al final del mes: 12076
[2025-11-14T02:01:28.859+0000] {logging_mixin.py:188} INFO -   Fugados en este mes: 246
[2025-11-14T02:01:28.862+0000] {logging_mixin.py:188} INFO -   Total fugados acumulados: 1924
[2025-11-14T02:01:28.862+0000] {logging_mixin.py:188} INFO - 
Procesando 2024-08...
[2025-11-14T02:01:29.159+0000] {logging_mixin.py:188} INFO -   Activos al final del mes: 12815
[2025-11-14T02:01:29.166+0000] {logging_mixin.py:188} INFO -   Fugados en este mes: 261
[2025-11-14T02:01:29.167+0000] {logging_mixin.py:188} INFO -   Total fugados acumulados: 2185
[2025-11-14T02:01:29.167+0000] {logging_mixin.py:188} INFO - 
Procesando 2024-09...
[2025-11-14T02:01:29.512+0000] {logging_mixin.py:188} INFO -   Activos al final del mes: 13539
[2025-11-14T02:01:29.514+0000] {logging_mixin.py:188} INFO -   Fugados en este mes: 276
[2025-11-14T02:01:29.516+0000] {logging_mixin.py:188} INFO -   Total fugados acumulados: 2461
[2025-11-14T02:01:29.517+0000] {logging_mixin.py:188} INFO - 
Procesando 2024-10...
[2025-11-14T02:01:33.427+0000] {logging_mixin.py:188} INFO -   Activos al final del mes: 14249
[2025-11-14T02:01:33.430+0000] {logging_mixin.py:188} INFO -   Fugados en este mes: 290
[2025-11-14T02:01:33.431+0000] {logging_mixin.py:188} INFO -   Total fugados acumulados: 2751
[2025-11-14T02:01:33.431+0000] {logging_mixin.py:188} INFO - 
Procesando 2024-11...
[2025-11-14T02:01:33.877+0000] {logging_mixin.py:188} INFO -   Activos al final del mes: 14945
[2025-11-14T02:01:33.878+0000] {logging_mixin.py:188} INFO -   Fugados en este mes: 304
[2025-11-14T02:01:33.878+0000] {logging_mixin.py:188} INFO -   Total fugados acumulados: 3055
[2025-11-14T02:01:33.879+0000] {logging_mixin.py:188} INFO - 
Procesando 2024-12...
[2025-11-14T02:01:34.432+0000] {logging_mixin.py:188} INFO -   Activos al final del mes: 15627
[2025-11-14T02:01:34.436+0000] {logging_mixin.py:188} INFO -   Fugados en este mes: 318
[2025-11-14T02:01:34.439+0000] {logging_mixin.py:188} INFO -   Total fugados acumulados: 3373
[2025-11-14T02:01:34.443+0000] {logging_mixin.py:188} INFO - 
Procesando 2025-01...
[2025-11-14T02:01:35.199+0000] {logging_mixin.py:188} INFO -   Activos al final del mes: 16295
[2025-11-14T02:01:35.201+0000] {logging_mixin.py:188} INFO -   Fugados en este mes: 332
[2025-11-14T02:01:35.202+0000] {logging_mixin.py:188} INFO -   Total fugados acumulados: 3705
[2025-11-14T02:01:35.203+0000] {logging_mixin.py:188} INFO - 
Procesando 2025-02...
[2025-11-14T02:01:35.906+0000] {logging_mixin.py:188} INFO -   Activos al final del mes: 16950
[2025-11-14T02:01:35.907+0000] {logging_mixin.py:188} INFO -   Fugados en este mes: 345
[2025-11-14T02:01:35.908+0000] {logging_mixin.py:188} INFO -   Total fugados acumulados: 4050
[2025-11-14T02:01:35.908+0000] {logging_mixin.py:188} INFO - 
Procesando 2025-03...
[2025-11-14T02:01:36.540+0000] {logging_mixin.py:188} INFO -   Activos al final del mes: 17591
[2025-11-14T02:01:36.540+0000] {logging_mixin.py:188} INFO -   Fugados en este mes: 359
[2025-11-14T02:01:36.541+0000] {logging_mixin.py:188} INFO -   Total fugados acumulados: 4409
[2025-11-14T02:01:36.541+0000] {logging_mixin.py:188} INFO - 
Procesando 2025-04...
[2025-11-14T02:01:37.136+0000] {logging_mixin.py:188} INFO -   Activos al final del mes: 18220
[2025-11-14T02:01:37.137+0000] {logging_mixin.py:188} INFO -   Fugados en este mes: 371
[2025-11-14T02:01:37.137+0000] {logging_mixin.py:188} INFO -   Total fugados acumulados: 4780
[2025-11-14T02:01:37.138+0000] {logging_mixin.py:188} INFO - 
Procesando 2025-05...
[2025-11-14T02:01:37.785+0000] {logging_mixin.py:188} INFO -   Activos al final del mes: 18836
[2025-11-14T02:01:37.786+0000] {logging_mixin.py:188} INFO -   Fugados en este mes: 384
[2025-11-14T02:01:37.787+0000] {logging_mixin.py:188} INFO -   Total fugados acumulados: 5164
[2025-11-14T02:01:42.961+0000] {logging_mixin.py:188} INFO - 
======================================================================
[2025-11-14T02:01:42.962+0000] {logging_mixin.py:188} INFO - RESUMEN DE DATOS GENERADOS
[2025-11-14T02:01:42.963+0000] {logging_mixin.py:188} INFO - ======================================================================
[2025-11-14T02:01:42.967+0000] {logging_mixin.py:188} INFO - Total de registros: 258,764
[2025-11-14T02:01:43.016+0000] {logging_mixin.py:188} INFO - Socios únicos totales: 24,000
[2025-11-14T02:01:43.017+0000] {logging_mixin.py:188} INFO - Socios activos al final: 18,836
[2025-11-14T02:01:43.018+0000] {logging_mixin.py:188} INFO - Socios fugados totales: 5,164
[2025-11-14T02:01:43.019+0000] {logging_mixin.py:188} INFO - 
Distribución por Método de Pago:
[2025-11-14T02:01:43.044+0000] {logging_mixin.py:188} INFO - Cuenta Rut          14496
Cuenta Vista         4273
Cuenta Corriente     2891
Tarjeta Crédito      2340
Name: count, dtype: int64
[2025-11-14T02:01:43.045+0000] {logging_mixin.py:188} INFO - 
Porcentajes:
[2025-11-14T02:01:43.052+0000] {logging_mixin.py:188} INFO - Cuenta Rut          60.40
Cuenta Vista        17.80
Cuenta Corriente    12.05
Tarjeta Crédito      9.75
Name: count, dtype: float64
[2025-11-14T02:01:43.052+0000] {logging_mixin.py:188} INFO - 
Distribución por Estrategia:
[2025-11-14T02:01:43.069+0000] {logging_mixin.py:188} INFO - Face to Face     19193
Telemarketing     4807
Name: count, dtype: int64
[2025-11-14T02:01:43.070+0000] {logging_mixin.py:188} INFO - 
Porcentajes:
[2025-11-14T02:01:43.072+0000] {logging_mixin.py:188} INFO - Face to Face     79.97
Telemarketing    20.03
Name: count, dtype: float64
[2025-11-14T02:01:43.147+0000] {logging_mixin.py:188} INFO - 
Análisis de Fugados:
[2025-11-14T02:01:43.148+0000] {logging_mixin.py:188} INFO - Fugados que NUNCA donaron: 5164 (100.0%)
[2025-11-14T02:01:43.149+0000] {logging_mixin.py:188} INFO - Fugados que SÍ donaron: 0 (0.0%)
[2025-11-14T02:01:43.150+0000] {logging_mixin.py:188} INFO - 
======================================================================
[2025-11-14T02:01:43.151+0000] {logging_mixin.py:188} INFO - RESUMEN POR MES
[2025-11-14T02:01:43.151+0000] {logging_mixin.py:188} INFO - ======================================================================
[2025-11-14T02:01:43.705+0000] {logging_mixin.py:188} INFO -                   Total_Donaciones  ...  Tasa_Exito_%
Año_Mes_Donacion                    ...              
2023-06                  8113000.0  ...         77.40
2023-07                 15877000.0  ...         77.07
2023-08                 22843000.0  ...         75.79
2023-09                 30346000.0  ...         76.20
2023-10                 37297000.0  ...         75.36
2023-11                 44653000.0  ...         75.90
2023-12                 51488000.0  ...         76.59
2024-01                 58333000.0  ...         76.54
2024-02                 65224000.0  ...         76.97
2024-03                 70689000.0  ...         75.65
2024-04                 77982000.0  ...         76.45
2024-05                 84587000.0  ...         76.58
2024-06                 90410000.0  ...         76.40
2024-07                 96728000.0  ...         76.50
2024-08                102915000.0  ...         76.57
2024-09                108714000.0  ...         76.58
2024-10                115140000.0  ...         77.05
2024-11                119082000.0  ...         76.01
2024-12                124919000.0  ...         76.32
2025-01                131176000.0  ...         76.75
2025-02                135912000.0  ...         76.50
2025-03                141598000.0  ...         76.95
2025-04                145729000.0  ...         76.39
2025-05                150954000.0  ...         76.44

[24 rows x 6 columns]
[2025-11-14T02:01:43.715+0000] {logging_mixin.py:188} INFO - 
======================================================================
[2025-11-14T02:01:43.717+0000] {logging_mixin.py:188} INFO - VERIFICACIÓN: ENERO 2024
[2025-11-14T02:01:43.718+0000] {logging_mixin.py:188} INFO - ======================================================================
[2025-11-14T02:01:43.758+0000] {logging_mixin.py:188} INFO - Donantes únicos: 7465
[2025-11-14T02:01:43.759+0000] {logging_mixin.py:188} INFO - Donaciones exitosas: 5714
[2025-11-14T02:01:43.760+0000] {logging_mixin.py:188} INFO - Cobros fallidos: 1740
[2025-11-14T02:01:43.761+0000] {logging_mixin.py:188} INFO - Fugados sin donación (monto=NaN): 11
[2025-11-14T02:01:43.762+0000] {logging_mixin.py:188} INFO - Tasa de éxito: 76.54%
[2025-11-14T02:01:48.699+0000] {logging_mixin.py:188} INFO - 
Archivo guardado correctamente en: /opt/***/scripts/../layer/raw/datos_donantes_sinteticos.csv
[2025-11-14T02:01:48.865+0000] {python.py:237} INFO - Done. Returned value was: /opt/***/scripts/../layer/raw/datos_donantes_sinteticos.csv
[2025-11-14T02:01:48.867+0000] {taskinstance.py:441} INFO - ::group::Post task execution logs
[2025-11-14T02:01:48.940+0000] {taskinstance.py:1206} INFO - Marking task as SUCCESS. dag_id=etl_donaciones_dag, task_id=generar_datos_sinteticos, run_id=scheduled__2025-11-14T01:50:00+00:00, execution_date=20251114T015000, start_date=20251114T020124, end_date=20251114T020148
[2025-11-14T02:01:49.044+0000] {local_task_job_runner.py:243} INFO - Task exited with return code 0
[2025-11-14T02:01:49.159+0000] {taskinstance.py:3503} INFO - 1 downstream tasks scheduled from follow-on schedule check
[2025-11-14T02:01:49.162+0000] {local_task_job_runner.py:222} INFO - ::endgroup::
[2025-11-14T02:05:52.400+0000] {local_task_job_runner.py:120} INFO - ::group::Pre task execution logs
[2025-11-14T02:05:52.488+0000] {taskinstance.py:2076} INFO - Dependencies all met for dep_context=non-requeueable deps ti=<TaskInstance: etl_donaciones_dag.generar_datos_sinteticos scheduled__2025-11-14T01:50:00+00:00 [queued]>
[2025-11-14T02:05:52.500+0000] {taskinstance.py:2076} INFO - Dependencies all met for dep_context=requeueable deps ti=<TaskInstance: etl_donaciones_dag.generar_datos_sinteticos scheduled__2025-11-14T01:50:00+00:00 [queued]>
[2025-11-14T02:05:52.502+0000] {taskinstance.py:2306} INFO - Starting attempt 1 of 2
[2025-11-14T02:05:52.525+0000] {taskinstance.py:2330} INFO - Executing <Task(PythonOperator): generar_datos_sinteticos> on 2025-11-14 01:50:00+00:00
[2025-11-14T02:05:52.542+0000] {standard_task_runner.py:64} INFO - Started process 337 to run task
[2025-11-14T02:05:52.547+0000] {standard_task_runner.py:90} INFO - Running: ['***', 'tasks', 'run', 'etl_donaciones_dag', 'generar_datos_sinteticos', 'scheduled__2025-11-14T01:50:00+00:00', '--job-id', '59', '--raw', '--subdir', 'DAGS_FOLDER/etl_donaciones_dag.py', '--cfg-path', '/tmp/tmphzbu_02w']
[2025-11-14T02:05:52.554+0000] {standard_task_runner.py:91} INFO - Job 59: Subtask generar_datos_sinteticos
[2025-11-14T02:05:53.046+0000] {task_command.py:426} INFO - Running <TaskInstance: etl_donaciones_dag.generar_datos_sinteticos scheduled__2025-11-14T01:50:00+00:00 [running]> on host 130331ed4780
[2025-11-14T02:05:53.441+0000] {taskinstance.py:2648} INFO - Exporting env vars: AIRFLOW_CTX_DAG_OWNER='german' AIRFLOW_CTX_DAG_ID='etl_donaciones_dag' AIRFLOW_CTX_TASK_ID='generar_datos_sinteticos' AIRFLOW_CTX_EXECUTION_DATE='2025-11-14T01:50:00+00:00' AIRFLOW_CTX_TRY_NUMBER='1' AIRFLOW_CTX_DAG_RUN_ID='scheduled__2025-11-14T01:50:00+00:00'
[2025-11-14T02:05:53.444+0000] {taskinstance.py:430} INFO - ::endgroup::
[2025-11-14T02:05:53.508+0000] {logging_mixin.py:188} INFO - Efectividad promedio ponderada: 78.24%
[2025-11-14T02:05:53.510+0000] {logging_mixin.py:188} INFO - 
Procesando 2023-06...
[2025-11-14T02:05:53.797+0000] {logging_mixin.py:188} INFO -   Activos al final del mes: 980
[2025-11-14T02:05:53.799+0000] {logging_mixin.py:188} INFO -   Fugados en este mes: 20
[2025-11-14T02:05:53.800+0000] {logging_mixin.py:188} INFO -   Total fugados acumulados: 20
[2025-11-14T02:05:53.801+0000] {logging_mixin.py:188} INFO - 
Procesando 2023-07...
[2025-11-14T02:05:54.007+0000] {logging_mixin.py:188} INFO -   Activos al final del mes: 1941
[2025-11-14T02:05:54.008+0000] {logging_mixin.py:188} INFO -   Fugados en este mes: 39
[2025-11-14T02:05:54.009+0000] {logging_mixin.py:188} INFO -   Total fugados acumulados: 59
[2025-11-14T02:05:54.013+0000] {logging_mixin.py:188} INFO - 
Procesando 2023-08...
[2025-11-14T02:05:54.364+0000] {logging_mixin.py:188} INFO -   Activos al final del mes: 2883
[2025-11-14T02:05:54.365+0000] {logging_mixin.py:188} INFO -   Fugados en este mes: 58
[2025-11-14T02:05:54.366+0000] {logging_mixin.py:188} INFO -   Total fugados acumulados: 117
[2025-11-14T02:05:54.366+0000] {logging_mixin.py:188} INFO - 
Procesando 2023-09...
[2025-11-14T02:05:54.678+0000] {logging_mixin.py:188} INFO -   Activos al final del mes: 3806
[2025-11-14T02:05:54.680+0000] {logging_mixin.py:188} INFO -   Fugados en este mes: 77
[2025-11-14T02:05:54.682+0000] {logging_mixin.py:188} INFO -   Total fugados acumulados: 194
[2025-11-14T02:05:54.682+0000] {logging_mixin.py:188} INFO - 
Procesando 2023-10...
[2025-11-14T02:05:55.265+0000] {logging_mixin.py:188} INFO -   Activos al final del mes: 4710
[2025-11-14T02:05:55.267+0000] {logging_mixin.py:188} INFO -   Fugados en este mes: 96
[2025-11-14T02:05:55.269+0000] {logging_mixin.py:188} INFO -   Total fugados acumulados: 290
[2025-11-14T02:05:55.271+0000] {logging_mixin.py:188} INFO - 
Procesando 2023-11...
[2025-11-14T02:05:56.088+0000] {logging_mixin.py:188} INFO -   Activos al final del mes: 5596
[2025-11-14T02:05:56.089+0000] {logging_mixin.py:188} INFO -   Fugados en este mes: 114
[2025-11-14T02:05:56.091+0000] {logging_mixin.py:188} INFO -   Total fugados acumulados: 404
[2025-11-14T02:05:56.092+0000] {logging_mixin.py:188} INFO - 
Procesando 2023-12...
[2025-11-14T02:05:56.591+0000] {logging_mixin.py:188} INFO -   Activos al final del mes: 6465
[2025-11-14T02:05:56.593+0000] {logging_mixin.py:188} INFO -   Fugados en este mes: 131
[2025-11-14T02:05:56.594+0000] {logging_mixin.py:188} INFO -   Total fugados acumulados: 535
[2025-11-14T02:05:56.595+0000] {logging_mixin.py:188} INFO - 
Procesando 2024-01...
[2025-11-14T02:05:57.362+0000] {logging_mixin.py:188} INFO -   Activos al final del mes: 7316
[2025-11-14T02:05:57.363+0000] {logging_mixin.py:188} INFO -   Fugados en este mes: 149
[2025-11-14T02:05:57.364+0000] {logging_mixin.py:188} INFO -   Total fugados acumulados: 684
[2025-11-14T02:05:57.365+0000] {logging_mixin.py:188} INFO - 
Procesando 2024-02...
[2025-11-14T02:05:57.856+0000] {logging_mixin.py:188} INFO -   Activos al final del mes: 8150
[2025-11-14T02:05:57.858+0000] {logging_mixin.py:188} INFO -   Fugados en este mes: 166
[2025-11-14T02:05:57.859+0000] {logging_mixin.py:188} INFO -   Total fugados acumulados: 850
[2025-11-14T02:05:57.859+0000] {logging_mixin.py:188} INFO - 
Procesando 2024-03...
[2025-11-14T02:05:58.465+0000] {logging_mixin.py:188} INFO -   Activos al final del mes: 8967
[2025-11-14T02:05:58.466+0000] {logging_mixin.py:188} INFO -   Fugados en este mes: 183
[2025-11-14T02:05:58.469+0000] {logging_mixin.py:188} INFO -   Total fugados acumulados: 1033
[2025-11-14T02:05:58.471+0000] {logging_mixin.py:188} INFO - 
Procesando 2024-04...
[2025-11-14T02:05:59.369+0000] {logging_mixin.py:188} INFO -   Activos al final del mes: 9768
[2025-11-14T02:05:59.380+0000] {logging_mixin.py:188} INFO -   Fugados en este mes: 199
[2025-11-14T02:05:59.392+0000] {logging_mixin.py:188} INFO -   Total fugados acumulados: 1232
[2025-11-14T02:05:59.399+0000] {logging_mixin.py:188} INFO - 
Procesando 2024-05...
[2025-11-14T02:06:00.003+0000] {logging_mixin.py:188} INFO -   Activos al final del mes: 10553
[2025-11-14T02:06:00.004+0000] {logging_mixin.py:188} INFO -   Fugados en este mes: 215
[2025-11-14T02:06:00.005+0000] {logging_mixin.py:188} INFO -   Total fugados acumulados: 1447
[2025-11-14T02:06:00.005+0000] {logging_mixin.py:188} INFO - 
Procesando 2024-06...
[2025-11-14T02:06:00.605+0000] {logging_mixin.py:188} INFO -   Activos al final del mes: 11322
[2025-11-14T02:06:00.606+0000] {logging_mixin.py:188} INFO -   Fugados en este mes: 231
[2025-11-14T02:06:00.607+0000] {logging_mixin.py:188} INFO -   Total fugados acumulados: 1678
[2025-11-14T02:06:00.607+0000] {logging_mixin.py:188} INFO - 
Procesando 2024-07...
[2025-11-14T02:06:01.709+0000] {logging_mixin.py:188} INFO -   Activos al final del mes: 12076
[2025-11-14T02:06:01.710+0000] {logging_mixin.py:188} INFO -   Fugados en este mes: 246
[2025-11-14T02:06:01.711+0000] {logging_mixin.py:188} INFO -   Total fugados acumulados: 1924
[2025-11-14T02:06:01.712+0000] {logging_mixin.py:188} INFO - 
Procesando 2024-08...
[2025-11-14T02:06:02.749+0000] {logging_mixin.py:188} INFO -   Activos al final del mes: 12815
[2025-11-14T02:06:02.751+0000] {logging_mixin.py:188} INFO -   Fugados en este mes: 261
[2025-11-14T02:06:02.752+0000] {logging_mixin.py:188} INFO -   Total fugados acumulados: 2185
[2025-11-14T02:06:02.753+0000] {logging_mixin.py:188} INFO - 
Procesando 2024-09...
[2025-11-14T02:06:04.266+0000] {logging_mixin.py:188} INFO -   Activos al final del mes: 13539
[2025-11-14T02:06:04.273+0000] {logging_mixin.py:188} INFO -   Fugados en este mes: 276
[2025-11-14T02:06:04.275+0000] {logging_mixin.py:188} INFO -   Total fugados acumulados: 2461
[2025-11-14T02:06:04.276+0000] {logging_mixin.py:188} INFO - 
Procesando 2024-10...
[2025-11-14T02:06:06.016+0000] {logging_mixin.py:188} INFO -   Activos al final del mes: 14249
[2025-11-14T02:06:06.017+0000] {logging_mixin.py:188} INFO -   Fugados en este mes: 290
[2025-11-14T02:06:06.020+0000] {logging_mixin.py:188} INFO -   Total fugados acumulados: 2751
[2025-11-14T02:06:06.021+0000] {logging_mixin.py:188} INFO - 
Procesando 2024-11...
[2025-11-14T02:06:07.372+0000] {logging_mixin.py:188} INFO -   Activos al final del mes: 14945
[2025-11-14T02:06:07.374+0000] {logging_mixin.py:188} INFO -   Fugados en este mes: 304
[2025-11-14T02:06:07.381+0000] {logging_mixin.py:188} INFO -   Total fugados acumulados: 3055
[2025-11-14T02:06:07.385+0000] {logging_mixin.py:188} INFO - 
Procesando 2024-12...
[2025-11-14T02:06:08.485+0000] {logging_mixin.py:188} INFO -   Activos al final del mes: 15627
[2025-11-14T02:06:08.486+0000] {logging_mixin.py:188} INFO -   Fugados en este mes: 318
[2025-11-14T02:06:08.487+0000] {logging_mixin.py:188} INFO -   Total fugados acumulados: 3373
[2025-11-14T02:06:08.489+0000] {logging_mixin.py:188} INFO - 
Procesando 2025-01...
[2025-11-14T02:06:09.697+0000] {logging_mixin.py:188} INFO -   Activos al final del mes: 16295
[2025-11-14T02:06:09.703+0000] {logging_mixin.py:188} INFO -   Fugados en este mes: 332
[2025-11-14T02:06:09.704+0000] {logging_mixin.py:188} INFO -   Total fugados acumulados: 3705
[2025-11-14T02:06:09.705+0000] {logging_mixin.py:188} INFO - 
Procesando 2025-02...
[2025-11-14T02:06:11.457+0000] {logging_mixin.py:188} INFO -   Activos al final del mes: 16950
[2025-11-14T02:06:11.458+0000] {logging_mixin.py:188} INFO -   Fugados en este mes: 345
[2025-11-14T02:06:11.459+0000] {logging_mixin.py:188} INFO -   Total fugados acumulados: 4050
[2025-11-14T02:06:11.460+0000] {logging_mixin.py:188} INFO - 
Procesando 2025-03...
[2025-11-14T02:06:16.207+0000] {logging_mixin.py:188} INFO -   Activos al final del mes: 17591
[2025-11-14T02:06:16.208+0000] {logging_mixin.py:188} INFO -   Fugados en este mes: 359
[2025-11-14T02:06:16.209+0000] {logging_mixin.py:188} INFO -   Total fugados acumulados: 4409
[2025-11-14T02:06:16.209+0000] {logging_mixin.py:188} INFO - 
Procesando 2025-04...
[2025-11-14T02:06:16.861+0000] {logging_mixin.py:188} INFO -   Activos al final del mes: 18220
[2025-11-14T02:06:16.862+0000] {logging_mixin.py:188} INFO -   Fugados en este mes: 371
[2025-11-14T02:06:16.863+0000] {logging_mixin.py:188} INFO -   Total fugados acumulados: 4780
[2025-11-14T02:06:16.864+0000] {logging_mixin.py:188} INFO - 
Procesando 2025-05...
[2025-11-14T02:06:17.297+0000] {logging_mixin.py:188} INFO -   Activos al final del mes: 18836
[2025-11-14T02:06:17.298+0000] {logging_mixin.py:188} INFO -   Fugados en este mes: 384
[2025-11-14T02:06:17.298+0000] {logging_mixin.py:188} INFO -   Total fugados acumulados: 5164
[2025-11-14T02:06:20.067+0000] {logging_mixin.py:188} INFO - 
======================================================================
[2025-11-14T02:06:20.068+0000] {logging_mixin.py:188} INFO - RESUMEN DE DATOS GENERADOS
[2025-11-14T02:06:20.069+0000] {logging_mixin.py:188} INFO - ======================================================================
[2025-11-14T02:06:20.070+0000] {logging_mixin.py:188} INFO - Total de registros: 258,764
[2025-11-14T02:06:20.116+0000] {logging_mixin.py:188} INFO - Socios únicos totales: 24,000
[2025-11-14T02:06:20.118+0000] {logging_mixin.py:188} INFO - Socios activos al final: 18,836
[2025-11-14T02:06:20.119+0000] {logging_mixin.py:188} INFO - Socios fugados totales: 5,164
[2025-11-14T02:06:20.120+0000] {logging_mixin.py:188} INFO - 
Distribución por Método de Pago:
[2025-11-14T02:06:20.163+0000] {logging_mixin.py:188} INFO - Cuenta Rut          14496
Cuenta Vista         4273
Cuenta Corriente     2891
Tarjeta Crédito      2340
Name: count, dtype: int64
[2025-11-14T02:06:20.164+0000] {logging_mixin.py:188} INFO - 
Porcentajes:
[2025-11-14T02:06:20.183+0000] {logging_mixin.py:188} INFO - Cuenta Rut          60.40
Cuenta Vista        17.80
Cuenta Corriente    12.05
Tarjeta Crédito      9.75
Name: count, dtype: float64
[2025-11-14T02:06:20.184+0000] {logging_mixin.py:188} INFO - 
Distribución por Estrategia:
[2025-11-14T02:06:20.203+0000] {logging_mixin.py:188} INFO - Face to Face     19193
Telemarketing     4807
Name: count, dtype: int64
[2025-11-14T02:06:20.204+0000] {logging_mixin.py:188} INFO - 
Porcentajes:
[2025-11-14T02:06:20.206+0000] {logging_mixin.py:188} INFO - Face to Face     79.97
Telemarketing    20.03
Name: count, dtype: float64
[2025-11-14T02:06:20.433+0000] {logging_mixin.py:188} INFO - 
Análisis de Fugados:
[2025-11-14T02:06:20.434+0000] {logging_mixin.py:188} INFO - Fugados que NUNCA donaron: 5164 (100.0%)
[2025-11-14T02:06:20.435+0000] {logging_mixin.py:188} INFO - Fugados que SÍ donaron: 0 (0.0%)
[2025-11-14T02:06:20.436+0000] {logging_mixin.py:188} INFO - 
======================================================================
[2025-11-14T02:06:20.436+0000] {logging_mixin.py:188} INFO - RESUMEN POR MES
[2025-11-14T02:06:20.437+0000] {logging_mixin.py:188} INFO - ======================================================================
[2025-11-14T02:06:21.078+0000] {logging_mixin.py:188} INFO -                   Total_Donaciones  ...  Tasa_Exito_%
Año_Mes_Donacion                    ...              
2023-06                  8113000.0  ...         77.40
2023-07                 15877000.0  ...         77.07
2023-08                 22843000.0  ...         75.79
2023-09                 30346000.0  ...         76.20
2023-10                 37297000.0  ...         75.36
2023-11                 44653000.0  ...         75.90
2023-12                 51488000.0  ...         76.59
2024-01                 58333000.0  ...         76.54
2024-02                 65224000.0  ...         76.97
2024-03                 70689000.0  ...         75.65
2024-04                 77982000.0  ...         76.45
2024-05                 84587000.0  ...         76.58
2024-06                 90410000.0  ...         76.40
2024-07                 96728000.0  ...         76.50
2024-08                102915000.0  ...         76.57
2024-09                108714000.0  ...         76.58
2024-10                115140000.0  ...         77.05
2024-11                119082000.0  ...         76.01
2024-12                124919000.0  ...         76.32
2025-01                131176000.0  ...         76.75
2025-02                135912000.0  ...         76.50
2025-03                141598000.0  ...         76.95
2025-04                145729000.0  ...         76.39
2025-05                150954000.0  ...         76.44

[24 rows x 6 columns]
[2025-11-14T02:06:21.079+0000] {logging_mixin.py:188} INFO - 
======================================================================
[2025-11-14T02:06:21.080+0000] {logging_mixin.py:188} INFO - VERIFICACIÓN: ENERO 2024
[2025-11-14T02:06:21.080+0000] {logging_mixin.py:188} INFO - ======================================================================
[2025-11-14T02:06:21.160+0000] {logging_mixin.py:188} INFO - Donantes únicos: 7465
[2025-11-14T02:06:21.161+0000] {logging_mixin.py:188} INFO - Donaciones exitosas: 5714
[2025-11-14T02:06:21.162+0000] {logging_mixin.py:188} INFO - Cobros fallidos: 1740
[2025-11-14T02:06:21.163+0000] {logging_mixin.py:188} INFO - Fugados sin donación (monto=NaN): 11
[2025-11-14T02:06:21.164+0000] {logging_mixin.py:188} INFO - Tasa de éxito: 76.54%
[2025-11-14T02:06:26.638+0000] {logging_mixin.py:188} INFO - 
Archivo guardado correctamente en: /opt/***/scripts/../layer/raw/datos_donantes_sinteticos.csv
[2025-11-14T02:06:27.198+0000] {python.py:237} INFO - Done. Returned value was: /opt/***/scripts/../layer/raw/datos_donantes_sinteticos.csv
[2025-11-14T02:06:27.201+0000] {taskinstance.py:441} INFO - ::group::Post task execution logs
[2025-11-14T02:06:27.337+0000] {taskinstance.py:1206} INFO - Marking task as SUCCESS. dag_id=etl_donaciones_dag, task_id=generar_datos_sinteticos, run_id=scheduled__2025-11-14T01:50:00+00:00, execution_date=20251114T015000, start_date=20251114T020552, end_date=20251114T020627
[2025-11-14T02:06:27.472+0000] {local_task_job_runner.py:243} INFO - Task exited with return code 0
[2025-11-14T02:06:27.646+0000] {taskinstance.py:3503} INFO - 0 downstream tasks scheduled from follow-on schedule check
[2025-11-14T02:06:27.659+0000] {local_task_job_runner.py:222} INFO - ::endgroup::
[2025-11-14T02:08:53.504+0000] {local_task_job_runner.py:120} INFO - ::group::Pre task execution logs
[2025-11-14T02:08:53.570+0000] {taskinstance.py:2076} INFO - Dependencies all met for dep_context=non-requeueable deps ti=<TaskInstance: etl_donaciones_dag.generar_datos_sinteticos scheduled__2025-11-14T01:50:00+00:00 [queued]>
[2025-11-14T02:08:53.598+0000] {taskinstance.py:2076} INFO - Dependencies all met for dep_context=requeueable deps ti=<TaskInstance: etl_donaciones_dag.generar_datos_sinteticos scheduled__2025-11-14T01:50:00+00:00 [queued]>
[2025-11-14T02:08:53.599+0000] {taskinstance.py:2306} INFO - Starting attempt 1 of 2
[2025-11-14T02:08:53.617+0000] {taskinstance.py:2330} INFO - Executing <Task(PythonOperator): generar_datos_sinteticos> on 2025-11-14 01:50:00+00:00
[2025-11-14T02:08:53.629+0000] {standard_task_runner.py:64} INFO - Started process 461 to run task
[2025-11-14T02:08:53.635+0000] {standard_task_runner.py:90} INFO - Running: ['***', 'tasks', 'run', 'etl_donaciones_dag', 'generar_datos_sinteticos', 'scheduled__2025-11-14T01:50:00+00:00', '--job-id', '63', '--raw', '--subdir', 'DAGS_FOLDER/etl_donaciones_dag.py', '--cfg-path', '/tmp/tmpkhu92uj_']
[2025-11-14T02:08:53.640+0000] {standard_task_runner.py:91} INFO - Job 63: Subtask generar_datos_sinteticos
[2025-11-14T02:08:53.829+0000] {task_command.py:426} INFO - Running <TaskInstance: etl_donaciones_dag.generar_datos_sinteticos scheduled__2025-11-14T01:50:00+00:00 [running]> on host 130331ed4780
[2025-11-14T02:08:54.002+0000] {taskinstance.py:2648} INFO - Exporting env vars: AIRFLOW_CTX_DAG_OWNER='german' AIRFLOW_CTX_DAG_ID='etl_donaciones_dag' AIRFLOW_CTX_TASK_ID='generar_datos_sinteticos' AIRFLOW_CTX_EXECUTION_DATE='2025-11-14T01:50:00+00:00' AIRFLOW_CTX_TRY_NUMBER='1' AIRFLOW_CTX_DAG_RUN_ID='scheduled__2025-11-14T01:50:00+00:00'
[2025-11-14T02:08:54.004+0000] {taskinstance.py:430} INFO - ::endgroup::
[2025-11-14T02:08:54.037+0000] {logging_mixin.py:188} INFO - Efectividad promedio ponderada: 78.24%
[2025-11-14T02:08:54.038+0000] {logging_mixin.py:188} INFO - 
Procesando 2023-06...
[2025-11-14T02:08:54.170+0000] {logging_mixin.py:188} INFO -   Activos al final del mes: 980
[2025-11-14T02:08:54.171+0000] {logging_mixin.py:188} INFO -   Fugados en este mes: 20
[2025-11-14T02:08:54.172+0000] {logging_mixin.py:188} INFO -   Total fugados acumulados: 20
[2025-11-14T02:08:54.172+0000] {logging_mixin.py:188} INFO - 
Procesando 2023-07...
[2025-11-14T02:08:54.273+0000] {logging_mixin.py:188} INFO -   Activos al final del mes: 1941
[2025-11-14T02:08:54.274+0000] {logging_mixin.py:188} INFO -   Fugados en este mes: 39
[2025-11-14T02:08:54.275+0000] {logging_mixin.py:188} INFO -   Total fugados acumulados: 59
[2025-11-14T02:08:54.275+0000] {logging_mixin.py:188} INFO - 
Procesando 2023-08...
[2025-11-14T02:08:54.426+0000] {logging_mixin.py:188} INFO -   Activos al final del mes: 2883
[2025-11-14T02:08:54.434+0000] {logging_mixin.py:188} INFO -   Fugados en este mes: 58
[2025-11-14T02:08:54.436+0000] {logging_mixin.py:188} INFO -   Total fugados acumulados: 117
[2025-11-14T02:08:54.438+0000] {logging_mixin.py:188} INFO - 
Procesando 2023-09...
[2025-11-14T02:08:54.586+0000] {logging_mixin.py:188} INFO -   Activos al final del mes: 3806
[2025-11-14T02:08:54.586+0000] {logging_mixin.py:188} INFO -   Fugados en este mes: 77
[2025-11-14T02:08:54.587+0000] {logging_mixin.py:188} INFO -   Total fugados acumulados: 194
[2025-11-14T02:08:54.588+0000] {logging_mixin.py:188} INFO - 
Procesando 2023-10...
[2025-11-14T02:08:54.727+0000] {logging_mixin.py:188} INFO -   Activos al final del mes: 4710
[2025-11-14T02:08:54.728+0000] {logging_mixin.py:188} INFO -   Fugados en este mes: 96
[2025-11-14T02:08:54.729+0000] {logging_mixin.py:188} INFO -   Total fugados acumulados: 290
[2025-11-14T02:08:54.730+0000] {logging_mixin.py:188} INFO - 
Procesando 2023-11...
[2025-11-14T02:08:54.926+0000] {logging_mixin.py:188} INFO -   Activos al final del mes: 5596
[2025-11-14T02:08:54.927+0000] {logging_mixin.py:188} INFO -   Fugados en este mes: 114
[2025-11-14T02:08:54.928+0000] {logging_mixin.py:188} INFO -   Total fugados acumulados: 404
[2025-11-14T02:08:54.928+0000] {logging_mixin.py:188} INFO - 
Procesando 2023-12...
[2025-11-14T02:08:55.158+0000] {logging_mixin.py:188} INFO -   Activos al final del mes: 6465
[2025-11-14T02:08:55.159+0000] {logging_mixin.py:188} INFO -   Fugados en este mes: 131
[2025-11-14T02:08:55.159+0000] {logging_mixin.py:188} INFO -   Total fugados acumulados: 535
[2025-11-14T02:08:55.160+0000] {logging_mixin.py:188} INFO - 
Procesando 2024-01...
[2025-11-14T02:08:55.378+0000] {logging_mixin.py:188} INFO -   Activos al final del mes: 7316
[2025-11-14T02:08:55.378+0000] {logging_mixin.py:188} INFO -   Fugados en este mes: 149
[2025-11-14T02:08:55.383+0000] {logging_mixin.py:188} INFO -   Total fugados acumulados: 684
[2025-11-14T02:08:55.384+0000] {logging_mixin.py:188} INFO - 
Procesando 2024-02...
[2025-11-14T02:08:55.729+0000] {logging_mixin.py:188} INFO -   Activos al final del mes: 8150
[2025-11-14T02:08:55.731+0000] {logging_mixin.py:188} INFO -   Fugados en este mes: 166
[2025-11-14T02:08:55.732+0000] {logging_mixin.py:188} INFO -   Total fugados acumulados: 850
[2025-11-14T02:08:55.734+0000] {logging_mixin.py:188} INFO - 
Procesando 2024-03...
[2025-11-14T02:08:56.249+0000] {logging_mixin.py:188} INFO -   Activos al final del mes: 8967
[2025-11-14T02:08:56.250+0000] {logging_mixin.py:188} INFO -   Fugados en este mes: 183
[2025-11-14T02:08:56.251+0000] {logging_mixin.py:188} INFO -   Total fugados acumulados: 1033
[2025-11-14T02:08:56.252+0000] {logging_mixin.py:188} INFO - 
Procesando 2024-04...
[2025-11-14T02:08:56.611+0000] {logging_mixin.py:188} INFO -   Activos al final del mes: 9768
[2025-11-14T02:08:56.613+0000] {logging_mixin.py:188} INFO -   Fugados en este mes: 199
[2025-11-14T02:08:56.616+0000] {logging_mixin.py:188} INFO -   Total fugados acumulados: 1232
[2025-11-14T02:08:56.616+0000] {logging_mixin.py:188} INFO - 
Procesando 2024-05...
[2025-11-14T02:08:56.991+0000] {logging_mixin.py:188} INFO -   Activos al final del mes: 10553
[2025-11-14T02:08:56.994+0000] {logging_mixin.py:188} INFO -   Fugados en este mes: 215
[2025-11-14T02:08:56.995+0000] {logging_mixin.py:188} INFO -   Total fugados acumulados: 1447
[2025-11-14T02:08:56.997+0000] {logging_mixin.py:188} INFO - 
Procesando 2024-06...
[2025-11-14T02:08:57.382+0000] {logging_mixin.py:188} INFO -   Activos al final del mes: 11322
[2025-11-14T02:08:57.383+0000] {logging_mixin.py:188} INFO -   Fugados en este mes: 231
[2025-11-14T02:08:57.384+0000] {logging_mixin.py:188} INFO -   Total fugados acumulados: 1678
[2025-11-14T02:08:57.384+0000] {logging_mixin.py:188} INFO - 
Procesando 2024-07...
[2025-11-14T02:08:57.957+0000] {logging_mixin.py:188} INFO -   Activos al final del mes: 12076
[2025-11-14T02:08:57.958+0000] {logging_mixin.py:188} INFO -   Fugados en este mes: 246
[2025-11-14T02:08:57.959+0000] {logging_mixin.py:188} INFO -   Total fugados acumulados: 1924
[2025-11-14T02:08:57.960+0000] {logging_mixin.py:188} INFO - 
Procesando 2024-08...
[2025-11-14T02:08:58.674+0000] {logging_mixin.py:188} INFO -   Activos al final del mes: 12815
[2025-11-14T02:08:58.676+0000] {logging_mixin.py:188} INFO -   Fugados en este mes: 261
[2025-11-14T02:08:58.677+0000] {logging_mixin.py:188} INFO -   Total fugados acumulados: 2185
[2025-11-14T02:08:58.679+0000] {logging_mixin.py:188} INFO - 
Procesando 2024-09...
[2025-11-14T02:08:59.214+0000] {logging_mixin.py:188} INFO -   Activos al final del mes: 13539
[2025-11-14T02:08:59.216+0000] {logging_mixin.py:188} INFO -   Fugados en este mes: 276
[2025-11-14T02:08:59.216+0000] {logging_mixin.py:188} INFO -   Total fugados acumulados: 2461
[2025-11-14T02:08:59.217+0000] {logging_mixin.py:188} INFO - 
Procesando 2024-10...
[2025-11-14T02:08:59.733+0000] {logging_mixin.py:188} INFO -   Activos al final del mes: 14249
[2025-11-14T02:08:59.734+0000] {logging_mixin.py:188} INFO -   Fugados en este mes: 290
[2025-11-14T02:08:59.735+0000] {logging_mixin.py:188} INFO -   Total fugados acumulados: 2751
[2025-11-14T02:08:59.735+0000] {logging_mixin.py:188} INFO - 
Procesando 2024-11...
[2025-11-14T02:09:00.145+0000] {logging_mixin.py:188} INFO -   Activos al final del mes: 14945
[2025-11-14T02:09:00.146+0000] {logging_mixin.py:188} INFO -   Fugados en este mes: 304
[2025-11-14T02:09:00.147+0000] {logging_mixin.py:188} INFO -   Total fugados acumulados: 3055
[2025-11-14T02:09:00.148+0000] {logging_mixin.py:188} INFO - 
Procesando 2024-12...
[2025-11-14T02:09:00.448+0000] {logging_mixin.py:188} INFO -   Activos al final del mes: 15627
[2025-11-14T02:09:00.449+0000] {logging_mixin.py:188} INFO -   Fugados en este mes: 318
[2025-11-14T02:09:00.449+0000] {logging_mixin.py:188} INFO -   Total fugados acumulados: 3373
[2025-11-14T02:09:00.450+0000] {logging_mixin.py:188} INFO - 
Procesando 2025-01...
[2025-11-14T02:09:01.014+0000] {logging_mixin.py:188} INFO -   Activos al final del mes: 16295
[2025-11-14T02:09:01.015+0000] {logging_mixin.py:188} INFO -   Fugados en este mes: 332
[2025-11-14T02:09:01.016+0000] {logging_mixin.py:188} INFO -   Total fugados acumulados: 3705
[2025-11-14T02:09:01.017+0000] {logging_mixin.py:188} INFO - 
Procesando 2025-02...
[2025-11-14T02:09:01.393+0000] {logging_mixin.py:188} INFO -   Activos al final del mes: 16950
[2025-11-14T02:09:01.394+0000] {logging_mixin.py:188} INFO -   Fugados en este mes: 345
[2025-11-14T02:09:01.395+0000] {logging_mixin.py:188} INFO -   Total fugados acumulados: 4050
[2025-11-14T02:09:01.396+0000] {logging_mixin.py:188} INFO - 
Procesando 2025-03...
[2025-11-14T02:09:02.279+0000] {logging_mixin.py:188} INFO -   Activos al final del mes: 17591
[2025-11-14T02:09:02.280+0000] {logging_mixin.py:188} INFO -   Fugados en este mes: 359
[2025-11-14T02:09:02.281+0000] {logging_mixin.py:188} INFO -   Total fugados acumulados: 4409
[2025-11-14T02:09:02.281+0000] {logging_mixin.py:188} INFO - 
Procesando 2025-04...
[2025-11-14T02:09:02.868+0000] {logging_mixin.py:188} INFO -   Activos al final del mes: 18220
[2025-11-14T02:09:02.868+0000] {logging_mixin.py:188} INFO -   Fugados en este mes: 371
[2025-11-14T02:09:02.869+0000] {logging_mixin.py:188} INFO -   Total fugados acumulados: 4780
[2025-11-14T02:09:02.870+0000] {logging_mixin.py:188} INFO - 
Procesando 2025-05...
[2025-11-14T02:09:03.572+0000] {logging_mixin.py:188} INFO -   Activos al final del mes: 18836
[2025-11-14T02:09:03.573+0000] {logging_mixin.py:188} INFO -   Fugados en este mes: 384
[2025-11-14T02:09:03.574+0000] {logging_mixin.py:188} INFO -   Total fugados acumulados: 5164
[2025-11-14T02:09:05.944+0000] {logging_mixin.py:188} INFO - 
======================================================================
[2025-11-14T02:09:05.945+0000] {logging_mixin.py:188} INFO - RESUMEN DE DATOS GENERADOS
[2025-11-14T02:09:05.945+0000] {logging_mixin.py:188} INFO - ======================================================================
[2025-11-14T02:09:05.946+0000] {logging_mixin.py:188} INFO - Total de registros: 258,764
[2025-11-14T02:09:05.965+0000] {logging_mixin.py:188} INFO - Socios únicos totales: 24,000
[2025-11-14T02:09:05.966+0000] {logging_mixin.py:188} INFO - Socios activos al final: 18,836
[2025-11-14T02:09:05.967+0000] {logging_mixin.py:188} INFO - Socios fugados totales: 5,164
[2025-11-14T02:09:05.967+0000] {logging_mixin.py:188} INFO - 
Distribución por Método de Pago:
[2025-11-14T02:09:05.979+0000] {logging_mixin.py:188} INFO - Cuenta Rut          14496
Cuenta Vista         4273
Cuenta Corriente     2891
Tarjeta Crédito      2340
Name: count, dtype: int64
[2025-11-14T02:09:05.980+0000] {logging_mixin.py:188} INFO - 
Porcentajes:
[2025-11-14T02:09:05.983+0000] {logging_mixin.py:188} INFO - Cuenta Rut          60.40
Cuenta Vista        17.80
Cuenta Corriente    12.05
Tarjeta Crédito      9.75
Name: count, dtype: float64
[2025-11-14T02:09:05.984+0000] {logging_mixin.py:188} INFO - 
Distribución por Estrategia:
[2025-11-14T02:09:05.992+0000] {logging_mixin.py:188} INFO - Face to Face     19193
Telemarketing     4807
Name: count, dtype: int64
[2025-11-14T02:09:05.994+0000] {logging_mixin.py:188} INFO - 
Porcentajes:
[2025-11-14T02:09:05.995+0000] {logging_mixin.py:188} INFO - Face to Face     79.97
Telemarketing    20.03
Name: count, dtype: float64
[2025-11-14T02:09:06.028+0000] {logging_mixin.py:188} INFO - 
Análisis de Fugados:
[2025-11-14T02:09:06.030+0000] {logging_mixin.py:188} INFO - Fugados que NUNCA donaron: 5164 (100.0%)
[2025-11-14T02:09:06.030+0000] {logging_mixin.py:188} INFO - Fugados que SÍ donaron: 0 (0.0%)
[2025-11-14T02:09:06.031+0000] {logging_mixin.py:188} INFO - 
======================================================================
[2025-11-14T02:09:06.031+0000] {logging_mixin.py:188} INFO - RESUMEN POR MES
[2025-11-14T02:09:06.032+0000] {logging_mixin.py:188} INFO - ======================================================================
[2025-11-14T02:09:06.326+0000] {logging_mixin.py:188} INFO -                   Total_Donaciones  ...  Tasa_Exito_%
Año_Mes_Donacion                    ...              
2023-06                  8113000.0  ...         77.40
2023-07                 15877000.0  ...         77.07
2023-08                 22843000.0  ...         75.79
2023-09                 30346000.0  ...         76.20
2023-10                 37297000.0  ...         75.36
2023-11                 44653000.0  ...         75.90
2023-12                 51488000.0  ...         76.59
2024-01                 58333000.0  ...         76.54
2024-02                 65224000.0  ...         76.97
2024-03                 70689000.0  ...         75.65
2024-04                 77982000.0  ...         76.45
2024-05                 84587000.0  ...         76.58
2024-06                 90410000.0  ...         76.40
2024-07                 96728000.0  ...         76.50
2024-08                102915000.0  ...         76.57
2024-09                108714000.0  ...         76.58
2024-10                115140000.0  ...         77.05
2024-11                119082000.0  ...         76.01
2024-12                124919000.0  ...         76.32
2025-01                131176000.0  ...         76.75
2025-02                135912000.0  ...         76.50
2025-03                141598000.0  ...         76.95
2025-04                145729000.0  ...         76.39
2025-05                150954000.0  ...         76.44

[24 rows x 6 columns]
[2025-11-14T02:09:06.327+0000] {logging_mixin.py:188} INFO - 
======================================================================
[2025-11-14T02:09:06.328+0000] {logging_mixin.py:188} INFO - VERIFICACIÓN: ENERO 2024
[2025-11-14T02:09:06.328+0000] {logging_mixin.py:188} INFO - ======================================================================
[2025-11-14T02:09:06.360+0000] {logging_mixin.py:188} INFO - Donantes únicos: 7465
[2025-11-14T02:09:06.362+0000] {logging_mixin.py:188} INFO - Donaciones exitosas: 5714
[2025-11-14T02:09:06.363+0000] {logging_mixin.py:188} INFO - Cobros fallidos: 1740
[2025-11-14T02:09:06.363+0000] {logging_mixin.py:188} INFO - Fugados sin donación (monto=NaN): 11
[2025-11-14T02:09:06.364+0000] {logging_mixin.py:188} INFO - Tasa de éxito: 76.54%
[2025-11-14T02:09:10.644+0000] {logging_mixin.py:188} INFO - 
Archivo guardado correctamente en: /opt/***/scripts/../layer/raw/datos_donantes_sinteticos.csv
[2025-11-14T02:09:10.902+0000] {python.py:237} INFO - Done. Returned value was: /opt/***/scripts/../layer/raw/datos_donantes_sinteticos.csv
[2025-11-14T02:09:10.905+0000] {taskinstance.py:441} INFO - ::group::Post task execution logs
[2025-11-14T02:09:10.981+0000] {taskinstance.py:1206} INFO - Marking task as SUCCESS. dag_id=etl_donaciones_dag, task_id=generar_datos_sinteticos, run_id=scheduled__2025-11-14T01:50:00+00:00, execution_date=20251114T015000, start_date=20251114T020853, end_date=20251114T020910
[2025-11-14T02:09:11.059+0000] {local_task_job_runner.py:243} INFO - Task exited with return code 0
[2025-11-14T02:09:11.101+0000] {taskinstance.py:3503} INFO - 1 downstream tasks scheduled from follow-on schedule check
[2025-11-14T02:09:11.122+0000] {local_task_job_runner.py:222} INFO - ::endgroup::
