[2025-11-13T21:20:27.934+0000] {local_task_job_runner.py:120} INFO - ::group::Pre task execution logs
[2025-11-13T21:20:27.987+0000] {taskinstance.py:2076} INFO - Dependencies all met for dep_context=non-requeueable deps ti=<TaskInstance: etl_donaciones_dag.procesar_gold scheduled__2025-11-13T21:10:00+00:00 [queued]>
[2025-11-13T21:20:28.001+0000] {taskinstance.py:2076} INFO - Dependencies all met for dep_context=requeueable deps ti=<TaskInstance: etl_donaciones_dag.procesar_gold scheduled__2025-11-13T21:10:00+00:00 [queued]>
[2025-11-13T21:20:28.002+0000] {taskinstance.py:2306} INFO - Starting attempt 1 of 2
[2025-11-13T21:20:28.022+0000] {taskinstance.py:2330} INFO - Executing <Task(PythonOperator): procesar_gold> on 2025-11-13 21:10:00+00:00
[2025-11-13T21:20:28.035+0000] {standard_task_runner.py:64} INFO - Started process 2102 to run task
[2025-11-13T21:20:28.039+0000] {standard_task_runner.py:90} INFO - Running: ['***', 'tasks', 'run', 'etl_donaciones_dag', 'procesar_gold', 'scheduled__2025-11-13T21:10:00+00:00', '--job-id', '53', '--raw', '--subdir', 'DAGS_FOLDER/etl_donaciones_dag.py', '--cfg-path', '/tmp/tmpuu6ng1nb']
[2025-11-13T21:20:28.042+0000] {standard_task_runner.py:91} INFO - Job 53: Subtask procesar_gold
[2025-11-13T21:20:28.125+0000] {task_command.py:426} INFO - Running <TaskInstance: etl_donaciones_dag.procesar_gold scheduled__2025-11-13T21:10:00+00:00 [running]> on host b9eedff8ec6c
[2025-11-13T21:20:28.268+0000] {taskinstance.py:2648} INFO - Exporting env vars: AIRFLOW_CTX_DAG_OWNER='german' AIRFLOW_CTX_DAG_ID='etl_donaciones_dag' AIRFLOW_CTX_TASK_ID='procesar_gold' AIRFLOW_CTX_EXECUTION_DATE='2025-11-13T21:10:00+00:00' AIRFLOW_CTX_TRY_NUMBER='1' AIRFLOW_CTX_DAG_RUN_ID='scheduled__2025-11-13T21:10:00+00:00'
[2025-11-13T21:20:28.270+0000] {taskinstance.py:430} INFO - ::endgroup::
[2025-11-13T21:20:28.290+0000] {logging_mixin.py:188} INFO - ✓ Archivo encontrado en Silver: /opt/***/scripts/../layer/silver/donantes_silver.parquet
[2025-11-13T21:20:28.373+0000] {logging_mixin.py:188} INFO - ✓ Archivo leído correctamente. Registros cargados: 18000
[2025-11-13T21:20:37.158+0000] {logging_mixin.py:188} INFO - ✓ Datos Gold guardados en: /opt/***/scripts/../layer/gold
[2025-11-13T21:20:37.165+0000] {logging_mixin.py:188} INFO - ✓ Archivo indicador creado: /opt/***/scripts/../layer/gold/donantes_gold.py
[2025-11-13T21:20:37.166+0000] {logging_mixin.py:188} INFO - ✅ Proceso Gold finalizado correctamente.
[2025-11-13T21:20:37.166+0000] {logging_mixin.py:188} INFO - 📊 Resumen de resultados guardados:
[2025-11-13T21:20:37.167+0000] {logging_mixin.py:188} INFO -    - Total meses procesados: 18
[2025-11-13T21:20:37.168+0000] {logging_mixin.py:188} INFO -    - Monto total acumulado: $1,001,987,000
[2025-11-13T21:20:37.169+0000] {logging_mixin.py:188} INFO -    - Total transacciones: 117268
[2025-11-13T21:20:37.169+0000] {logging_mixin.py:188} INFO -    - Archivos generados:
[2025-11-13T21:20:37.170+0000] {logging_mixin.py:188} INFO -      • /opt/***/scripts/../layer/gold/suma_montos_gold.parquet
[2025-11-13T21:20:37.171+0000] {logging_mixin.py:188} INFO -      • /opt/***/scripts/../layer/gold/cantidad_personas_gold.parquet
[2025-11-13T21:20:37.188+0000] {python.py:237} INFO - Done. Returned value was: None
[2025-11-13T21:20:37.190+0000] {taskinstance.py:441} INFO - ::group::Post task execution logs
[2025-11-13T21:20:37.209+0000] {taskinstance.py:1206} INFO - Marking task as SUCCESS. dag_id=etl_donaciones_dag, task_id=procesar_gold, run_id=scheduled__2025-11-13T21:10:00+00:00, execution_date=20251113T211000, start_date=20251113T212027, end_date=20251113T212037
[2025-11-13T21:20:37.275+0000] {local_task_job_runner.py:243} INFO - Task exited with return code 0
[2025-11-13T21:20:37.309+0000] {taskinstance.py:3503} INFO - 0 downstream tasks scheduled from follow-on schedule check
[2025-11-13T21:20:37.313+0000] {local_task_job_runner.py:222} INFO - ::endgroup::
